orch compiler:
21 lines read
	instr	1	
orch now loaded
audio buffered in 1024 sample-frame blocks
SFDIR undefined.  using current directory
writing 4096-byte blks of shorts to durations.wav
 (WAV)
SECTION 1:
ftable 1:
new alloc for instr 1:
B  0.000 ..  0.016 T  0.016 TT  0.016 M:      1.2      7.5
new alloc for instr 1:
B  0.016 ..  0.050 T  0.050 TT  0.050 M:      9.3     32.0
new alloc for instr 1:
B  0.050 ..  0.104 T  0.104 TT  0.104 M:     32.6     70.4
new alloc for instr 1:
B  0.104 ..  0.148 T  0.148 TT  0.148 M:     77.2    100.0
new alloc for instr 1:
B  0.148 ..  0.172 T  0.172 TT  0.172 M:     61.9     96.0
new alloc for instr 1:
B  0.172 ..  0.184 T  0.184 TT  0.184 M:     89.1     82.2
new alloc for instr 1:
B  0.184 ..  0.226 T  0.226 TT  0.226 M:    174.0    209.9
new alloc for instr 1:
B  0.226 ..  0.257 T  0.257 TT  0.257 M:    425.8    402.5
new alloc for instr 1:
B  0.257 ..  0.350 T  0.350 TT  0.350 M:    890.7    705.1
new alloc for instr 1:
B  0.350 ..  0.363 T  0.363 TT  0.363 M:   1012.1    696.3
new alloc for instr 1:
B  0.363 ..  0.408 T  0.408 TT  0.408 M:    890.8    815.9
new alloc for instr 1:
B  0.408 ..  0.483 T  0.483 TT  0.483 M:   1210.9   1090.2
new alloc for instr 1:
B  0.483 ..  0.552 T  0.552 TT  0.552 M:   1412.9   1234.2
new alloc for instr 1:
B  0.552 ..  0.644 T  0.644 TT  0.644 M:   1943.1   1871.0
new alloc for instr 1:
B  0.644 ..  0.645 T  0.645 TT  0.645 M:    508.2   1008.5
new alloc for instr 1:
B  0.645 ..  0.660 T  0.660 TT  0.660 M:   1120.4   1520.6
new alloc for instr 1:
B  0.660 ..  0.745 T  0.745 TT  0.745 M:   1735.9   1910.2
new alloc for instr 1:
B  0.745 ..  0.818 T  0.818 TT  0.818 M:   2001.6   2310.0
new alloc for instr 1:
B  0.818 ..  0.901 T  0.901 TT  0.901 M:   2247.3   2808.4
new alloc for instr 1:
B  0.901 ..  0.961 T  0.961 TT  0.961 M:   1893.3   2274.6
new alloc for instr 1:
B  0.961 ..  1.039 T  1.039 TT  1.039 M:   3868.8   3397.7
new alloc for instr 1:
B  1.039 ..  1.062 T  1.062 TT  1.062 M:   3733.9   2804.4
new alloc for instr 1:
B  1.062 ..  1.130 T  1.130 TT  1.130 M:   4081.0   4258.7
new alloc for instr 1:
B  1.130 ..  1.219 T  1.219 TT  1.219 M:   3185.5   3216.3
new alloc for instr 1:
B  1.219 ..  1.286 T  1.286 TT  1.286 M:   3951.5   3482.2
new alloc for instr 1:
B  1.286 ..  1.370 T  1.370 TT  1.370 M:   4473.0   4688.2
new alloc for instr 1:
B  1.370 ..  1.410 T  1.410 TT  1.410 M:   3691.6   3558.3
new alloc for instr 1:
B  1.410 ..  1.427 T  1.427 TT  1.427 M:   2721.3   2104.9
new alloc for instr 1:
B  1.427 ..  1.455 T  1.455 TT  1.455 M:   2355.8   3057.2
new alloc for instr 1:
B  1.455 ..  1.528 T  1.528 TT  1.528 M:   3045.5   3161.8
new alloc for instr 1:
B  1.528 ..  1.531 T  1.531 TT  1.531 M:    947.4   1253.2
new alloc for instr 1:
B  1.531 ..  1.580 T  1.580 TT  1.580 M:   3172.0   2960.3
new alloc for instr 1:
B  1.580 ..  1.626 T  1.626 TT  1.626 M:   3019.3   2680.6
new alloc for instr 1:
B  1.626 ..  1.670 T  1.670 TT  1.670 M:   3946.2   3087.5
new alloc for instr 1:
B  1.670 ..  1.743 T  1.743 TT  1.743 M:   3450.9   3508.9
new alloc for instr 1:
B  1.743 ..  1.780 T  1.780 TT  1.780 M:   3625.7   3524.2
new alloc for instr 1:
B  1.780 ..  1.783 T  1.783 TT  1.783 M:   1932.4   3346.5
new alloc for instr 1:
B  1.783 ..  1.857 T  1.857 TT  1.857 M:   3455.9   3603.7
new alloc for instr 1:
B  1.857 ..  1.934 T  1.934 TT  1.934 M:   4079.1   4049.5
new alloc for instr 1:
B  1.934 ..  1.970 T  1.970 TT  1.970 M:   3623.7   3314.1
new alloc for instr 1:
B  1.970 ..  1.992 T  1.992 TT  1.992 M:   2966.8   3629.8
new alloc for instr 1:
B  1.992 ..  2.022 T  2.022 TT  2.022 M:   5667.2   5390.7
new alloc for instr 1:
B  2.022 ..  2.084 T  2.084 TT  2.084 M:   5109.9   3883.1
new alloc for instr 1:
B  2.084 ..  2.138 T  2.138 TT  2.138 M:   5086.8   5345.8
new alloc for instr 1:
B  2.138 ..  2.209 T  2.209 TT  2.209 M:   4381.7   4627.8
new alloc for instr 1:
B  2.209 ..  2.252 T  2.252 TT  2.252 M:   5154.4   4789.1
new alloc for instr 1:
B  2.252 ..  2.318 T  2.318 TT  2.318 M:   4876.7   5325.8
B  2.318 ..  2.340 T  2.340 TT  2.340 M:   5096.2   4772.2
B  2.340 ..  2.382 T  2.382 TT  2.382 M:   4405.7   4448.8
new alloc for instr 1:
B  2.382 ..  2.398 T  2.398 TT  2.398 M:   4728.6   5426.6
new alloc for instr 1:
B  2.398 ..  2.424 T  2.424 TT  2.424 M:   4360.8   5536.6
B  2.424 ..  2.461 T  2.461 TT  2.461 M:   4441.8   6909.6
B  2.461 ..  2.520 T  2.520 TT  2.520 M:   4248.4   5731.6
new alloc for instr 1:
B  2.520 ..  2.550 T  2.550 TT  2.550 M:   2935.2   3706.4
new alloc for instr 1:
B  2.550 ..  2.636 T  2.636 TT  2.636 M:   5122.3   5910.8
new alloc for instr 1:
B  2.636 ..  2.707 T  2.707 TT  2.707 M:   3455.0   4825.6
new alloc for instr 1:
B  2.707 ..  2.763 T  2.763 TT  2.763 M:   4400.1   5340.7
new alloc for instr 1:
B  2.763 ..  2.781 T  2.781 TT  2.781 M:   3128.4   5019.6
new alloc for instr 1:
B  2.781 ..  2.789 T  2.789 TT  2.789 M:   3809.5   4169.1
new alloc for instr 1:
B  2.789 ..  2.878 T  2.878 TT  2.878 M:   4854.7   5259.9
new alloc for instr 1:
B  2.878 ..  2.947 T  2.947 TT  2.947 M:   5086.5   7071.8
new alloc for instr 1:
B  2.947 ..  2.999 T  2.999 TT  2.999 M:   5682.4   6096.1
new alloc for instr 1:
B  2.999 ..  3.045 T  3.045 TT  3.045 M:   6272.4   6467.6
new alloc for instr 1:
B  3.045 ..  3.128 T  3.128 TT  3.128 M:   5847.2   6762.5
new alloc for instr 1:
B  3.128 ..  3.132 T  3.132 TT  3.132 M:   4516.6   5170.0
new alloc for instr 1:
B  3.132 ..  3.229 T  3.229 TT  3.229 M:   6235.1   6788.5
new alloc for instr 1:
B  3.229 ..  3.229 T  3.229 TT  3.229 M:   1581.4   3057.0
new alloc for instr 1:
B  3.229 ..  3.322 T  3.322 TT  3.322 M:   5411.9   5931.4
new alloc for instr 1:
B  3.322 ..  3.334 T  3.334 TT  3.334 M:   4032.9   3736.2
new alloc for instr 1:
B  3.334 ..  3.339 T  3.339 TT  3.339 M:   4554.8   5288.2
new alloc for instr 1:
B  3.339 ..  3.394 T  3.394 TT  3.394 M:   6112.4   6277.9
new alloc for instr 1:
B  3.394 ..  3.396 T  3.396 TT  3.396 M:   2489.0   3155.7
B  3.396 ..  3.429 T  3.429 TT  3.429 M:   5969.7   6028.0
B  3.429 ..  3.487 T  3.487 TT  3.487 M:   7039.7   6309.7
new alloc for instr 1:
B  3.487 ..  3.545 T  3.545 TT  3.545 M:   6477.9   5923.6
new alloc for instr 1:
B  3.545 ..  3.563 T  3.563 TT  3.563 M:   6753.6   7168.3
new alloc for instr 1:
B  3.563 ..  3.623 T  3.623 TT  3.623 M:   6470.3   6065.7
new alloc for instr 1:
B  3.623 ..  3.625 T  3.625 TT  3.625 M:   6405.3   6408.4
new alloc for instr 1:
B  3.625 ..  3.657 T  3.657 TT  3.657 M:   8034.6   6551.4
new alloc for instr 1:
B  3.657 ..  3.718 T  3.718 TT  3.718 M:   6761.7   6536.3
new alloc for instr 1:
B  3.718 ..  3.804 T  3.804 TT  3.804 M:   8960.1   8569.3
new alloc for instr 1:
B  3.804 ..  3.869 T  3.869 TT  3.869 M:   7666.9   5918.7
new alloc for instr 1:
B  3.869 ..  3.927 T  3.927 TT  3.927 M:   6449.1   6400.4
new alloc for instr 1:
B  3.927 ..  3.932 T  3.932 TT  3.932 M:   7220.8   6672.5
new alloc for instr 1:
B  3.932 ..  3.998 T  3.998 TT  3.998 M:   5767.9   6348.9
new alloc for instr 1:
B  3.998 ..  4.040 T  4.040 TT  4.040 M:   5394.5   5880.7
new alloc for instr 1:
B  4.040 ..  4.114 T  4.114 TT  4.114 M:   6787.9   8792.9
B  4.114 ..  4.134 T  4.134 TT  4.134 M:   6247.5   7872.7
B  4.134 ..  4.231 T  4.231 TT  4.231 M:   7537.6   7050.9
new alloc for instr 1:
B  4.231 ..  4.233 T  4.233 TT  4.233 M:   5790.2   5165.5
new alloc for instr 1:
B  4.233 ..  4.268 T  4.268 TT  4.268 M:   7133.4   7676.9
new alloc for instr 1:
B  4.268 ..  4.341 T  4.341 TT  4.341 M:   6944.4   7287.1
new alloc for instr 1:
B  4.341 ..  4.419 T  4.419 TT  4.419 M:   7622.2   8296.6
new alloc for instr 1:
B  4.419 ..  4.484 T  4.484 TT  4.484 M:   7646.0   6463.4
B  4.484 ..  4.507 T  4.507 TT  4.507 M:   7255.3   7800.6
B  4.507 ..  4.569 T  4.569 TT  4.569 M:   6938.3   7379.6
B  4.569 ..  4.592 T  4.592 TT  4.592 M:   7408.5   6900.1
B  4.592 ..  4.690 T  4.690 TT  4.690 M:   8497.1   7432.3
new alloc for instr 1:
B  4.690 ..  4.770 T  4.770 TT  4.770 M:   8182.8   7803.3
new alloc for instr 1:
B  4.770 ..  4.813 T  4.813 TT  4.813 M:   7775.5   7060.9
new alloc for instr 1:
B  4.813 ..  4.868 T  4.868 TT  4.868 M:   7571.2   6309.9
new alloc for instr 1:
B  4.868 ..  4.911 T  4.911 TT  4.911 M:   7042.1   7520.2
new alloc for instr 1:
B  4.911 ..  4.948 T  4.948 TT  4.948 M:   8833.1   8679.8
B  4.948 ..  4.952 T  4.952 TT  4.952 M:   5159.6   4208.8
B  4.952 ..  5.030 T  5.030 TT  5.030 M:   7084.0   7692.2
new alloc for instr 1:
B  5.030 ..  5.098 T  5.098 TT  5.098 M:   8372.9   7867.7
new alloc for instr 1:
B  5.098 ..  5.121 T  5.121 TT  5.121 M:   7734.2   7435.3
new alloc for instr 1:
B  5.121 ..  5.130 T  5.130 TT  5.130 M:   8431.9  10066.2
new alloc for instr 1:
B  5.130 ..  5.216 T  5.216 TT  5.216 M:   8677.4   8369.9
new alloc for instr 1:
B  5.216 ..  5.280 T  5.280 TT  5.280 M:   7781.0   6990.9
new alloc for instr 1:
B  5.280 ..  5.320 T  5.320 TT  5.320 M:   7564.4   8209.6
new alloc for instr 1:
B  5.320 ..  5.389 T  5.389 TT  5.389 M:   8693.3  11435.4
new alloc for instr 1:
B  5.389 ..  5.394 T  5.394 TT  5.394 M:   5985.8   5578.3
new alloc for instr 1:
B  5.394 ..  5.428 T  5.428 TT  5.428 M:   9107.3   8056.5
new alloc for instr 1:
B  5.428 ..  5.448 T  5.448 TT  5.448 M:   8705.3   9261.7
new alloc for instr 1:
B  5.448 ..  5.462 T  5.462 TT  5.462 M:   6137.6   7936.2
new alloc for instr 1:
B  5.462 ..  5.498 T  5.498 TT  5.498 M:   8425.6   7335.1
new alloc for instr 1:
B  5.498 ..  5.533 T  5.533 TT  5.533 M:   6846.3   7209.6
B  5.533 ..  5.575 T  5.575 TT  5.575 M:   8422.3   7596.5
B  5.575 ..  5.628 T  5.628 TT  5.628 M:   9560.2   7395.1
new alloc for instr 1:
B  5.628 ..  5.678 T  5.678 TT  5.678 M:   8655.5   7913.5
B  5.678 ..  5.689 T  5.689 TT  5.689 M:   9461.1   8600.6
B  5.689 ..  5.720 T  5.720 TT  5.720 M:   8222.0   9036.8
B  5.720 ..  5.768 T  5.768 TT  5.768 M:   6634.9   7897.1
B  5.768 ..  5.789 T  5.789 TT  5.789 M:   7839.4   8577.3
new alloc for instr 1:
B  5.789 ..  5.841 T  5.841 TT  5.841 M:   8882.3   9911.9
new alloc for instr 1:
B  5.841 ..  5.883 T  5.883 TT  5.883 M:   7031.7   7966.5
new alloc for instr 1:
B  5.883 ..  5.936 T  5.936 TT  5.936 M:   7104.1   8298.8
new alloc for instr 1:
B  5.936 ..  5.999 T  5.999 TT  5.999 M:   7982.9   8678.2
new alloc for instr 1:
B  5.999 ..  6.006 T  6.006 TT  6.006 M:   9024.3   6083.7
new alloc for instr 1:
B  6.006 ..  6.058 T  6.058 TT  6.058 M:   8488.8   7587.3
new alloc for instr 1:
B  6.058 ..  6.083 T  6.083 TT  6.083 M:   9142.7   8886.4
B  6.083 ..  6.091 T  6.091 TT  6.091 M:   7718.4   7181.5
B  6.091 ..  6.164 T  6.164 TT  6.164 M:   9868.0   9518.9
new alloc for instr 1:
B  6.164 ..  6.206 T  6.206 TT  6.206 M:  10376.3  11705.1
new alloc for instr 1:
B  6.206 ..  6.266 T  6.266 TT  6.266 M:  10043.3  10167.7
new alloc for instr 1:
B  6.266 ..  6.356 T  6.356 TT  6.356 M:  11856.3  10290.5
new alloc for instr 1:
B  6.356 ..  6.364 T  6.364 TT  6.364 M:   6389.2   8033.9
new alloc for instr 1:
B  6.364 ..  6.444 T  6.444 TT  6.444 M:   8130.8   7972.1
new alloc for instr 1:
B  6.444 ..  6.487 T  6.487 TT  6.487 M:   8745.6   8243.4
new alloc for instr 1:
B  6.487 ..  6.529 T  6.529 TT  6.529 M:   8437.2  10531.0
new alloc for instr 1:
B  6.529 ..  6.626 T  6.626 TT  6.626 M:  10622.8   8708.8
new alloc for instr 1:
B  6.626 ..  6.687 T  6.687 TT  6.687 M:   9850.7   8492.9
B  6.687 ..  6.696 T  6.696 TT  6.696 M:   8776.8   6513.0
B  6.696 ..  6.780 T  6.780 TT  6.780 M:   9476.8   9347.2
new alloc for instr 1:
B  6.780 ..  6.819 T  6.819 TT  6.819 M:  10396.6  10590.3
new alloc for instr 1:
B  6.819 ..  6.876 T  6.876 TT  6.876 M:  10025.2   9074.6
B  6.876 ..  6.877 T  6.877 TT  6.877 M:   5634.5   5120.3
B  6.877 ..  6.961 T  6.961 TT  6.961 M:   9256.1  10484.6
new alloc for instr 1:
B  6.961 ..  7.021 T  7.021 TT  7.021 M:  10402.0   9438.4
new alloc for instr 1:
B  7.021 ..  7.023 T  7.023 TT  7.023 M:   7162.1   4645.9
new alloc for instr 1:
B  7.023 ..  7.065 T  7.065 TT  7.065 M:   8602.0   9115.1
new alloc for instr 1:
B  7.065 ..  7.077 T  7.077 TT  7.077 M:  11501.4  10311.5
new alloc for instr 1:
B  7.077 ..  7.135 T  7.135 TT  7.135 M:   9010.1  10744.1
new alloc for instr 1:
B  7.135 ..  7.152 T  7.152 TT  7.152 M:  10646.2   8451.7
new alloc for instr 1:
B  7.152 ..  7.171 T  7.171 TT  7.171 M:   9132.9   9010.5
new alloc for instr 1:
B  7.171 ..  7.266 T  7.266 TT  7.266 M:   9810.1  10273.6
new alloc for instr 1:
B  7.266 ..  7.358 T  7.358 TT  7.358 M:  12193.3  10880.9
new alloc for instr 1:
B  7.358 ..  7.426 T  7.426 TT  7.426 M:   8970.0  10827.0
new alloc for instr 1:
B  7.426 ..  7.434 T  7.434 TT  7.434 M:   8365.1   8924.7
B  7.434 ..  7.444 T  7.444 TT  7.444 M:   8998.7   7839.1
B  7.444 ..  7.457 T  7.457 TT  7.457 M:   8724.1   9801.1
new alloc for instr 1:
B  7.457 ..  7.522 T  7.522 TT  7.522 M:  10309.5   9653.5
new alloc for instr 1:
B  7.522 ..  7.589 T  7.589 TT  7.589 M:   9585.4   9413.3
B  7.589 ..  7.604 T  7.604 TT  7.604 M:   9986.6   8839.0
B  7.604 ..  7.638 T  7.638 TT  7.638 M:   8749.1   8802.5
new alloc for instr 1:
B  7.638 ..  7.677 T  7.677 TT  7.677 M:  11923.5   8842.1
new alloc for instr 1:
B  7.677 ..  7.730 T  7.730 TT  7.730 M:   8847.1   8095.3
new alloc for instr 1:
B  7.730 ..  7.783 T  7.783 TT  7.783 M:   9792.7   9916.4
new alloc for instr 1:
B  7.783 ..  7.842 T  7.842 TT  7.842 M:  10588.8   9602.0
new alloc for instr 1:
B  7.842 ..  7.873 T  7.873 TT  7.873 M:  10956.9   9689.5
new alloc for instr 1:
B  7.873 ..  7.880 T  7.880 TT  7.880 M:   8621.2   9709.0
new alloc for instr 1:
B  7.880 ..  7.979 T  7.979 TT  7.979 M:  10735.1  10265.6
new alloc for instr 1:
B  7.979 ..  8.036 T  8.036 TT  8.036 M:  10477.0  10763.0
new alloc for instr 1:
B  8.036 ..  8.106 T  8.106 TT  8.106 M:   9850.2  10972.7
new alloc for instr 1:
B  8.106 ..  8.125 T  8.125 TT  8.125 M:   9546.2   8731.2
new alloc for instr 1:
B  8.125 ..  8.153 T  8.153 TT  8.153 M:   9044.6  10104.5
B  8.153 ..  8.198 T  8.198 TT  8.198 M:   9867.3  10111.1
B  8.198 ..  8.249 T  8.249 TT  8.249 M:  10913.2   9702.7
new alloc for instr 1:
B  8.249 ..  8.250 T  8.250 TT  8.250 M:  11120.1  14044.3
new alloc for instr 1:
B  8.250 ..  8.269 T  8.269 TT  8.269 M:  10315.2  11275.3
new alloc for instr 1:
B  8.269 ..  8.322 T  8.322 TT  8.322 M:  11241.3  10830.9
new alloc for instr 1:
B  8.322 ..  8.372 T  8.372 TT  8.372 M:  11179.4  12406.6
B  8.372 ..  8.374 T  8.374 TT  8.374 M:   5964.1   6355.2
B  8.374 ..  8.408 T  8.408 TT  8.408 M:   9710.9  11195.8
B  8.408 ..  8.434 T  8.434 TT  8.434 M:   8733.0   9337.3
B  8.434 ..  8.461 T  8.461 TT  8.461 M:  10431.7   8920.7
B  8.461 ..  8.474 T  8.474 TT  8.474 M:   8063.8  11541.4
B  8.474 ..  8.495 T  8.495 TT  8.495 M:   9774.5   9269.8
B  8.495 ..  8.533 T  8.533 TT  8.533 M:  12409.0  10736.7
B  8.533 ..  8.552 T  8.552 TT  8.552 M:   9306.4   8254.4
B  8.552 ..  8.560 T  8.560 TT  8.560 M:   9324.5   8653.3
B  8.560 ..  8.562 T  8.562 TT  8.562 M:  11007.6  11394.5
B  8.562 ..  8.614 T  8.614 TT  8.614 M:   9837.5   9838.7
B  8.614 ..  8.618 T  8.618 TT  8.618 M:   8755.4  11234.5
B  8.618 ..  8.622 T  8.622 TT  8.622 M:   9754.8   7504.3
B  8.622 ..  8.709 T  8.709 TT  8.709 M:  10649.3  10217.1
B  8.709 ..  8.719 T  8.719 TT  8.719 M:  11299.1  12087.6
B  8.719 ..  8.748 T  8.748 TT  8.748 M:  11247.7   9417.0
new alloc for instr 1:
B  8.748 ..  8.757 T  8.757 TT  8.757 M:  10913.9   8525.1
new alloc for instr 1:
B  8.757 ..  8.759 T  8.759 TT  8.759 M:   8065.4   5305.1
new alloc for instr 1:
B  8.759 ..  8.818 T  8.818 TT  8.818 M:  10946.4  10434.1
B  8.818 ..  8.831 T  8.831 TT  8.831 M:   8614.4  10038.3
B  8.831 ..  8.873 T  8.873 TT  8.873 M:   9278.9   9909.9
B  8.873 ..  8.925 T  8.925 TT  8.925 M:   9648.0  12032.7
B  8.925 ..  9.022 T  9.022 TT  9.022 M:  11331.1  11537.4
new alloc for instr 1:
B  9.022 ..  9.041 T  9.041 TT  9.041 M:   8810.1   8886.5
B  9.041 ..  9.102 T  9.102 TT  9.102 M:   9711.2   9571.7
B  9.102 ..  9.143 T  9.143 TT  9.143 M:  10084.2  10782.8
new alloc for instr 1:
B  9.143 ..  9.157 T  9.157 TT  9.157 M:   8984.6  10498.2
B  9.157 ..  9.158 T  9.158 TT  9.158 M:   4182.9   5608.4
B  9.158 ..  9.183 T  9.183 TT  9.183 M:   7930.6  10095.4
B  9.183 ..  9.184 T  9.184 TT  9.184 M:   5878.0   5739.7
B  9.184 ..  9.213 T  9.213 TT  9.213 M:   8701.5  11019.1
B  9.213 ..  9.311 T  9.311 TT  9.311 M:  12069.9  12134.4
B  9.311 ..  9.337 T  9.337 TT  9.337 M:   9466.3  10154.6
new alloc for instr 1:
B  9.337 ..  9.380 T  9.380 TT  9.380 M:  11420.8  12344.9
B  9.380 ..  9.409 T  9.409 TT  9.409 M:  10654.0  12643.1
B  9.409 ..  9.452 T  9.452 TT  9.452 M:  11464.1  11228.2
new alloc for instr 1:
B  9.452 ..  9.529 T  9.529 TT  9.529 M:  10363.9  14055.1
new alloc for instr 1:
B  9.529 ..  9.621 T  9.621 TT  9.621 M:  11506.0  13647.8
B  9.621 ..  9.623 T  9.623 TT  9.623 M:   8402.7  11731.3
B  9.623 ..  9.708 T  9.708 TT  9.708 M:  10204.3  11346.7
B  9.708 ..  9.721 T  9.721 TT  9.721 M:  10492.8   9360.4
B  9.721 ..  9.747 T  9.747 TT  9.747 M:   9618.0   9886.9
new alloc for instr 1:
B  9.747 ..  9.757 T  9.757 TT  9.757 M:  12674.4  11328.7
new alloc for instr 1:
B  9.757 ..  9.779 T  9.779 TT  9.779 M:   8900.4  10099.7
new alloc for instr 1:
B  9.779 ..  9.811 T  9.811 TT  9.811 M:   9933.5  10083.9
new alloc for instr 1:
B  9.811 ..  9.834 T  9.834 TT  9.834 M:   9727.2  13003.2
new alloc for instr 1:
B  9.834 ..  9.856 T  9.856 TT  9.856 M:   9211.8   9383.4
B  9.856 ..  9.859 T  9.859 TT  9.859 M:   7361.8   9273.4
B  9.859 ..  9.895 T  9.895 TT  9.895 M:  12215.8  12080.0
new alloc for instr 1:
B  9.895 ..  9.919 T  9.919 TT  9.919 M:   9984.8  11369.6
new alloc for instr 1:
B  9.919 ..  9.999 T  9.999 TT  9.999 M:  11632.6  13487.5
new alloc for instr 1:
B  9.999 .. 10.030 T 10.030 TT 10.030 M:  10693.4  10883.9
new alloc for instr 1:
B 10.030 .. 10.079 T 10.079 TT 10.079 M:  12168.0  11025.5
B 10.079 .. 10.097 T 10.097 TT 10.097 M:   8398.9   9182.3
B 10.097 .. 10.128 T 10.128 TT 10.128 M:  10572.3  11138.9
new alloc for instr 1:
B 10.128 .. 10.160 T 10.160 TT 10.160 M:  11326.1  11715.0
new alloc for instr 1:
B 10.160 .. 10.186 T 10.186 TT 10.186 M:   9633.9  10432.0
new alloc for instr 1:
B 10.186 .. 10.231 T 10.231 TT 10.231 M:  11978.2  12724.4
new alloc for instr 1:
B 10.231 .. 10.311 T 10.311 TT 10.311 M:  12985.1  13968.4
new alloc for instr 1:
B 10.311 .. 10.392 T 10.392 TT 10.392 M:  11703.7  15350.2
new alloc for instr 1:
B 10.392 .. 10.457 T 10.457 TT 10.457 M:  12998.0  14068.0
new alloc for instr 1:
B 10.457 .. 10.459 T 10.459 TT 10.459 M:  10809.1   8680.0
new alloc for instr 1:
B 10.459 .. 10.535 T 10.535 TT 10.535 M:  12854.9  11651.5
new alloc for instr 1:
B 10.535 .. 10.549 T 10.549 TT 10.549 M:   9228.1   8442.2
B 10.549 .. 10.586 T 10.586 TT 10.586 M:  10021.7  10424.0
B 10.586 .. 10.627 T 10.627 TT 10.627 M:   9878.8   9681.6
B 10.627 .. 10.633 T 10.633 TT 10.633 M:   9068.8  10866.1
B 10.633 .. 10.642 T 10.642 TT 10.642 M:  10598.8  10143.3
new alloc for instr 1:
B 10.642 .. 10.714 T 10.714 TT 10.714 M:  11671.1  11740.1
new alloc for instr 1:
B 10.714 .. 10.758 T 10.758 TT 10.758 M:  15195.1  12081.6
B 10.758 .. 10.767 T 10.767 TT 10.767 M:   9542.0  10626.2
B 10.767 .. 10.769 T 10.769 TT 10.769 M:   6508.4   8188.8
B 10.769 .. 10.791 T 10.791 TT 10.791 M:  10791.7  12747.1
B 10.791 .. 10.792 T 10.792 TT 10.792 M:   7991.3   7991.7
B 10.792 .. 10.851 T 10.851 TT 10.851 M:  12671.6  14260.8
B 10.851 .. 10.860 T 10.860 TT 10.860 M:   9229.0   7180.4
new alloc for instr 1:
B 10.860 .. 10.861 T 10.861 TT 10.861 M:   6725.2   5599.6
B 10.861 .. 10.886 T 10.886 TT 10.886 M:  10431.4   9624.7
B 10.886 .. 10.910 T 10.910 TT 10.910 M:  12057.5  11776.5
new alloc for instr 1:
B 10.910 .. 10.953 T 10.953 TT 10.953 M:  10129.6  14044.3
new alloc for instr 1:
B 10.953 .. 10.958 T 10.958 TT 10.958 M:   8812.5   8209.5
new alloc for instr 1:
B 10.958 .. 11.029 T 11.029 TT 11.029 M:  12566.7  11631.3
new alloc for instr 1:
B 11.029 .. 11.051 T 11.051 TT 11.051 M:  12761.5  10519.0
new alloc for instr 1:
B 11.051 .. 11.121 T 11.121 TT 11.121 M:  10925.2  12597.4
new alloc for instr 1:
B 11.121 .. 11.207 T 11.207 TT 11.207 M:  13538.5  15649.5
new alloc for instr 1:
B 11.207 .. 11.265 T 11.265 TT 11.265 M:  12523.0  13151.2
new alloc for instr 1:
B 11.265 .. 11.310 T 11.310 TT 11.310 M:  13042.3  14353.4
new alloc for instr 1:
B 11.310 .. 11.351 T 11.351 TT 11.351 M:  13371.9  15056.3
new alloc for instr 1:
B 11.351 .. 11.352 T 11.352 TT 11.352 M:   7503.4   5096.2
new alloc for instr 1:
B 11.352 .. 11.389 T 11.389 TT 11.389 M:  12048.3  13425.8
B 11.389 .. 11.413 T 11.413 TT 11.413 M:  11544.4  11941.2
B 11.413 .. 11.448 T 11.448 TT 11.448 M:  12433.6  12218.1
B 11.448 .. 11.501 T 11.501 TT 11.501 M:  12141.8  12983.6
B 11.501 .. 11.582 T 11.582 TT 11.582 M:  12574.3  13201.5
new alloc for instr 1:
B 11.582 .. 11.624 T 11.624 TT 11.624 M:  12328.0  12537.9
new alloc for instr 1:
B 11.624 .. 11.653 T 11.653 TT 11.653 M:  12282.7  12223.6
new alloc for instr 1:
B 11.653 .. 11.699 T 11.699 TT 11.699 M:  14954.7  13453.8
B 11.699 .. 11.720 T 11.720 TT 11.720 M:  10649.7  12535.0
B 11.720 .. 11.731 T 11.731 TT 11.731 M:  11202.3  10734.3
new alloc for instr 1:
B 11.731 .. 11.736 T 11.736 TT 11.736 M:  10624.3  10313.8
new alloc for instr 1:
B 11.736 .. 11.737 T 11.737 TT 11.737 M:   8299.2  10480.5
new alloc for instr 1:
B 11.737 .. 11.740 T 11.740 TT 11.740 M:   8697.2   8507.3
new alloc for instr 1:
B 11.740 .. 11.837 T 11.837 TT 11.837 M:  14125.1  16544.6
new alloc for instr 1:
B 11.837 .. 11.884 T 11.884 TT 11.884 M:  12029.3  11782.0
new alloc for instr 1:
B 11.884 .. 11.929 T 11.929 TT 11.929 M:  14225.0  12612.8
new alloc for instr 1:
B 11.929 .. 11.961 T 11.961 TT 11.961 M:  11018.4  13968.5
B 11.961 .. 11.992 T 11.992 TT 11.992 M:  10978.3  11789.0
B 11.992 .. 12.011 T 12.011 TT 12.011 M:  12217.5  11325.7
new alloc for instr 1:
B 12.011 .. 12.056 T 12.056 TT 12.056 M:  11544.9  12886.6
new alloc for instr 1:
B 12.056 .. 12.125 T 12.125 TT 12.125 M:  14493.3  13441.9
B 12.125 .. 12.137 T 12.137 TT 12.137 M:   9524.9  12024.6
B 12.137 .. 12.152 T 12.152 TT 12.152 M:  12326.3  10723.2
new alloc for instr 1:
B 12.152 .. 12.174 T 12.174 TT 12.174 M:  10383.7  12626.9
new alloc for instr 1:
B 12.174 .. 12.181 T 12.181 TT 12.181 M:  11872.8  11752.4
new alloc for instr 1:
B 12.181 .. 12.267 T 12.267 TT 12.267 M:  13247.9  13820.4
new alloc for instr 1:
B 12.267 .. 12.353 T 12.353 TT 12.353 M:  14555.4  15380.4
new alloc for instr 1:
B 12.353 .. 12.419 T 12.419 TT 12.419 M:  13601.7  13273.9
new alloc for instr 1:
B 12.419 .. 12.444 T 12.444 TT 12.444 M:  14216.3  15835.2
B 12.444 .. 12.466 T 12.466 TT 12.466 M:  10173.3  13447.4
B 12.466 .. 12.523 T 12.523 TT 12.523 M:  13011.2  12628.0
B 12.523 .. 12.548 T 12.548 TT 12.548 M:  10989.2  11587.8
B 12.548 .. 12.562 T 12.562 TT 12.562 M:  12362.7  13744.3
B 12.562 .. 12.571 T 12.571 TT 12.571 M:  10634.0  11381.1
B 12.571 .. 12.583 T 12.583 TT 12.583 M:  10515.1   9963.7
B 12.583 .. 12.604 T 12.604 TT 12.604 M:  13767.5  14337.9
B 12.604 .. 12.660 T 12.660 TT 12.660 M:  12678.7  15685.8
new alloc for instr 1:
B 12.660 .. 12.695 T 12.695 TT 12.695 M:  13782.1  13973.9
new alloc for instr 1:
B 12.695 .. 12.757 T 12.757 TT 12.757 M:  13175.2  13157.4
new alloc for instr 1:
B 12.757 .. 12.805 T 12.805 TT 12.805 M:  14355.8  12469.0
new alloc for instr 1:
B 12.805 .. 12.826 T 12.826 TT 12.826 M:  13512.5  14006.6
new alloc for instr 1:
B 12.826 .. 12.877 T 12.877 TT 12.877 M:  12713.0  13731.8
new alloc for instr 1:
B 12.877 .. 12.912 T 12.912 TT 12.912 M:  14281.4  14659.7
new alloc for instr 1:
B 12.912 .. 12.955 T 12.955 TT 12.955 M:  12803.3  12483.5
new alloc for instr 1:
B 12.955 .. 13.051 T 13.051 TT 13.051 M:  12540.3  13349.5
new alloc for instr 1:
B 13.051 .. 13.128 T 13.128 TT 13.128 M:  13806.4  13546.2
new alloc for instr 1:
B 13.128 .. 13.136 T 13.136 TT 13.136 M:  10228.9   9926.2
B 13.136 .. 13.188 T 13.188 TT 13.188 M:  12400.2  12347.6
B 13.188 .. 13.234 T 13.234 TT 13.234 M:  11356.2  15610.1
new alloc for instr 1:
B 13.234 .. 13.251 T 13.251 TT 13.251 M:  13587.6  13982.5
new alloc for instr 1:
B 13.251 .. 13.286 T 13.286 TT 13.286 M:  10980.3  10808.9
B 13.286 .. 13.315 T 13.315 TT 13.315 M:  12208.7  13258.9
B 13.315 .. 13.325 T 13.325 TT 13.325 M:  12018.6  15759.4
new alloc for instr 1:
B 13.325 .. 13.335 T 13.335 TT 13.335 M:  13273.6  13988.8
B 13.335 .. 13.342 T 13.342 TT 13.342 M:  11597.7  13776.2
B 13.342 .. 13.369 T 13.369 TT 13.369 M:  12023.7  13787.7
new alloc for instr 1:
B 13.369 .. 13.430 T 13.430 TT 13.430 M:  14870.7  15612.7
new alloc for instr 1:
B 13.430 .. 13.439 T 13.439 TT 13.439 M:  12131.5  14627.5
B 13.439 .. 13.470 T 13.470 TT 13.470 M:  11478.2  14439.9
B 13.470 .. 13.505 T 13.505 TT 13.505 M:  15549.6  13265.2
B 13.505 .. 13.515 T 13.515 TT 13.515 M:  12694.4  12355.4
B 13.515 .. 13.544 T 13.544 TT 13.544 M:  14773.8  16431.4
new alloc for instr 1:
B 13.544 .. 13.603 T 13.603 TT 13.603 M:  12557.3  12597.9
new alloc for instr 1:
B 13.603 .. 13.630 T 13.630 TT 13.630 M:  13109.7  11514.0
new alloc for instr 1:
B 13.630 .. 13.694 T 13.694 TT 13.694 M:  14147.9  15931.5
B 13.694 .. 13.712 T 13.712 TT 13.712 M:  11738.7  12825.6
B 13.712 .. 13.760 T 13.760 TT 13.760 M:  12755.8  12929.9
new alloc for instr 1:
B 13.760 .. 13.781 T 13.781 TT 13.781 M:  11762.1  15410.0
new alloc for instr 1:
B 13.781 .. 13.845 T 13.845 TT 13.845 M:  13231.0  14687.8
new alloc for instr 1:
B 13.845 .. 13.881 T 13.881 TT 13.881 M:  17234.7  15297.4
B 13.881 .. 13.931 T 13.931 TT 13.931 M:  13232.3  13248.1
B 13.931 .. 13.941 T 13.941 TT 13.941 M:  13253.1  14959.7
B 13.941 .. 13.956 T 13.956 TT 13.956 M:  15326.9  12454.2
B 13.956 .. 13.961 T 13.961 TT 13.961 M:  10619.7   9859.6
B 13.961 .. 13.968 T 13.968 TT 13.968 M:  11104.3  10656.3
B 13.968 .. 14.011 T 14.011 TT 14.011 M:  13569.8  14145.1
B 14.011 .. 14.081 T 14.081 TT 14.081 M:  13662.3  16314.1
B 14.081 .. 14.144 T 14.144 TT 14.144 M:  11829.3  13111.3
new alloc for instr 1:
B 14.144 .. 14.156 T 14.156 TT 14.156 M:  12914.6  13708.0
B 14.156 .. 14.181 T 14.181 TT 14.181 M:  12558.5  14129.7
B 14.181 .. 14.248 T 14.248 TT 14.248 M:  13788.5  12664.4
new alloc for instr 1:
B 14.248 .. 14.332 T 14.332 TT 14.332 M:  13216.1  13191.8
new alloc for instr 1:
B 14.332 .. 14.370 T 14.370 TT 14.370 M:  11854.5  11339.7
new alloc for instr 1:
B 14.370 .. 14.405 T 14.405 TT 14.405 M:  14187.0  13718.5
new alloc for instr 1:
B 14.405 .. 14.453 T 14.453 TT 14.453 M:  15302.0  14762.3
new alloc for instr 1:
B 14.453 .. 14.487 T 14.487 TT 14.487 M:  11326.8  14124.8
new alloc for instr 1:
B 14.487 .. 14.533 T 14.533 TT 14.533 M:  14292.0  14303.4
new alloc for instr 1:
B 14.533 .. 14.600 T 14.600 TT 14.600 M:  14638.5  12979.8
new alloc for instr 1:
B 14.600 .. 14.621 T 14.621 TT 14.621 M:  12386.8  12458.3
B 14.621 .. 14.672 T 14.672 TT 14.672 M:  14834.9  13707.3
B 14.672 .. 14.717 T 14.717 TT 14.717 M:  16402.2  16074.7
new alloc for instr 1:
B 14.717 .. 14.749 T 14.749 TT 14.749 M:  14577.0  14086.3
new alloc for instr 1:
B 14.749 .. 14.750 T 14.750 TT 14.750 M:   7003.4   5405.6
new alloc for instr 1:
B 14.750 .. 14.828 T 14.828 TT 14.828 M:  13531.8  16741.5
B 14.828 .. 14.842 T 14.842 TT 14.842 M:  13891.1  14310.0
B 14.842 .. 14.922 T 14.922 TT 14.922 M:  14193.6  14178.7
B 14.922 .. 14.933 T 14.933 TT 14.933 M:  11141.6  13362.8
B 14.933 .. 14.963 T 14.963 TT 14.963 M:  12936.3  13664.7
B 14.963 .. 14.980 T 14.980 TT 14.980 M:  12475.0  13204.1
B 14.980 .. 15.004 T 15.004 TT 15.004 M:  12901.4  12824.8
B 15.004 .. 15.004 T 15.004 TT 15.004 M:  10793.3   7725.6
B 15.004 .. 15.037 T 15.037 TT 15.037 M:  15059.6  13010.6
new alloc for instr 1:
B 15.037 .. 15.101 T 15.101 TT 15.101 M:  18801.7  18357.5
new alloc for instr 1:
B 15.101 .. 15.171 T 15.171 TT 15.171 M:  14084.1  14667.7
new alloc for instr 1:
B 15.171 .. 15.201 T 15.201 TT 15.201 M:  12248.3  11569.7
B 15.201 .. 15.237 T 15.237 TT 15.237 M:  12082.2  12669.5
B 15.237 .. 15.280 T 15.280 TT 15.280 M:  13711.9  14080.4
new alloc for instr 1:
B 15.280 .. 15.290 T 15.290 TT 15.290 M:  11439.9  11229.1
B 15.290 .. 15.304 T 15.304 TT 15.304 M:  14205.9  12731.0
B 15.304 .. 15.328 T 15.328 TT 15.328 M:  14402.3  13514.8
new alloc for instr 1:
B 15.328 .. 15.338 T 15.338 TT 15.338 M:  11498.4  11259.4
new alloc for instr 1:
B 15.338 .. 15.391 T 15.391 TT 15.391 M:  16153.0  14354.3
new alloc for instr 1:
B 15.391 .. 15.427 T 15.427 TT 15.427 M:  13051.7  15583.4
new alloc for instr 1:
B 15.427 .. 15.440 T 15.440 TT 15.440 M:  12137.1  13476.3
B 15.440 .. 15.456 T 15.456 TT 15.456 M:  13636.4  10464.0
B 15.456 .. 15.473 T 15.473 TT 15.473 M:  11354.1  12849.4
B 15.473 .. 15.502 T 15.502 TT 15.502 M:  14031.0  15973.6
B 15.502 .. 15.554 T 15.554 TT 15.554 M:  15475.0  14294.7
new alloc for instr 1:
B 15.554 .. 15.571 T 15.571 TT 15.571 M:  13648.1  15619.5
new alloc for instr 1:
B 15.571 .. 15.599 T 15.599 TT 15.599 M:  13977.1  13453.9
new alloc for instr 1:
B 15.599 .. 15.641 T 15.641 TT 15.641 M:  15610.2  13294.6
new alloc for instr 1:
B 15.641 .. 15.662 T 15.662 TT 15.662 M:  14454.0  14476.4
B 15.662 .. 15.669 T 15.669 TT 15.669 M:  11861.6  11114.9
B 15.669 .. 15.677 T 15.677 TT 15.677 M:  13574.2  13387.1
B 15.677 .. 15.686 T 15.686 TT 15.686 M:  12074.3  13746.1
B 15.686 .. 15.713 T 15.713 TT 15.713 M:  14527.9  12574.2
B 15.713 .. 15.730 T 15.730 TT 15.730 M:  15346.1  12603.8
B 15.730 .. 15.744 T 15.744 TT 15.744 M:  12926.0  15678.0
new alloc for instr 1:
B 15.744 .. 15.798 T 15.798 TT 15.798 M:  14078.3  14338.2
new alloc for instr 1:
B 15.798 .. 15.843 T 15.843 TT 15.843 M:  15118.7  13136.5
new alloc for instr 1:
B 15.843 .. 15.862 T 15.862 TT 15.862 M:  13548.2  13324.9
new alloc for instr 1:
B 15.862 .. 15.862 T 15.862 TT 15.862 M:   4022.3   3756.7
B 15.862 .. 15.933 T 15.933 TT 15.933 M:  14088.4  18668.7
B 15.933 .. 15.971 T 15.971 TT 15.971 M:  12366.0  16167.7
new alloc for instr 1:
B 15.971 .. 16.012 T 16.012 TT 16.012 M:  14233.6  13446.0
new alloc for instr 1:
B 16.012 .. 16.014 T 16.014 TT 16.014 M:  12291.6   8975.6
new alloc for instr 1:
B 16.014 .. 16.085 T 16.085 TT 16.085 M:  15346.2  15950.1
new alloc for instr 1:
B 16.085 .. 16.134 T 16.134 TT 16.134 M:  14182.7  18731.2
new alloc for instr 1:
B 16.134 .. 16.135 T 16.135 TT 16.135 M:   5790.1  11546.5
B 16.135 .. 16.188 T 16.188 TT 16.188 M:  15898.6  14906.5
B 16.188 .. 16.209 T 16.209 TT 16.209 M:  15163.9  15933.6
B 16.209 .. 16.240 T 16.240 TT 16.240 M:  14402.5  19457.1
B 16.240 .. 16.242 T 16.242 TT 16.242 M:   9593.3   8211.9
B 16.242 .. 16.254 T 16.254 TT 16.254 M:  15217.9  12685.4
B 16.254 .. 16.303 T 16.303 TT 16.303 M:  14654.6  16387.3
B 16.303 .. 16.358 T 16.358 TT 16.358 M:  15087.4  18116.1
B 16.358 .. 16.370 T 16.370 TT 16.370 M:  15023.3  15208.7
B 16.370 .. 16.374 T 16.374 TT 16.374 M:  12026.8  16189.2
B 16.374 .. 16.376 T 16.376 TT 16.376 M:  10237.8  14958.7
new alloc for instr 1:
B 16.376 .. 16.390 T 16.390 TT 16.390 M:  11293.4  14098.8
B 16.390 .. 16.433 T 16.433 TT 16.433 M:  15170.5  17302.1
B 16.433 .. 16.438 T 16.438 TT 16.438 M:  10896.1  13272.1
B 16.438 .. 16.475 T 16.475 TT 16.475 M:  15620.9  17757.0
B 16.475 .. 16.477 T 16.477 TT 16.477 M:  11376.9  10511.4
B 16.477 .. 16.569 T 16.569 TT 16.569 M:  14501.6  16081.8
B 16.569 .. 16.574 T 16.574 TT 16.574 M:  13059.7  11596.0
new alloc for instr 1:
B 16.574 .. 16.649 T 16.649 TT 16.649 M:  15606.3  16853.9
new alloc for instr 1:
B 16.649 .. 16.712 T 16.712 TT 16.712 M:  15353.6  15795.3
B 16.712 .. 16.721 T 16.721 TT 16.721 M:  12703.2  14524.3
B 16.721 .. 16.747 T 16.747 TT 16.747 M:  14810.7  12433.0
new alloc for instr 1:
B 16.747 .. 16.763 T 16.763 TT 16.763 M:  13417.3  14059.2
B 16.763 .. 16.814 T 16.814 TT 16.814 M:  15971.8  14347.8
B 16.814 .. 16.839 T 16.839 TT 16.839 M:  15447.1  12893.3
B 16.839 .. 16.873 T 16.873 TT 16.873 M:  16288.4  14381.2
B 16.873 .. 16.908 T 16.908 TT 16.908 M:  14713.9  18434.8
new alloc for instr 1:
B 16.908 .. 16.925 T 16.925 TT 16.925 M:  12685.2  14466.7
new alloc for instr 1:
B 16.925 .. 16.942 T 16.942 TT 16.942 M:  13819.2  13095.0
B 16.942 .. 17.008 T 17.008 TT 17.008 M:  18425.2  18127.3
B 17.008 .. 17.049 T 17.049 TT 17.049 M:  13983.1  16702.9
B 17.049 .. 17.069 T 17.069 TT 17.069 M:  14708.1  12131.5
B 17.069 .. 17.104 T 17.104 TT 17.104 M:  14580.8  18095.3
new alloc for instr 1:
B 17.104 .. 17.105 T 17.105 TT 17.105 M:  11315.6  12463.8
new alloc for instr 1:
B 17.105 .. 17.137 T 17.137 TT 17.137 M:  15092.3  14407.6
new alloc for instr 1:
B 17.137 .. 17.217 T 17.217 TT 17.217 M:  17807.0  16552.1
new alloc for instr 1:
B 17.217 .. 17.268 T 17.268 TT 17.268 M:  15385.5  17721.7
new alloc for instr 1:
B 17.268 .. 17.282 T 17.282 TT 17.282 M:  14623.3  16563.8
new alloc for instr 1:
B 17.282 .. 17.283 T 17.283 TT 17.283 M:  11663.2  11664.1
B 17.283 .. 17.338 T 17.338 TT 17.338 M:  13924.8  14438.6
B 17.338 .. 17.339 T 17.339 TT 17.339 M:  10199.3  10860.3
new alloc for instr 1:
B 17.339 .. 17.364 T 17.364 TT 17.364 M:  13491.6  13676.3
new alloc for instr 1:
B 17.364 .. 17.372 T 17.372 TT 17.372 M:  13981.2  14508.0
B 17.372 .. 17.435 T 17.435 TT 17.435 M:  16808.7  16197.8
B 17.435 .. 17.437 T 17.437 TT 17.437 M:  13374.9  14009.1
B 17.437 .. 17.470 T 17.470 TT 17.470 M:  14061.0  15399.2
B 17.470 .. 17.513 T 17.513 TT 17.513 M:  14730.4  13987.7
new alloc for instr 1:
B 17.513 .. 17.549 T 17.549 TT 17.549 M:  17427.4  19553.1
B 17.549 .. 17.595 T 17.595 TT 17.595 M:  16169.8  17904.0
B 17.595 .. 17.620 T 17.620 TT 17.620 M:  13448.7  15279.1
new alloc for instr 1:
B 17.620 .. 17.662 T 17.662 TT 17.662 M:  15161.9  13614.9
new alloc for instr 1:
B 17.662 .. 17.742 T 17.742 TT 17.742 M:  14661.3  16266.7
new alloc for instr 1:
B 17.742 .. 17.830 T 17.830 TT 17.830 M:  16107.9  18556.5
new alloc for instr 1:
B 17.830 .. 17.839 T 17.839 TT 17.839 M:  11921.6  12258.8
B 17.839 .. 17.898 T 17.898 TT 17.898 M:  17173.3  19049.0
B 17.898 .. 17.980 T 17.980 TT 17.980 M:  16491.5  16253.4
new alloc for instr 1:
B 17.980 .. 18.066 T 18.066 TT 18.066 M:  14761.8  17125.9
new alloc for instr 1:
B 18.066 .. 18.101 T 18.101 TT 18.101 M:  13480.1  14144.8
new alloc for instr 1:
B 18.101 .. 18.107 T 18.107 TT 18.107 M:  12485.9  11657.0
new alloc for instr 1:
B 18.107 .. 18.113 T 18.113 TT 18.113 M:  11363.2  11774.3
B 18.113 .. 18.190 T 18.190 TT 18.190 M:  15937.0  16083.3
B 18.190 .. 18.194 T 18.194 TT 18.194 M:  12007.8  11913.6
B 18.194 .. 18.208 T 18.208 TT 18.208 M:  13443.5  14813.0
B 18.208 .. 18.241 T 18.241 TT 18.241 M:  18238.4  16002.5
B 18.241 .. 18.281 T 18.281 TT 18.281 M:  13811.2  15151.2
B 18.281 .. 18.286 T 18.286 TT 18.286 M:  11990.0  15212.2
B 18.286 .. 18.300 T 18.300 TT 18.300 M:  13306.9  13599.2
B 18.300 .. 18.314 T 18.314 TT 18.314 M:  12749.4  15215.2
B 18.314 .. 18.341 T 18.341 TT 18.341 M:  14246.0  16526.8
B 18.341 .. 18.344 T 18.344 TT 18.344 M:  11138.7   8260.3
B 18.344 .. 18.345 T 18.345 TT 18.345 M:  11276.7   9031.1
B 18.345 .. 18.370 T 18.370 TT 18.370 M:  15376.7  14274.9
B 18.370 .. 18.427 T 18.427 TT 18.427 M:  15117.7  15836.9
B 18.427 .. 18.469 T 18.469 TT 18.469 M:  14197.4  15744.1
B 18.469 .. 18.470 T 18.470 TT 18.470 M:   8633.6   9129.5
B 18.470 .. 18.486 T 18.486 TT 18.486 M:  22033.4  23851.4
B 18.486 .. 18.514 T 18.514 TT 18.514 M:  13446.4  15923.2
B 18.514 .. 18.527 T 18.527 TT 18.527 M:  14315.5  16267.0
B 18.527 .. 18.536 T 18.536 TT 18.536 M:  13519.3  10934.1
B 18.536 .. 18.544 T 18.544 TT 18.544 M:  14908.8  11101.4
B 18.544 .. 18.578 T 18.578 TT 18.578 M:  15460.2  14016.3
B 18.578 .. 18.618 T 18.618 TT 18.618 M:  13934.8  13785.7
new alloc for instr 1:
B 18.618 .. 18.639 T 18.639 TT 18.639 M:  17180.3  18562.5
new alloc for instr 1:
B 18.639 .. 18.709 T 18.709 TT 18.709 M:  15254.3  16236.4
new alloc for instr 1:
B 18.709 .. 18.712 T 18.712 TT 18.712 M:  10377.2  14634.8
new alloc for instr 1:
B 18.712 .. 18.715 T 18.715 TT 18.715 M:  13209.9  15365.2
new alloc for instr 1:
B 18.715 .. 18.731 T 18.731 TT 18.731 M:  14635.1  17197.0
B 18.731 .. 18.747 T 18.747 TT 18.747 M:  15327.2  16391.0
B 18.747 .. 18.750 T 18.750 TT 18.750 M:  13618.7  15289.9
new alloc for instr 1:
B 18.750 .. 18.755 T 18.755 TT 18.755 M:  12947.4  14688.6
new alloc for instr 1:
B 18.755 .. 18.768 T 18.768 TT 18.768 M:  13601.1  12625.3
new alloc for instr 1:
B 18.768 .. 18.844 T 18.844 TT 18.844 M:  16973.7  17470.9
new alloc for instr 1:
B 18.844 .. 18.877 T 18.877 TT 18.877 M:  14236.6  14652.7
B 18.877 .. 18.878 T 18.878 TT 18.878 M:   9018.8   7975.8
B 18.878 .. 18.895 T 18.895 TT 18.895 M:  15354.1  19396.6
new alloc for instr 1:
B 18.895 .. 18.899 T 18.899 TT 18.899 M:  13542.8  12159.8
new alloc for instr 1:
B 18.899 .. 18.900 T 18.900 TT 18.900 M:  10782.9  12753.3
B 18.900 .. 18.921 T 18.921 TT 18.921 M:  16729.7  14389.7
B 18.921 .. 18.954 T 18.954 TT 18.954 M:  14613.3  17236.6
new alloc for instr 1:
B 18.954 .. 19.016 T 19.016 TT 19.016 M:  16763.1  19624.9
B 19.016 .. 19.018 T 19.018 TT 19.018 M:  13641.6  12471.8
B 19.018 .. 19.021 T 19.021 TT 19.021 M:  13713.7  12434.5
B 19.021 .. 19.032 T 19.032 TT 19.032 M:  14145.5  11940.2
B 19.032 .. 19.095 T 19.095 TT 19.095 M:  14527.0  14559.1
B 19.095 .. 19.106 T 19.106 TT 19.106 M:  13215.9  13796.3
B 19.106 .. 19.124 T 19.124 TT 19.124 M:  12164.3  14866.3
B 19.124 .. 19.155 T 19.155 TT 19.155 M:  15102.7  15722.3
B 19.155 .. 19.170 T 19.170 TT 19.170 M:  17633.3  14320.4
new alloc for instr 1:
B 19.170 .. 19.227 T 19.227 TT 19.227 M:  14236.3  15958.4
B 19.227 .. 19.238 T 19.238 TT 19.238 M:  13587.3  13887.9
B 19.238 .. 19.271 T 19.271 TT 19.271 M:  17600.7  17764.9
new alloc for instr 1:
B 19.271 .. 19.294 T 19.294 TT 19.294 M:  13599.2  15921.2
new alloc for instr 1:
B 19.294 .. 19.326 T 19.326 TT 19.326 M:  14663.1  17271.0
B 19.326 .. 19.350 T 19.350 TT 19.350 M:  15549.5  15531.9
B 19.350 .. 19.388 T 19.388 TT 19.388 M:  15228.9  15388.7
B 19.388 .. 19.417 T 19.417 TT 19.417 M:  15023.9  15524.0
B 19.417 .. 19.430 T 19.430 TT 19.430 M:  14164.1  14594.9
B 19.430 .. 19.430 T 19.430 TT 19.430 M:   7072.3   6257.8
B 19.430 .. 19.471 T 19.471 TT 19.471 M:  14863.3  15743.6
B 19.471 .. 19.483 T 19.483 TT 19.483 M:  14527.5  15396.3
B 19.483 .. 19.484 T 19.484 TT 19.484 M:  12573.9  12332.9
new alloc for instr 1:
B 19.484 .. 19.543 T 19.543 TT 19.543 M:  14517.1  15831.5
new alloc for instr 1:
B 19.543 .. 19.575 T 19.575 TT 19.575 M:  18499.0  19652.2
new alloc for instr 1:
B 19.575 .. 19.583 T 19.583 TT 19.583 M:  11280.6  12697.2
B 19.583 .. 19.622 T 19.622 TT 19.622 M:  13645.6  15318.2
B 19.622 .. 19.622 T 19.622 TT 19.622 M:   8608.9   8201.8
new alloc for instr 1:
B 19.622 .. 19.625 T 19.625 TT 19.625 M:  14064.8  12498.4
B 19.625 .. 19.644 T 19.644 TT 19.644 M:  17653.7  18007.6
B 19.644 .. 19.706 T 19.706 TT 19.706 M:  15875.3  18177.1
new alloc for instr 1:
B 19.706 .. 19.783 T 19.783 TT 19.783 M:  15996.5  17008.8
new alloc for instr 1:
B 19.783 .. 19.817 T 19.817 TT 19.817 M:  14595.5  14775.6
B 19.817 .. 19.877 T 19.877 TT 19.877 M:  16385.6  16972.9
B 19.877 .. 19.894 T 19.894 TT 19.894 M:  17786.4  13218.3
new alloc for instr 1:
B 19.894 .. 19.926 T 19.926 TT 19.926 M:  17150.4  19100.3
new alloc for instr 1:
B 19.926 .. 19.930 T 19.930 TT 19.930 M:  12719.9  12840.0
B 19.930 .. 19.959 T 19.959 TT 19.959 M:  13950.8  15603.1
B 19.959 .. 19.976 T 19.976 TT 19.976 M:  14539.9  14943.0
B 19.976 .. 19.985 T 19.985 TT 19.985 M:  13502.0  14402.5
B 19.985 .. 20.013 T 20.013 TT 20.013 M:  17447.3  16648.1
B 20.013 .. 20.031 T 20.031 TT 20.031 M:  18099.4  12722.3
B 20.031 .. 20.033 T 20.033 TT 20.033 M:   7159.5   9688.0
B 20.033 .. 20.122 T 20.122 TT 20.122 M:  17869.7  19135.3
B 20.122 .. 20.148 T 20.148 TT 20.148 M:  16159.5  15453.0
B 20.148 .. 20.183 T 20.183 TT 20.183 M:  14443.3  16067.5
B 20.183 .. 20.194 T 20.194 TT 20.194 M:  15600.4  14171.8
B 20.194 .. 20.194 T 20.194 TT 20.194 M:  12133.0  10283.2
B 20.194 .. 20.243 T 20.243 TT 20.243 M:  21113.3  17718.6
new alloc for instr 1:
B 20.243 .. 20.259 T 20.259 TT 20.259 M:  15684.1  14852.9
B 20.259 .. 20.271 T 20.271 TT 20.271 M:  16692.8  14071.7
B 20.271 .. 20.290 T 20.290 TT 20.290 M:  17381.4  16470.1
B 20.290 .. 20.329 T 20.329 TT 20.329 M:  15974.0  16521.5
B 20.329 .. 20.348 T 20.348 TT 20.348 M:  18792.2  15570.7
B 20.348 .. 20.356 T 20.356 TT 20.356 M:  17489.4  19996.0
B 20.356 .. 20.399 T 20.399 TT 20.399 M:  17228.4  14289.0
B 20.399 .. 20.427 T 20.427 TT 20.427 M:  16656.4  17151.4
B 20.427 .. 20.431 T 20.431 TT 20.431 M:  11471.3  10849.6
B 20.431 .. 20.432 T 20.432 TT 20.432 M:   9694.6  14168.7
B 20.432 .. 20.441 T 20.441 TT 20.441 M:  13300.8  14653.0
B 20.441 .. 20.491 T 20.491 TT 20.491 M:  16317.9  18868.2
B 20.491 .. 20.499 T 20.499 TT 20.499 M:  15233.8  14800.7
new alloc for instr 1:
B 20.499 .. 20.513 T 20.513 TT 20.513 M:  16117.1  12941.1
B 20.513 .. 20.551 T 20.551 TT 20.551 M:  17752.5  22354.7
B 20.551 .. 20.556 T 20.556 TT 20.556 M:  13133.9  12741.3
B 20.556 .. 20.600 T 20.600 TT 20.600 M:  16499.2  16478.2
B 20.600 .. 20.605 T 20.605 TT 20.605 M:  12704.9  12096.1
B 20.605 .. 20.647 T 20.647 TT 20.647 M:  14663.3  16694.9
B 20.647 .. 20.664 T 20.664 TT 20.664 M:  13024.1  13006.8
B 20.664 .. 20.668 T 20.668 TT 20.668 M:  15334.8  14108.8
B 20.668 .. 20.690 T 20.690 TT 20.690 M:  16021.2  15675.1
B 20.690 .. 20.716 T 20.716 TT 20.716 M:  16136.2  15904.6
B 20.716 .. 20.738 T 20.738 TT 20.738 M:  14487.6  16112.0
B 20.738 .. 20.771 T 20.771 TT 20.771 M:  18649.9  19784.2
B 20.771 .. 20.791 T 20.791 TT 20.791 M:  16036.9  16901.6
B 20.791 .. 20.808 T 20.808 TT 20.808 M:  14401.8  16588.4
B 20.808 .. 20.846 T 20.846 TT 20.846 M:  15526.8  17893.9
B 20.846 .. 20.868 T 20.868 TT 20.868 M:  15595.4  14335.9
B 20.868 .. 20.871 T 20.871 TT 20.871 M:  11640.9  14299.3
B 20.871 .. 20.913 T 20.913 TT 20.913 M:  16481.2  16138.0
B 20.913 .. 20.922 T 20.922 TT 20.922 M:  14682.5  15058.2
B 20.922 .. 20.936 T 20.936 TT 20.936 M:  15368.1  15260.4
B 20.936 .. 20.959 T 20.959 TT 20.959 M:  15934.3  14564.6
B 20.959 .. 20.984 T 20.984 TT 20.984 M:  15880.8  16433.4
B 20.984 .. 21.013 T 21.013 TT 21.013 M:  17642.4  17421.3
B 21.013 .. 21.016 T 21.016 TT 21.016 M:  10298.2   9561.6
B 21.016 .. 21.066 T 21.066 TT 21.066 M:  18819.1  16431.1
B 21.066 .. 21.132 T 21.132 TT 21.132 M:  15062.3  16884.3
B 21.132 .. 21.132 T 21.132 TT 21.132 M:   6122.7   7630.5
B 21.132 .. 21.197 T 21.197 TT 21.197 M:  16339.1  16928.8
B 21.197 .. 21.237 T 21.237 TT 21.237 M:  15419.7  16278.9
B 21.237 .. 21.279 T 21.279 TT 21.279 M:  18717.6  14257.2
B 21.279 .. 21.355 T 21.355 TT 21.355 M:  16317.4  16735.9
new alloc for instr 1:
B 21.355 .. 21.432 T 21.432 TT 21.432 M:  18941.6  18203.2
new alloc for instr 1:
B 21.432 .. 21.460 T 21.460 TT 21.460 M:  15724.8  17207.2
B 21.460 .. 21.512 T 21.512 TT 21.512 M:  17007.2  16000.3
B 21.512 .. 21.516 T 21.516 TT 21.516 M:  14306.7  13283.2
B 21.516 .. 21.539 T 21.539 TT 21.539 M:  15138.5  16537.5
B 21.539 .. 21.628 T 21.628 TT 21.628 M:  16062.1  16534.1
new alloc for instr 1:
B 21.628 .. 21.671 T 21.671 TT 21.671 M:  17225.8  17859.3
B 21.671 .. 21.691 T 21.691 TT 21.691 M:  14222.1  12419.3
B 21.691 .. 21.702 T 21.702 TT 21.702 M:  13346.5  15176.7
B 21.702 .. 21.723 T 21.723 TT 21.723 M:  17237.3  17239.1
B 21.723 .. 21.724 T 21.724 TT 21.724 M:  10686.7  11742.6
B 21.724 .. 21.754 T 21.754 TT 21.754 M:  15309.3  13851.7
B 21.754 .. 21.755 T 21.755 TT 21.755 M:   7381.8   8631.8
B 21.755 .. 21.761 T 21.761 TT 21.761 M:  18533.1  17019.1
B 21.761 .. 21.814 T 21.814 TT 21.814 M:  16409.2  16779.8
new alloc for instr 1:
B 21.814 .. 21.817 T 21.817 TT 21.817 M:  15577.9  10885.7
B 21.817 .. 21.889 T 21.889 TT 21.889 M:  15163.8  16483.7
B 21.889 .. 21.913 T 21.913 TT 21.913 M:  14041.9  16343.3
B 21.913 .. 21.939 T 21.939 TT 21.939 M:  16428.6  14612.9
B 21.939 .. 21.971 T 21.971 TT 21.971 M:  17449.3  17881.1
B 21.971 .. 21.992 T 21.992 TT 21.992 M:  14381.9  14455.9
B 21.992 .. 22.088 T 22.088 TT 22.088 M:  16141.4  16371.2
new alloc for instr 1:
B 22.088 .. 22.089 T 22.089 TT 22.089 M:   9774.3  10238.4
new alloc for instr 1:
B 22.089 .. 22.095 T 22.095 TT 22.095 M:  16408.3  14294.6
B 22.095 .. 22.137 T 22.137 TT 22.137 M:  18783.5  20952.4
B 22.137 .. 22.228 T 22.228 TT 22.228 M:  16805.7  16467.3
new alloc for instr 1:
B 22.228 .. 22.229 T 22.229 TT 22.229 M:   8379.5   6499.9
new alloc for instr 1:
B 22.229 .. 22.241 T 22.241 TT 22.241 M:  14490.8  14282.1
B 22.241 .. 22.315 T 22.315 TT 22.315 M:  17088.8  17580.1
B 22.315 .. 22.324 T 22.324 TT 22.324 M:  13888.2  15880.9
new alloc for instr 1:
B 22.324 .. 22.341 T 22.341 TT 22.341 M:  13165.0  13736.5
B 22.341 .. 22.359 T 22.359 TT 22.359 M:  17201.5  14313.1
B 22.359 .. 22.391 T 22.391 TT 22.391 M:  15937.3  16278.5
B 22.391 .. 22.395 T 22.395 TT 22.395 M:  18487.2  18272.9
B 22.395 .. 22.401 T 22.401 TT 22.401 M:  17606.1  13884.1
B 22.401 .. 22.472 T 22.472 TT 22.472 M:  18763.8  18742.7
B 22.472 .. 22.486 T 22.486 TT 22.486 M:  16119.6  19370.1
B 22.486 .. 22.502 T 22.502 TT 22.502 M:  16056.0  17213.8
B 22.502 .. 22.509 T 22.509 TT 22.509 M:  14460.5  15279.6
B 22.509 .. 22.549 T 22.549 TT 22.549 M:  17032.8  20943.8
B 22.549 .. 22.550 T 22.550 TT 22.550 M:  11524.7   9283.1
B 22.550 .. 22.561 T 22.561 TT 22.561 M:  13238.7  17335.6
B 22.561 .. 22.595 T 22.595 TT 22.595 M:  16831.7  17313.6
B 22.595 .. 22.596 T 22.596 TT 22.596 M:  10800.2  11950.5
B 22.596 .. 22.602 T 22.602 TT 22.602 M:  13998.6  11519.2
B 22.602 .. 22.604 T 22.604 TT 22.604 M:  11180.6  12863.8
B 22.604 .. 22.608 T 22.608 TT 22.608 M:  12701.6  13233.9
B 22.608 .. 22.626 T 22.626 TT 22.626 M:  14453.4  15075.5
B 22.626 .. 22.658 T 22.658 TT 22.658 M:  14659.3  19271.1
B 22.658 .. 22.677 T 22.677 TT 22.677 M:  13455.0  16294.4
B 22.677 .. 22.694 T 22.694 TT 22.694 M:  13560.9  16009.8
B 22.694 .. 22.723 T 22.723 TT 22.723 M:  14875.5  16101.0
B 22.723 .. 22.731 T 22.731 TT 22.731 M:  12934.0  16201.5
B 22.731 .. 22.751 T 22.751 TT 22.751 M:  15168.0  18005.1
B 22.751 .. 22.782 T 22.782 TT 22.782 M:  18250.9  17948.4
B 22.782 .. 22.787 T 22.787 TT 22.787 M:  14089.5  12642.3
B 22.787 .. 22.868 T 22.868 TT 22.868 M:  16344.2  19177.6
B 22.868 .. 22.918 T 22.918 TT 22.918 M:  14983.7  19568.8
B 22.918 .. 22.932 T 22.932 TT 22.932 M:  15512.4  19341.9
B 22.932 .. 22.947 T 22.947 TT 22.947 M:  14588.6  16615.4
B 22.947 .. 22.967 T 22.967 TT 22.967 M:  17932.6  18791.7
new alloc for instr 1:
B 22.967 .. 22.986 T 22.986 TT 22.986 M:  16451.1  17270.9
new alloc for instr 1:
B 22.986 .. 23.007 T 23.007 TT 23.007 M:  14803.2  18271.3
B 23.007 .. 23.051 T 23.051 TT 23.051 M:  18465.9  18253.9
B 23.051 .. 23.063 T 23.063 TT 23.063 M:  12850.9  13522.4
new alloc for instr 1:
B 23.063 .. 23.144 T 23.144 TT 23.144 M:  16919.1  19854.9
new alloc for instr 1:
B 23.144 .. 23.173 T 23.173 TT 23.173 M:  16547.8  17158.8
new alloc for instr 1:
B 23.173 .. 23.204 T 23.204 TT 23.204 M:  20397.8  19092.4
B 23.204 .. 23.211 T 23.211 TT 23.211 M:  15706.4  14007.0
B 23.211 .. 23.271 T 23.271 TT 23.271 M:  16840.0  18253.7
B 23.271 .. 23.273 T 23.273 TT 23.273 M:  14272.9  14076.6
B 23.273 .. 23.297 T 23.297 TT 23.297 M:  16800.6  14127.9
B 23.297 .. 23.312 T 23.312 TT 23.312 M:  14063.1  14729.5
B 23.312 .. 23.394 T 23.394 TT 23.394 M:  19970.1  18555.9
B 23.394 .. 23.418 T 23.418 TT 23.418 M:  19509.0  14518.8
B 23.418 .. 23.440 T 23.440 TT 23.440 M:  14683.2  14764.4
B 23.440 .. 23.454 T 23.454 TT 23.454 M:  11607.1  12472.7
B 23.454 .. 23.486 T 23.486 TT 23.486 M:  17341.2  16552.9
B 23.486 .. 23.486 T 23.486 TT 23.486 M:   8992.9   8112.3
B 23.486 .. 23.493 T 23.493 TT 23.493 M:  14482.3  11583.9
B 23.493 .. 23.500 T 23.500 TT 23.500 M:  12146.3  14811.5
B 23.500 .. 23.541 T 23.541 TT 23.541 M:  15803.7  16493.2
B 23.541 .. 23.554 T 23.554 TT 23.554 M:  15735.9  15297.0
B 23.554 .. 23.590 T 23.590 TT 23.590 M:  15458.8  15514.8
B 23.590 .. 23.593 T 23.593 TT 23.593 M:  12481.1  10838.2
B 23.593 .. 23.622 T 23.622 TT 23.622 M:  14410.0  18327.2
B 23.622 .. 23.654 T 23.654 TT 23.654 M:  14504.7  17323.5
B 23.654 .. 23.659 T 23.659 TT 23.659 M:  12726.8  12527.2
B 23.659 .. 23.690 T 23.690 TT 23.690 M:  15165.6  19000.6
B 23.690 .. 23.741 T 23.741 TT 23.741 M:  16926.3  18684.3
B 23.741 .. 23.760 T 23.760 TT 23.760 M:  15914.6  14594.1
B 23.760 .. 23.796 T 23.796 TT 23.796 M:  18145.3  19558.0
B 23.796 .. 23.813 T 23.813 TT 23.813 M:  19371.1  16644.4
B 23.813 .. 23.852 T 23.852 TT 23.852 M:  16770.9  16144.7
B 23.852 .. 23.854 T 23.854 TT 23.854 M:  16506.7  11194.8
B 23.854 .. 23.893 T 23.893 TT 23.893 M:  16370.7  16971.1
B 23.893 .. 23.897 T 23.897 TT 23.897 M:  14713.9  15519.6
B 23.897 .. 23.915 T 23.915 TT 23.915 M:  17496.0  16793.0
new alloc for instr 1:
B 23.915 .. 24.005 T 24.005 TT 24.005 M:  19291.3  16967.7
new alloc for instr 1:
B 24.005 .. 24.018 T 24.018 TT 24.018 M:  19754.8  15780.9
new alloc for instr 1:
B 24.018 .. 24.024 T 24.024 TT 24.024 M:  13402.6  15678.7
B 24.024 .. 24.025 T 24.025 TT 24.025 M:   7368.8  10290.6
B 24.025 .. 24.076 T 24.076 TT 24.076 M:  15955.9  18006.4
B 24.076 .. 24.079 T 24.079 TT 24.079 M:  12725.9  14239.8
B 24.079 .. 24.087 T 24.087 TT 24.087 M:  13111.1  14458.3
B 24.087 .. 24.092 T 24.092 TT 24.092 M:  13685.2  16023.0
B 24.092 .. 24.123 T 24.123 TT 24.123 M:  15455.3  18701.0
B 24.123 .. 24.143 T 24.143 TT 24.143 M:  12428.8  15618.5
B 24.143 .. 24.206 T 24.206 TT 24.206 M:  15524.0  18351.8
B 24.206 .. 24.230 T 24.230 TT 24.230 M:  15859.3  15950.3
B 24.230 .. 24.312 T 24.312 TT 24.312 M:  17199.2  19961.5
B 24.312 .. 24.346 T 24.346 TT 24.346 M:  16935.5  16154.5
B 24.346 .. 24.379 T 24.379 TT 24.379 M:  16644.8  19794.7
B 24.379 .. 24.392 T 24.392 TT 24.392 M:  14252.8  17205.5
B 24.392 .. 24.470 T 24.470 TT 24.470 M:  15807.5  16246.5
B 24.470 .. 24.483 T 24.483 TT 24.483 M:  14571.8  14680.5
B 24.483 .. 24.518 T 24.518 TT 24.518 M:  18005.9  17196.4
B 24.518 .. 24.534 T 24.534 TT 24.534 M:  14130.9  16240.5
B 24.534 .. 24.561 T 24.561 TT 24.561 M:  15337.9  20732.0
B 24.561 .. 24.569 T 24.569 TT 24.569 M:  14152.6  14851.4
B 24.569 .. 24.597 T 24.597 TT 24.597 M:  19639.5  17980.8
B 24.597 .. 24.604 T 24.604 TT 24.604 M:  15442.5  15359.8
B 24.604 .. 24.605 T 24.605 TT 24.605 M:   9662.3   9781.4
B 24.605 .. 24.622 T 24.622 TT 24.622 M:  16762.5  14583.8
B 24.622 .. 24.648 T 24.648 TT 24.648 M:  14736.5  16602.9
B 24.648 .. 24.648 T 24.648 TT 24.648 M:   5619.0   4623.2
B 24.648 .. 24.680 T 24.680 TT 24.680 M:  16003.1  12747.9
B 24.680 .. 24.694 T 24.694 TT 24.694 M:  16649.0  13451.7
B 24.694 .. 24.702 T 24.702 TT 24.702 M:  15319.6  14527.3
B 24.702 .. 24.714 T 24.714 TT 24.714 M:  18263.1  14271.9
B 24.714 .. 24.714 T 24.714 TT 24.714 M:   9796.0  10351.0
B 24.714 .. 24.768 T 24.768 TT 24.768 M:  16060.5  17694.8
B 24.768 .. 24.790 T 24.790 TT 24.790 M:  17252.5  17351.9
B 24.790 .. 24.810 T 24.810 TT 24.810 M:  17205.2  15409.7
B 24.810 .. 24.813 T 24.813 TT 24.813 M:  11507.2   8857.3
B 24.813 .. 24.858 T 24.858 TT 24.858 M:  15786.6  15179.2
B 24.858 .. 24.895 T 24.895 TT 24.895 M:  15371.9  17347.7
B 24.895 .. 24.930 T 24.930 TT 24.930 M:  13671.0  18214.0
B 24.930 .. 24.949 T 24.949 TT 24.949 M:  13371.7  15620.9
B 24.949 .. 25.007 T 25.007 TT 25.007 M:  14843.2  15687.1
B 25.007 .. 25.030 T 25.030 TT 25.030 M:  15586.3  15152.9
B 25.030 .. 25.072 T 25.072 TT 25.072 M:  16308.5  16883.9
B 25.072 .. 25.081 T 25.081 TT 25.081 M:  14217.1  14794.5
B 25.081 .. 25.108 T 25.108 TT 25.108 M:  15555.5  15652.1
B 25.108 .. 25.119 T 25.119 TT 25.119 M:  13741.5  13002.5
B 25.119 .. 25.155 T 25.155 TT 25.155 M:  15697.8  15157.1
B 25.155 .. 25.217 T 25.217 TT 25.217 M:  15341.7  20100.1
B 25.217 .. 25.230 T 25.230 TT 25.230 M:  19301.0  16604.2
B 25.230 .. 25.236 T 25.236 TT 25.236 M:  16382.2  12667.0
B 25.236 .. 25.241 T 25.241 TT 25.241 M:  11424.5  10550.7
B 25.241 .. 25.272 T 25.272 TT 25.272 M:  18698.2  17137.9
B 25.272 .. 25.324 T 25.324 TT 25.324 M:  19468.5  18808.2
B 25.324 .. 25.342 T 25.342 TT 25.342 M:  14367.6  15325.9
B 25.342 .. 25.351 T 25.351 TT 25.351 M:  13377.9  12186.7
B 25.351 .. 25.355 T 25.355 TT 25.355 M:  13662.1  14318.6
B 25.355 .. 25.358 T 25.358 TT 25.358 M:  14031.4  11249.6
B 25.358 .. 25.365 T 25.365 TT 25.365 M:  14081.8  12304.3
B 25.365 .. 25.392 T 25.392 TT 25.392 M:  15295.7  15033.1
B 25.392 .. 25.408 T 25.408 TT 25.408 M:  15924.9  15783.3
B 25.408 .. 25.419 T 25.419 TT 25.419 M:  13049.8  15653.6
B 25.419 .. 25.434 T 25.434 TT 25.434 M:  17517.6  16071.4
B 25.434 .. 25.466 T 25.466 TT 25.466 M:  14962.1  18861.1
B 25.466 .. 25.486 T 25.486 TT 25.486 M:  13880.4  13342.6
B 25.486 .. 25.496 T 25.496 TT 25.496 M:  16114.1  13417.6
B 25.496 .. 25.512 T 25.512 TT 25.512 M:  15814.4  13934.7
B 25.512 .. 25.513 T 25.513 TT 25.513 M:  11210.7  12618.9
B 25.513 .. 25.542 T 25.542 TT 25.542 M:  20441.5  17935.3
B 25.542 .. 25.555 T 25.555 TT 25.555 M:  15020.4  14675.5
B 25.555 .. 25.596 T 25.596 TT 25.596 M:  17953.8  20976.5
B 25.596 .. 25.601 T 25.601 TT 25.601 M:  12982.2  14331.5
B 25.601 .. 25.603 T 25.603 TT 25.603 M:  10012.8  11287.7
B 25.603 .. 25.606 T 25.606 TT 25.606 M:  10965.7  12252.4
B 25.606 .. 25.646 T 25.646 TT 25.646 M:  14738.9  17752.2
B 25.646 .. 25.651 T 25.651 TT 25.651 M:  16225.4  14334.7
B 25.651 .. 25.664 T 25.664 TT 25.664 M:  13686.3  15419.9
B 25.664 .. 25.666 T 25.666 TT 25.666 M:  12227.8  10715.1
B 25.666 .. 25.683 T 25.683 TT 25.683 M:  14422.7  16912.1
B 25.683 .. 25.717 T 25.717 TT 25.717 M:  15306.2  14990.8
B 25.717 .. 25.756 T 25.756 TT 25.756 M:  17648.2  15602.1
B 25.756 .. 25.758 T 25.758 TT 25.758 M:   9497.8  10494.5
B 25.758 .. 25.761 T 25.761 TT 25.761 M:  10022.7  11304.8
B 25.761 .. 25.787 T 25.787 TT 25.787 M:  20581.1  17058.7
B 25.787 .. 25.797 T 25.797 TT 25.797 M:  14993.9  14245.2
B 25.797 .. 25.805 T 25.805 TT 25.805 M:  13350.2  14999.7
B 25.805 .. 25.805 T 25.805 TT 25.805 M:   7306.9   8883.2
B 25.805 .. 25.829 T 25.829 TT 25.829 M:  16661.4  15037.7
B 25.829 .. 25.886 T 25.886 TT 25.886 M:  14234.5  16021.4
B 25.886 .. 25.894 T 25.894 TT 25.894 M:  13309.6  13863.9
B 25.894 .. 25.974 T 25.974 TT 25.974 M:  14587.5  16090.8
B 25.974 .. 25.997 T 25.997 TT 25.997 M:  14334.2  15597.6
B 25.997 .. 26.003 T 26.003 TT 26.003 M:  14926.3  14912.6
B 26.003 .. 26.057 T 26.057 TT 26.057 M:  18532.6  22081.2
B 26.057 .. 26.094 T 26.094 TT 26.094 M:  15062.3  14992.6
B 26.094 .. 26.096 T 26.096 TT 26.096 M:  10661.9  10542.3
B 26.096 .. 26.129 T 26.129 TT 26.129 M:  17162.1  17910.6
B 26.129 .. 26.162 T 26.162 TT 26.162 M:  14565.4  16096.5
B 26.162 .. 26.167 T 26.167 TT 26.167 M:  10729.3  13356.9
B 26.167 .. 26.179 T 26.179 TT 26.179 M:  15454.4  12948.9
B 26.179 .. 26.277 T 26.277 TT 26.277 M:  17042.6  20131.3
B 26.277 .. 26.368 T 26.368 TT 26.368 M:  18041.2  19167.1
B 26.368 .. 26.386 T 26.386 TT 26.386 M:  15008.7  16574.0
B 26.386 .. 26.433 T 26.433 TT 26.433 M:  21508.4  15718.6
B 26.433 .. 26.433 T 26.433 TT 26.433 M:   7207.4   7283.1
B 26.433 .. 26.441 T 26.441 TT 26.441 M:  19225.6  12670.3
B 26.441 .. 26.496 T 26.496 TT 26.496 M:  17116.8  15777.6
B 26.496 .. 26.515 T 26.515 TT 26.515 M:  20279.0  13720.3
B 26.515 .. 26.522 T 26.522 TT 26.522 M:  14781.7  15097.6
B 26.522 .. 26.522 T 26.522 TT 26.522 M:  10040.9   6592.0
B 26.522 .. 26.533 T 26.533 TT 26.533 M:  14422.2  15141.0
B 26.533 .. 26.584 T 26.584 TT 26.584 M:  17075.1  19718.0
B 26.584 .. 26.600 T 26.600 TT 26.600 M:  15377.0  14923.8
B 26.600 .. 26.602 T 26.602 TT 26.602 M:  13604.9  10114.2
B 26.602 .. 26.633 T 26.633 TT 26.633 M:  16652.3  15080.3
B 26.633 .. 26.654 T 26.654 TT 26.654 M:  14824.0  17695.3
B 26.654 .. 26.660 T 26.660 TT 26.660 M:  15000.7  15977.6
B 26.660 .. 26.692 T 26.692 TT 26.692 M:  14985.5  14907.6
B 26.692 .. 26.705 T 26.705 TT 26.705 M:  14289.4  12234.9
B 26.705 .. 26.729 T 26.729 TT 26.729 M:  13843.4  14476.0
B 26.729 .. 26.737 T 26.737 TT 26.737 M:  12658.1  14619.9
B 26.737 .. 26.744 T 26.744 TT 26.744 M:  14216.0  13321.3
B 26.744 .. 26.763 T 26.763 TT 26.763 M:  15309.8  16623.9
B 26.763 .. 26.806 T 26.806 TT 26.806 M:  18311.7  15481.6
B 26.806 .. 26.816 T 26.816 TT 26.816 M:  16673.3  12584.0
B 26.816 .. 26.868 T 26.868 TT 26.868 M:  18096.8  17556.5
B 26.868 .. 26.924 T 26.924 TT 26.924 M:  14968.5  17799.1
B 26.924 .. 26.989 T 26.989 TT 26.989 M:  16736.1  15527.4
B 26.989 .. 26.989 T 26.989 TT 26.989 M:  11390.7   5844.2
B 26.989 .. 27.038 T 27.038 TT 27.038 M:  17202.2  19878.6
B 27.038 .. 27.039 T 27.039 TT 27.039 M:   9171.6  14313.9
B 27.039 .. 27.060 T 27.060 TT 27.060 M:  15662.8  15216.3
B 27.060 .. 27.092 T 27.092 TT 27.092 M:  17954.5  16793.7
B 27.092 .. 27.106 T 27.106 TT 27.106 M:  14901.8  13736.6
B 27.106 .. 27.139 T 27.139 TT 27.139 M:  14789.9  19402.3
B 27.139 .. 27.161 T 27.161 TT 27.161 M:  18408.7  17322.7
B 27.161 .. 27.203 T 27.203 TT 27.203 M:  15290.0  16705.7
B 27.203 .. 27.232 T 27.232 TT 27.232 M:  15253.2  17802.1
B 27.232 .. 27.259 T 27.259 TT 27.259 M:  14412.7  15500.0
B 27.259 .. 27.297 T 27.297 TT 27.297 M:  13740.5  16621.7
B 27.297 .. 27.300 T 27.300 TT 27.300 M:  11638.0  13739.8
B 27.300 .. 27.302 T 27.302 TT 27.302 M:  10646.4  10551.4
B 27.302 .. 27.320 T 27.320 TT 27.320 M:  12674.7  14378.5
B 27.320 .. 27.358 T 27.358 TT 27.358 M:  14356.5  14220.2
B 27.358 .. 27.376 T 27.376 TT 27.376 M:  15448.7  16710.0
B 27.376 .. 27.425 T 27.425 TT 27.425 M:  19410.1  21993.2
B 27.425 .. 27.433 T 27.433 TT 27.433 M:  12893.5  13239.1
B 27.433 .. 27.444 T 27.444 TT 27.444 M:  12096.5  12358.2
B 27.444 .. 27.502 T 27.502 TT 27.502 M:  20629.3  18395.1
B 27.502 .. 27.504 T 27.504 TT 27.504 M:   8354.9  10597.2
B 27.504 .. 27.562 T 27.562 TT 27.562 M:  18440.5  16818.2
B 27.562 .. 27.656 T 27.656 TT 27.656 M:  18968.5  18114.4
B 27.656 .. 27.689 T 27.689 TT 27.689 M:  17656.5  15679.7
B 27.689 .. 27.750 T 27.750 TT 27.750 M:  16020.7  16130.8
B 27.750 .. 27.760 T 27.760 TT 27.760 M:  15511.4  16516.5
B 27.760 .. 27.764 T 27.764 TT 27.764 M:  12116.9  10589.4
B 27.764 .. 27.783 T 27.783 TT 27.783 M:  15276.9  16004.3
B 27.783 .. 27.800 T 27.800 TT 27.800 M:  15790.4  15895.0
B 27.800 .. 27.803 T 27.803 TT 27.803 M:  11506.2  12935.7
B 27.803 .. 27.815 T 27.815 TT 27.815 M:  14138.6  16486.1
B 27.815 .. 27.840 T 27.840 TT 27.840 M:  13895.5  18754.1
B 27.840 .. 27.852 T 27.852 TT 27.852 M:  13978.3  16675.7
B 27.852 .. 27.874 T 27.874 TT 27.874 M:  13708.4  15448.0
B 27.874 .. 27.886 T 27.886 TT 27.886 M:  16913.0  16343.3
B 27.886 .. 27.915 T 27.915 TT 27.915 M:  14175.6  16285.5
B 27.915 .. 27.948 T 27.948 TT 27.948 M:  13772.7  15846.7
B 27.948 .. 27.971 T 27.971 TT 27.971 M:  15779.7  15830.5
B 27.971 .. 27.971 T 27.971 TT 27.971 M:   9971.7   9161.3
B 27.971 .. 27.981 T 27.981 TT 27.981 M:  13264.0  10827.3
B 27.981 .. 28.018 T 28.018 TT 28.018 M:  16588.8  15941.4
B 28.018 .. 28.035 T 28.035 TT 28.035 M:  17711.5  15717.2
B 28.035 .. 28.059 T 28.059 TT 28.059 M:  16029.1  17059.4
B 28.059 .. 28.064 T 28.064 TT 28.064 M:  17941.8  15472.8
B 28.064 .. 28.110 T 28.110 TT 28.110 M:  18870.7  18863.0
B 28.110 .. 28.168 T 28.168 TT 28.168 M:  20966.8  21620.5
B 28.168 .. 28.179 T 28.179 TT 28.179 M:  14695.4  13986.5
B 28.179 .. 28.244 T 28.244 TT 28.244 M:  15958.9  15275.4
B 28.244 .. 28.275 T 28.275 TT 28.275 M:  15170.4  15932.7
B 28.275 .. 28.304 T 28.304 TT 28.304 M:  14616.1  15246.2
B 28.304 .. 28.317 T 28.317 TT 28.317 M:  16385.0  17031.1
B 28.317 .. 28.326 T 28.326 TT 28.326 M:  14136.1  16678.8
B 28.326 .. 28.340 T 28.340 TT 28.340 M:  17612.6  17642.8
B 28.340 .. 28.353 T 28.353 TT 28.353 M:  18470.8  17977.9
B 28.353 .. 28.396 T 28.396 TT 28.396 M:  15813.0  17296.9
B 28.396 .. 28.424 T 28.424 TT 28.424 M:  16795.5  16825.3
B 28.424 .. 28.433 T 28.433 TT 28.433 M:  11994.5  10524.4
B 28.433 .. 28.495 T 28.495 TT 28.495 M:  16335.0  17365.5
B 28.495 .. 28.495 T 28.495 TT 28.495 M:   3499.5   6154.6
B 28.495 .. 28.517 T 28.517 TT 28.517 M:  14173.0  17853.5
B 28.517 .. 28.520 T 28.520 TT 28.520 M:  12492.7  14007.7
B 28.520 .. 28.547 T 28.547 TT 28.547 M:  17618.4  17182.8
B 28.547 .. 28.570 T 28.570 TT 28.570 M:  15192.8  15581.1
B 28.570 .. 28.578 T 28.578 TT 28.578 M:  12454.1  14451.5
B 28.578 .. 28.600 T 28.600 TT 28.600 M:  19335.2  16348.2
B 28.600 .. 28.640 T 28.640 TT 28.640 M:  16976.5  18301.5
B 28.640 .. 28.657 T 28.657 TT 28.657 M:  18752.8  17169.9
B 28.657 .. 28.691 T 28.691 TT 28.691 M:  17818.2  16510.2
B 28.691 .. 28.779 T 28.779 TT 28.779 M:  16941.4  19331.6
B 28.779 .. 28.792 T 28.792 TT 28.792 M:  16032.5  19025.1
B 28.792 .. 28.803 T 28.803 TT 28.803 M:  16484.1  17594.9
B 28.803 .. 28.805 T 28.805 TT 28.805 M:   8564.9  13274.2
B 28.805 .. 28.873 T 28.873 TT 28.873 M:  16959.9  18438.9
B 28.873 .. 28.889 T 28.889 TT 28.889 M:  14964.0  18248.8
B 28.889 .. 28.920 T 28.920 TT 28.920 M:  20171.3  19113.4
B 28.920 .. 28.950 T 28.950 TT 28.950 M:  13885.2  18549.9
B 28.950 .. 28.961 T 28.961 TT 28.961 M:  15045.3  15769.6
B 28.961 .. 29.026 T 29.026 TT 29.026 M:  19217.1  20193.9
B 29.026 .. 29.083 T 29.083 TT 29.083 M:  15800.4  16563.0
B 29.083 .. 29.086 T 29.086 TT 29.086 M:  12497.1  14159.8
B 29.086 .. 29.125 T 29.125 TT 29.125 M:  16256.1  15721.0
B 29.125 .. 29.190 T 29.190 TT 29.190 M:  19790.6  18754.6
B 29.190 .. 29.205 T 29.205 TT 29.205 M:  13456.3  16049.5
B 29.205 .. 29.232 T 29.232 TT 29.232 M:  16995.0  16891.2
B 29.232 .. 29.267 T 29.267 TT 29.267 M:  14371.5  17852.6
B 29.267 .. 29.316 T 29.316 TT 29.316 M:  19853.8  18878.4
B 29.316 .. 29.317 T 29.317 TT 29.317 M:  11998.5   8023.9
B 29.317 .. 29.330 T 29.330 TT 29.330 M:  16212.8  15031.8
B 29.330 .. 29.349 T 29.349 TT 29.349 M:  13571.9  18144.0
B 29.349 .. 29.372 T 29.372 TT 29.372 M:  15016.0  17291.4
B 29.372 .. 29.438 T 29.438 TT 29.438 M:  17568.6  17227.7
B 29.438 .. 29.442 T 29.442 TT 29.442 M:  13154.7  15961.7
B 29.442 .. 29.474 T 29.474 TT 29.474 M:  15029.3  15328.3
B 29.474 .. 29.487 T 29.487 TT 29.487 M:  13650.3  17656.5
B 29.487 .. 29.523 T 29.523 TT 29.523 M:  14764.7  20212.2
B 29.523 .. 29.548 T 29.548 TT 29.548 M:  14839.2  16115.3
B 29.548 .. 29.599 T 29.599 TT 29.599 M:  15142.9  17212.3
B 29.599 .. 29.610 T 29.610 TT 29.610 M:  13382.9  17480.2
B 29.610 .. 29.612 T 29.612 TT 29.612 M:  10250.0  12018.1
B 29.612 .. 29.628 T 29.628 TT 29.628 M:  14548.1  15229.2
B 29.628 .. 29.635 T 29.635 TT 29.635 M:  11775.3  13179.3
B 29.635 .. 29.637 T 29.637 TT 29.637 M:  12511.9  12726.5
B 29.637 .. 29.668 T 29.668 TT 29.668 M:  15919.0  14320.9
B 29.668 .. 29.670 T 29.670 TT 29.670 M:  13154.2  12330.5
B 29.670 .. 29.732 T 29.732 TT 29.732 M:  16351.7  18617.5
B 29.732 .. 29.739 T 29.739 TT 29.739 M:  19308.6  16788.7
B 29.739 .. 29.747 T 29.747 TT 29.747 M:  13473.4  17246.4
B 29.747 .. 29.773 T 29.773 TT 29.773 M:  15765.7  16974.9
B 29.773 .. 29.773 T 29.773 TT 29.773 M:   8660.7   6070.0
B 29.773 .. 29.790 T 29.790 TT 29.790 M:  16823.8  18652.6
B 29.790 .. 29.812 T 29.812 TT 29.812 M:  14211.6  14354.1
B 29.812 .. 29.848 T 29.848 TT 29.848 M:  16278.0  14567.1
B 29.848 .. 29.873 T 29.873 TT 29.873 M:  15068.4  19170.9
B 29.873 .. 29.887 T 29.887 TT 29.887 M:  13369.6  17810.1
B 29.887 .. 29.918 T 29.918 TT 29.918 M:  14551.6  19550.6
B 29.918 .. 29.955 T 29.955 TT 29.955 M:  14514.2  15349.6
B 29.955 .. 29.969 T 29.969 TT 29.969 M:  20488.9  17032.1
B 29.969 .. 30.052 T 30.052 TT 30.052 M:  17077.7  17453.5
B 30.052 .. 30.064 T 30.064 TT 30.064 M:  18546.6  15116.6
B 30.064 .. 30.139 T 30.139 TT 30.139 M:  18179.1  17762.0
B 30.139 .. 30.151 T 30.151 TT 30.151 M:  16058.8  18448.5
B 30.151 .. 30.192 T 30.192 TT 30.192 M:  15374.5  18803.3
B 30.192 .. 30.203 T 30.203 TT 30.203 M:  14853.8  18120.1
B 30.203 .. 30.242 T 30.242 TT 30.242 M:  16798.2  23106.0
B 30.242 .. 30.267 T 30.267 TT 30.267 M:  15458.6  17851.4
B 30.267 .. 30.278 T 30.278 TT 30.278 M:  11876.5  13165.1
B 30.278 .. 30.298 T 30.298 TT 30.298 M:  14841.6  18587.3
B 30.298 .. 30.340 T 30.340 TT 30.340 M:  15460.0  16793.7
B 30.340 .. 30.341 T 30.341 TT 30.341 M:   9091.0  11988.4
B 30.341 .. 30.366 T 30.366 TT 30.366 M:  13761.9  17892.1
B 30.366 .. 30.387 T 30.387 TT 30.387 M:  16627.2  12781.3
B 30.387 .. 30.430 T 30.430 TT 30.430 M:  14712.3  17387.1
B 30.430 .. 30.452 T 30.452 TT 30.452 M:  13866.1  17253.9
B 30.452 .. 30.470 T 30.470 TT 30.470 M:  12265.1  13266.4
B 30.470 .. 30.505 T 30.505 TT 30.505 M:  14669.5  16103.2
B 30.505 .. 30.525 T 30.525 TT 30.525 M:  13101.7  13460.1
B 30.525 .. 30.537 T 30.537 TT 30.537 M:  13154.7  13515.2
B 30.537 .. 30.546 T 30.546 TT 30.546 M:  13475.8  17918.7
B 30.546 .. 30.554 T 30.554 TT 30.554 M:  11478.5  11525.5
B 30.554 .. 30.601 T 30.601 TT 30.601 M:  15776.5  17692.5
B 30.601 .. 30.630 T 30.630 TT 30.630 M:  14756.3  13404.6
B 30.630 .. 30.636 T 30.636 TT 30.636 M:  12777.9  12815.4
B 30.636 .. 30.664 T 30.664 TT 30.664 M:  15282.7  15470.4
B 30.664 .. 30.706 T 30.706 TT 30.706 M:  15643.2  15746.6
B 30.706 .. 30.719 T 30.719 TT 30.719 M:  15606.9  15647.3
B 30.719 .. 30.758 T 30.758 TT 30.758 M:  15869.6  17725.4
B 30.758 .. 30.760 T 30.760 TT 30.760 M:  10565.0   9936.6
B 30.760 .. 30.787 T 30.787 TT 30.787 M:  14495.1  13858.4
B 30.787 .. 30.805 T 30.805 TT 30.805 M:  13138.8  15354.2
B 30.805 .. 30.817 T 30.817 TT 30.817 M:  11502.6  12426.7
B 30.817 .. 30.827 T 30.827 TT 30.827 M:  14412.0  13346.6
B 30.827 .. 30.831 T 30.831 TT 30.831 M:  13569.2  10718.0
B 30.831 .. 30.858 T 30.858 TT 30.858 M:  16323.9  16535.6
B 30.858 .. 30.883 T 30.883 TT 30.883 M:  14244.0  14462.6
B 30.883 .. 30.894 T 30.894 TT 30.894 M:  13081.0  12524.5
B 30.894 .. 30.952 T 30.952 TT 30.952 M:  14280.8  17486.1
B 30.952 .. 30.980 T 30.980 TT 30.980 M:  12661.6  17784.1
B 30.980 .. 30.984 T 30.984 TT 30.984 M:  11766.9  11295.5
B 30.984 .. 30.991 T 30.991 TT 30.991 M:  13291.1  14282.3
B 30.991 .. 30.992 T 30.992 TT 30.992 M:  10537.9  16916.3
B 30.992 .. 31.002 T 31.002 TT 31.002 M:  14657.8  13880.7
B 31.002 .. 31.015 T 31.015 TT 31.015 M:  14616.9  16037.8
B 31.015 .. 31.017 T 31.017 TT 31.017 M:  13712.7  13693.7
B 31.017 .. 31.028 T 31.028 TT 31.028 M:  16217.1  15008.7
B 31.028 .. 31.035 T 31.035 TT 31.035 M:  15112.2  13768.4
B 31.035 .. 31.070 T 31.070 TT 31.070 M:  15252.0  15788.2
B 31.070 .. 31.093 T 31.093 TT 31.093 M:  17629.4  16341.2
B 31.093 .. 31.106 T 31.106 TT 31.106 M:  13517.2  16043.5
B 31.106 .. 31.155 T 31.155 TT 31.155 M:  15594.9  14545.0
B 31.155 .. 31.184 T 31.184 TT 31.184 M:  14161.9  15713.5
B 31.184 .. 31.208 T 31.208 TT 31.208 M:  16007.2  18793.3
B 31.208 .. 31.223 T 31.223 TT 31.223 M:  15804.8  19875.0
B 31.223 .. 31.268 T 31.268 TT 31.268 M:  17741.2  16243.3
B 31.268 .. 31.272 T 31.272 TT 31.272 M:  10198.8  10908.5
B 31.272 .. 31.296 T 31.296 TT 31.296 M:  14518.1  12980.3
B 31.296 .. 31.357 T 31.357 TT 31.357 M:  17400.4  16924.7
B 31.357 .. 31.387 T 31.387 TT 31.387 M:  16816.6  16152.5
B 31.387 .. 31.402 T 31.402 TT 31.402 M:  16613.6  14094.4
B 31.402 .. 31.406 T 31.406 TT 31.406 M:  10807.5  12260.0
B 31.406 .. 31.440 T 31.440 TT 31.440 M:  22293.1  17770.3
B 31.440 .. 31.453 T 31.453 TT 31.453 M:  16269.8  19197.7
B 31.453 .. 31.467 T 31.467 TT 31.467 M:  14219.5  16168.6
B 31.467 .. 31.485 T 31.485 TT 31.485 M:  20448.0  20318.8
B 31.485 .. 31.524 T 31.524 TT 31.524 M:  22693.4  17833.1
B 31.524 .. 31.533 T 31.533 TT 31.533 M:  13313.3  13894.1
B 31.533 .. 31.539 T 31.539 TT 31.539 M:  12833.9  15330.6
B 31.539 .. 31.589 T 31.589 TT 31.589 M:  19450.7  19115.8
B 31.589 .. 31.615 T 31.615 TT 31.615 M:  19814.6  16158.8
B 31.615 .. 31.632 T 31.632 TT 31.632 M:  17832.1  15006.5
B 31.632 .. 31.652 T 31.652 TT 31.652 M:  14476.6  18719.9
B 31.652 .. 31.694 T 31.694 TT 31.694 M:  15941.4  17413.9
B 31.694 .. 31.712 T 31.712 TT 31.712 M:  15107.4  16296.5
B 31.712 .. 31.747 T 31.747 TT 31.747 M:  14962.6  14892.3
B 31.747 .. 31.767 T 31.767 TT 31.767 M:  16847.5  17407.5
B 31.767 .. 31.805 T 31.805 TT 31.805 M:  15816.9  17061.0
B 31.805 .. 31.821 T 31.821 TT 31.821 M:  14122.5  14188.0
B 31.821 .. 31.844 T 31.844 TT 31.844 M:  17391.6  15606.3
B 31.844 .. 31.862 T 31.862 TT 31.862 M:  19601.2  13687.2
B 31.862 .. 31.905 T 31.905 TT 31.905 M:  14656.5  16030.4
B 31.905 .. 31.945 T 31.945 TT 31.945 M:  19357.8  19197.6
B 31.945 .. 32.123 T 32.123 TT 32.123 M:  20318.7  19382.8
B 32.123 .. 32.155 T 32.155 TT 32.155 M:  17243.0  15400.6
B 32.155 .. 32.228 T 32.228 TT 32.228 M:  15763.5  16231.7
B 32.228 .. 32.385 T 32.385 TT 32.385 M:  17506.2  16458.5
B 32.385 .. 32.417 T 32.417 TT 32.417 M:  16678.1  14619.4
B 32.417 .. 32.435 T 32.435 TT 32.435 M:  16346.9  19651.3
B 32.435 .. 32.528 T 32.528 TT 32.528 M:  15539.7  19521.1
B 32.528 .. 32.559 T 32.559 TT 32.559 M:  15943.5  16025.3
B 32.559 .. 32.561 T 32.561 TT 32.561 M:  12125.7  12469.2
B 32.561 .. 32.561 T 32.561 TT 32.561 M:   6568.7   7778.2
B 32.561 .. 32.611 T 32.611 TT 32.611 M:  13905.8  15290.0
B 32.611 .. 32.630 T 32.630 TT 32.630 M:  14911.4  15698.2
B 32.630 .. 32.697 T 32.697 TT 32.697 M:  17754.2  15893.6
B 32.697 .. 32.770 T 32.770 TT 32.770 M:  19303.1  16900.4
B 32.770 .. 32.783 T 32.783 TT 32.783 M:  12703.6  15878.8
B 32.783 .. 33.004 T 33.004 TT 33.004 M:  19040.2  19418.3
B 33.004 .. 33.103 T 33.103 TT 33.103 M:  16941.2  16514.7
B 33.103 .. 33.146 T 33.146 TT 33.146 M:  15173.8  18211.9
B 33.146 .. 33.160 T 33.160 TT 33.160 M:  13890.2  13040.2
B 33.160 .. 33.201 T 33.201 TT 33.201 M:  13380.0  15284.8
B 33.201 .. 33.210 T 33.210 TT 33.210 M:  14214.3  14282.4
B 33.210 .. 33.259 T 33.259 TT 33.259 M:  16774.8  16719.6
B 33.259 .. 33.367 T 33.367 TT 33.367 M:  18258.1  17791.0
B 33.367 .. 33.382 T 33.382 TT 33.382 M:  11854.9  14213.8
B 33.382 .. 33.393 T 33.393 TT 33.393 M:  12047.6  16149.7
B 33.393 .. 33.533 T 33.533 TT 33.533 M:  15932.6  17398.9
B 33.533 .. 33.611 T 33.611 TT 33.611 M:  14537.0  16928.2
B 33.611 .. 33.771 T 33.771 TT 33.771 M:  16787.1  16155.5
B 33.771 .. 33.843 T 33.843 TT 33.843 M:  14897.1  17402.6
B 33.843 .. 33.852 T 33.852 TT 33.852 M:  12932.3  19352.4
B 33.852 .. 33.880 T 33.880 TT 33.880 M:  19601.3  15816.3
B 33.880 .. 33.912 T 33.912 TT 33.912 M:  15441.1  14790.6
B 33.912 .. 33.975 T 33.975 TT 33.975 M:  16540.5  20203.5
B 33.975 .. 34.009 T 34.009 TT 34.009 M:  18599.2  14452.8
B 34.009 .. 34.078 T 34.078 TT 34.078 M:  14749.3  19069.4
B 34.078 .. 34.080 T 34.080 TT 34.080 M:  10254.2  12529.6
B 34.080 .. 34.118 T 34.118 TT 34.118 M:  14891.1  14317.7
B 34.118 .. 34.291 T 34.291 TT 34.291 M:  15539.4  16580.6
B 34.291 .. 34.409 T 34.409 TT 34.409 M:  13811.2  16064.1
B 34.409 .. 34.423 T 34.423 TT 34.423 M:  15440.6  14191.2
B 34.423 .. 34.472 T 34.472 TT 34.472 M:  14643.3  14093.7
B 34.472 .. 34.475 T 34.475 TT 34.475 M:  10242.4  10926.6
B 34.475 .. 34.487 T 34.487 TT 34.487 M:  13358.9  14289.5
B 34.487 .. 34.536 T 34.536 TT 34.536 M:  15773.8  15858.5
B 34.536 .. 34.603 T 34.603 TT 34.603 M:  14815.7  15576.0
B 34.603 .. 34.609 T 34.609 TT 34.609 M:  11384.5  14916.4
B 34.609 .. 34.659 T 34.659 TT 34.659 M:  16177.9  17335.6
B 34.659 .. 34.674 T 34.674 TT 34.674 M:  12632.9  15319.1
B 34.674 .. 34.682 T 34.682 TT 34.682 M:  14134.0  12535.2
B 34.682 .. 34.722 T 34.722 TT 34.722 M:  13029.7  14915.2
B 34.722 .. 34.743 T 34.743 TT 34.743 M:  11847.1  17881.6
B 34.743 .. 34.775 T 34.775 TT 34.775 M:  12982.5  12799.5
B 34.775 .. 34.914 T 34.914 TT 34.914 M:  15742.1  15947.4
B 34.914 .. 34.991 T 34.991 TT 34.991 M:  14061.9  17521.6
B 34.991 .. 35.016 T 35.016 TT 35.016 M:  12434.6  12343.9
B 35.016 .. 35.031 T 35.031 TT 35.031 M:  14223.6  13809.8
B 35.031 .. 35.046 T 35.046 TT 35.046 M:  13547.8  15302.4
B 35.046 .. 35.067 T 35.067 TT 35.067 M:  15468.3  12156.6
B 35.067 .. 35.186 T 35.186 TT 35.186 M:  14651.8  17495.2
B 35.186 .. 35.235 T 35.235 TT 35.235 M:  13714.1  15200.9
B 35.235 .. 35.274 T 35.274 TT 35.274 M:  13087.3  14848.1
B 35.274 .. 35.389 T 35.389 TT 35.389 M:  13612.6  17043.9
B 35.389 .. 35.416 T 35.416 TT 35.416 M:  13987.3  15063.4
B 35.416 .. 35.513 T 35.513 TT 35.513 M:  15635.8  15313.1
B 35.513 .. 35.585 T 35.585 TT 35.585 M:  14212.6  15026.8
B 35.585 .. 35.635 T 35.635 TT 35.635 M:  15253.6  15649.7
B 35.635 .. 35.666 T 35.666 TT 35.666 M:  12636.4  13856.9
B 35.666 .. 35.683 T 35.683 TT 35.683 M:  11005.8  14083.0
B 35.683 .. 35.686 T 35.686 TT 35.686 M:  10921.6  10672.3
B 35.686 .. 35.698 T 35.698 TT 35.698 M:  13220.4  13551.1
B 35.698 .. 35.730 T 35.730 TT 35.730 M:  13720.9  12831.2
B 35.730 .. 35.791 T 35.791 TT 35.791 M:  15531.1  13967.5
B 35.791 .. 35.807 T 35.807 TT 35.807 M:  14334.2  13117.2
B 35.807 .. 35.873 T 35.873 TT 35.873 M:  14694.5  14576.8
B 35.873 .. 35.912 T 35.912 TT 35.912 M:  13929.3  14571.9
B 35.912 .. 35.951 T 35.951 TT 35.951 M:  13597.3  18435.8
B 35.951 .. 35.989 T 35.989 TT 35.989 M:  13607.2  15360.8
B 35.989 .. 36.054 T 36.054 TT 36.054 M:  12696.4  17239.4
B 36.054 .. 36.088 T 36.088 TT 36.088 M:  17316.6  13695.9
B 36.088 .. 36.092 T 36.092 TT 36.092 M:   9909.7  14024.8
B 36.092 .. 36.122 T 36.122 TT 36.122 M:  16956.6  11952.6
B 36.122 .. 36.138 T 36.138 TT 36.138 M:  12985.8  15264.7
B 36.138 .. 36.354 T 36.354 TT 36.354 M:  15783.5  15131.3
B 36.354 .. 36.356 T 36.356 TT 36.356 M:   9754.2   9406.6
B 36.356 .. 36.385 T 36.385 TT 36.385 M:  12663.4  11657.7
B 36.385 .. 36.490 T 36.490 TT 36.490 M:  15601.1  15004.6
B 36.490 .. 36.620 T 36.620 TT 36.620 M:  13130.5  13426.1
B 36.620 .. 36.622 T 36.622 TT 36.622 M:   9317.4   7897.1
B 36.622 .. 36.725 T 36.725 TT 36.725 M:  13984.8  15250.1
B 36.725 .. 36.776 T 36.776 TT 36.776 M:  13477.8  14327.6
B 36.776 .. 36.818 T 36.818 TT 36.818 M:  14106.0  13792.0
B 36.818 .. 36.836 T 36.836 TT 36.836 M:  13667.4  15245.3
B 36.836 .. 36.864 T 36.864 TT 36.864 M:  13104.5  12944.3
B 36.864 .. 36.884 T 36.884 TT 36.884 M:  15816.7  13130.6
B 36.884 .. 36.919 T 36.919 TT 36.919 M:  14634.2  14372.4
B 36.919 .. 36.994 T 36.994 TT 36.994 M:  13365.5  15481.0
B 36.994 .. 37.062 T 37.062 TT 37.062 M:  13943.7  15642.2
B 37.062 .. 37.103 T 37.103 TT 37.103 M:  14565.4  14472.4
B 37.103 .. 37.206 T 37.206 TT 37.206 M:  17918.9  18964.5
B 37.206 .. 37.232 T 37.232 TT 37.232 M:  14180.5  16552.7
B 37.232 .. 37.243 T 37.243 TT 37.243 M:  15583.5  19879.2
B 37.243 .. 37.461 T 37.461 TT 37.461 M:  13837.1  16260.7
B 37.461 .. 37.553 T 37.553 TT 37.553 M:  13898.5  14713.1
B 37.553 .. 37.723 T 37.723 TT 37.723 M:  14750.2  15438.5
B 37.723 .. 37.764 T 37.764 TT 37.764 M:  13014.5  13510.7
B 37.764 .. 37.797 T 37.797 TT 37.797 M:  14474.9  14446.9
B 37.797 .. 37.805 T 37.805 TT 37.805 M:  14123.9  10007.3
B 37.805 .. 37.848 T 37.848 TT 37.848 M:  11797.5  12950.9
B 37.848 .. 37.877 T 37.877 TT 37.877 M:  12014.4  12798.6
B 37.877 .. 37.901 T 37.901 TT 37.901 M:  13301.1  13407.8
B 37.901 .. 38.114 T 38.114 TT 38.114 M:  13751.6  14735.8
B 38.114 .. 38.118 T 38.118 TT 38.118 M:   9419.6  11476.2
B 38.118 .. 38.152 T 38.152 TT 38.152 M:  12632.8  12106.0
B 38.152 .. 38.168 T 38.168 TT 38.168 M:  10570.3  11953.8
B 38.168 .. 38.219 T 38.219 TT 38.219 M:  12965.5  13233.1
B 38.219 .. 38.221 T 38.221 TT 38.221 M:   8581.6   7229.3
B 38.221 .. 38.268 T 38.268 TT 38.268 M:  12580.8  11171.8
B 38.268 .. 38.276 T 38.276 TT 38.276 M:  10593.4  11796.9
B 38.276 .. 38.379 T 38.379 TT 38.379 M:  15211.0  13295.8
B 38.379 .. 38.476 T 38.476 TT 38.476 M:  11617.5  11117.2
B 38.476 .. 38.510 T 38.510 TT 38.510 M:  11643.8  10788.7
B 38.510 .. 38.548 T 38.548 TT 38.548 M:  12790.8  12953.3
B 38.548 .. 38.551 T 38.551 TT 38.551 M:  10347.9  15337.0
B 38.551 .. 38.654 T 38.654 TT 38.654 M:  11765.7  12858.8
B 38.654 .. 38.673 T 38.673 TT 38.673 M:  11661.7  14839.5
B 38.673 .. 38.714 T 38.714 TT 38.714 M:  11169.6  14303.3
B 38.714 .. 38.804 T 38.804 TT 38.804 M:  14010.1  14614.0
B 38.804 .. 38.839 T 38.839 TT 38.839 M:  11660.4  12962.8
B 38.839 .. 38.904 T 38.904 TT 38.904 M:  12032.8  13816.2
B 38.904 .. 38.969 T 38.969 TT 38.969 M:  14455.4  13348.3
B 38.969 .. 38.986 T 38.986 TT 38.986 M:  12174.2  10553.9
B 38.986 .. 39.008 T 39.008 TT 39.008 M:  13042.2  12255.5
B 39.008 .. 39.103 T 39.103 TT 39.103 M:  13775.7  13953.7
B 39.103 .. 39.305 T 39.305 TT 39.305 M:  14345.3  14114.0
B 39.305 .. 39.411 T 39.411 TT 39.411 M:  15007.3  13382.8
B 39.411 .. 39.422 T 39.422 TT 39.422 M:  10231.2  10762.5
B 39.422 .. 39.509 T 39.509 TT 39.509 M:  11706.8  13175.0
B 39.509 .. 39.561 T 39.561 TT 39.561 M:  13048.7  12035.9
B 39.561 .. 39.642 T 39.642 TT 39.642 M:  10562.3  13160.8
B 39.642 .. 39.644 T 39.644 TT 39.644 M:   7664.7   8578.2
B 39.644 .. 39.698 T 39.698 TT 39.698 M:  11578.9  12242.4
B 39.698 .. 39.699 T 39.699 TT 39.699 M:   8217.8  10207.7
B 39.699 .. 39.768 T 39.768 TT 39.768 M:  11611.3  13724.5
B 39.768 .. 39.939 T 39.939 TT 39.939 M:  13561.4  16123.7
B 39.939 .. 39.951 T 39.951 TT 39.951 M:   8913.7  12226.0
B 39.951 .. 39.982 T 39.982 TT 39.982 M:  11330.8  11402.5
B 39.982 .. 40.037 T 40.037 TT 40.037 M:  11333.2  12398.9
B 40.037 .. 40.047 T 40.047 TT 40.047 M:  10584.3  10134.7
B 40.047 .. 40.156 T 40.156 TT 40.156 M:  13518.0  14863.7
B 40.156 .. 40.268 T 40.268 TT 40.268 M:  12135.9  13959.3
B 40.268 .. 40.275 T 40.275 TT 40.275 M:  10988.6  10770.9
B 40.275 .. 40.286 T 40.286 TT 40.286 M:  10087.4  10762.0
B 40.286 .. 40.369 T 40.369 TT 40.369 M:  12633.2  11606.4
B 40.369 .. 40.517 T 40.517 TT 40.517 M:  11536.0  12296.5
B 40.517 .. 40.604 T 40.604 TT 40.604 M:  10490.7  11704.5
B 40.604 .. 40.623 T 40.623 TT 40.623 M:   9651.4  10923.3
B 40.623 .. 40.871 T 40.871 TT 40.871 M:  13361.2  12587.9
B 40.871 .. 40.948 T 40.948 TT 40.948 M:  12513.9  11302.3
B 40.948 .. 40.976 T 40.976 TT 40.976 M:   8961.1   9705.7
B 40.976 .. 40.992 T 40.992 TT 40.992 M:  10288.4   9969.5
B 40.992 .. 41.156 T 41.156 TT 41.156 M:  11644.1  12186.2
B 41.156 .. 41.213 T 41.213 TT 41.213 M:  11362.3  10937.1
B 41.213 .. 41.310 T 41.310 TT 41.310 M:  10769.3  11433.7
B 41.310 .. 41.518 T 41.518 TT 41.518 M:  11016.3  12724.3
B 41.518 .. 41.605 T 41.605 TT 41.605 M:  15415.1  11616.4
B 41.605 .. 41.618 T 41.618 TT 41.618 M:   8944.3   9145.5
B 41.618 .. 41.637 T 41.637 TT 41.637 M:  11273.9  12584.4
B 41.637 .. 41.642 T 41.642 TT 41.642 M:   8425.9   9599.0
B 41.642 .. 41.962 T 41.962 TT 41.962 M:  13836.9  14074.3
B 41.962 .. 42.130 T 42.130 TT 42.130 M:  11498.4  13149.3
B 42.130 .. 42.216 T 42.216 TT 42.216 M:  10540.4  10398.5
B 42.216 .. 42.223 T 42.223 TT 42.223 M:   8758.2   8173.3
B 42.223 .. 42.248 T 42.248 TT 42.248 M:  11227.4  12038.6
B 42.248 .. 42.398 T 42.398 TT 42.398 M:  11158.3  12155.4
B 42.398 .. 42.410 T 42.410 TT 42.410 M:   9434.2  10217.1
B 42.410 .. 42.441 T 42.441 TT 42.441 M:  11686.7  12323.6
B 42.441 .. 42.569 T 42.569 TT 42.569 M:  12474.9  10456.2
B 42.569 .. 42.582 T 42.582 TT 42.582 M:  10156.2  10034.3
B 42.582 .. 42.611 T 42.611 TT 42.611 M:   9309.8  10561.6
B 42.611 .. 42.682 T 42.682 TT 42.682 M:   9623.8  11636.0
B 42.682 .. 42.758 T 42.758 TT 42.758 M:  10590.9  10720.6
B 42.758 .. 42.805 T 42.805 TT 42.805 M:  12494.8  12759.2
B 42.805 .. 42.963 T 42.963 TT 42.963 M:  10715.2  11206.7
B 42.963 .. 42.988 T 42.988 TT 42.988 M:  10451.5  12158.8
B 42.988 .. 43.072 T 43.072 TT 43.072 M:   9851.2  11277.7
B 43.072 .. 43.087 T 43.087 TT 43.087 M:   9752.4  10954.1
B 43.087 .. 43.121 T 43.121 TT 43.121 M:   8331.4   9904.5
B 43.121 .. 43.206 T 43.206 TT 43.206 M:  11015.8  11923.9
B 43.206 .. 43.285 T 43.285 TT 43.285 M:   8633.3  11094.7
B 43.285 .. 43.332 T 43.332 TT 43.332 M:   9252.8  13079.0
B 43.332 .. 43.547 T 43.547 TT 43.547 M:  11252.1  11780.9
B 43.547 .. 43.564 T 43.564 TT 43.564 M:   8874.5   9680.2
B 43.564 .. 43.596 T 43.596 TT 43.596 M:   8984.9   9300.8
B 43.596 .. 43.695 T 43.695 TT 43.695 M:  10442.6  12436.9
B 43.695 .. 43.807 T 43.807 TT 43.807 M:  10297.4  10598.8
B 43.807 .. 43.887 T 43.887 TT 43.887 M:   9369.9   9624.8
B 43.887 .. 43.949 T 43.949 TT 43.949 M:   9164.7  11145.9
B 43.949 .. 43.977 T 43.977 TT 43.977 M:   8135.1   9521.9
B 43.977 .. 44.059 T 44.059 TT 44.059 M:   9328.7  12693.2
B 44.059 .. 44.144 T 44.144 TT 44.144 M:  10860.5   9376.3
B 44.144 .. 44.162 T 44.162 TT 44.162 M:   7404.2  10127.5
B 44.162 .. 44.296 T 44.296 TT 44.296 M:  10124.5   9375.2
B 44.296 .. 44.302 T 44.302 TT 44.302 M:   6959.0   7039.8
B 44.302 .. 44.330 T 44.330 TT 44.330 M:   8001.9   9571.6
B 44.330 .. 44.419 T 44.419 TT 44.419 M:   9385.4   9853.5
B 44.419 .. 44.487 T 44.487 TT 44.487 M:   9866.8   9826.4
B 44.487 .. 44.678 T 44.678 TT 44.678 M:  10715.9   9599.9
B 44.678 .. 44.776 T 44.776 TT 44.776 M:   9806.3   9982.9
B 44.776 .. 44.998 T 44.998 TT 44.998 M:  10680.7  12392.5
B 44.998 .. 45.126 T 45.126 TT 45.126 M:   9118.2   9690.6
B 45.126 .. 45.137 T 45.137 TT 45.137 M:   6355.3   7370.4
B 45.137 .. 45.270 T 45.270 TT 45.270 M:   8732.3   8842.6
B 45.270 .. 45.293 T 45.293 TT 45.293 M:   8308.5   9064.7
B 45.293 .. 45.298 T 45.298 TT 45.298 M:   8654.6   6290.6
B 45.298 .. 45.340 T 45.340 TT 45.340 M:   9279.1   7566.7
B 45.340 .. 45.421 T 45.421 TT 45.421 M:   8694.1   8882.5
B 45.421 .. 45.448 T 45.448 TT 45.448 M:   7851.5   7207.9
B 45.448 .. 45.461 T 45.461 TT 45.461 M:   7829.2   8230.6
B 45.461 .. 45.496 T 45.496 TT 45.496 M:  10077.4   9057.3
B 45.496 .. 45.510 T 45.510 TT 45.510 M:   9939.9   8219.7
B 45.510 .. 45.623 T 45.623 TT 45.623 M:   9433.2   8792.3
B 45.623 .. 45.634 T 45.634 TT 45.634 M:   8458.7   9399.5
B 45.634 .. 45.884 T 45.884 TT 45.884 M:   8594.0   8828.8
B 45.884 .. 46.193 T 46.193 TT 46.193 M:  10512.8  10798.3
B 46.193 .. 46.294 T 46.294 TT 46.294 M:   7737.2  10262.2
B 46.294 .. 46.325 T 46.325 TT 46.325 M:   7179.3   8329.3
B 46.325 .. 46.425 T 46.425 TT 46.425 M:   8039.1   9336.8
B 46.425 .. 46.483 T 46.483 TT 46.483 M:   7594.0   8107.4
B 46.483 .. 46.567 T 46.567 TT 46.567 M:   9135.0   9150.4
B 46.567 .. 46.775 T 46.775 TT 46.775 M:  10437.7   9853.7
B 46.775 .. 46.803 T 46.803 TT 46.803 M:   8264.2   6677.0
B 46.803 .. 46.817 T 46.817 TT 46.817 M:   8576.8   9010.6
B 46.817 .. 46.849 T 46.849 TT 46.849 M:   8131.5   9076.1
B 46.849 .. 46.873 T 46.873 TT 46.873 M:   7046.2   9054.4
B 46.873 .. 47.008 T 47.008 TT 47.008 M:   6371.6   9351.0
B 47.008 .. 47.215 T 47.215 TT 47.215 M:   8172.2  10252.5
B 47.215 .. 47.229 T 47.229 TT 47.229 M:   7182.2   7447.6
B 47.229 .. 47.365 T 47.365 TT 47.365 M:   8715.1   9456.4
B 47.365 .. 47.509 T 47.509 TT 47.509 M:   7978.2   9243.8
B 47.509 .. 47.577 T 47.577 TT 47.577 M:  10440.7   9290.0
B 47.577 .. 47.585 T 47.585 TT 47.585 M:   6572.3   7356.1
B 47.585 .. 47.823 T 47.823 TT 47.823 M:   8876.5   8905.9
B 47.823 .. 47.886 T 47.886 TT 47.886 M:   8275.1   8298.6
B 47.886 .. 47.919 T 47.919 TT 47.919 M:   7154.5   7523.6
B 47.919 .. 47.936 T 47.936 TT 47.936 M:   6073.0   6162.5
B 47.936 .. 48.000 T 48.000 TT 48.000 M:   7240.4   7644.0
B 48.000 .. 48.108 T 48.108 TT 48.108 M:   7463.6   7932.5
B 48.108 .. 48.288 T 48.288 TT 48.288 M:   7218.5   8006.2
B 48.288 .. 48.435 T 48.435 TT 48.435 M:   8736.4   9869.5
B 48.435 .. 48.522 T 48.522 TT 48.522 M:   6666.0   8403.9
B 48.522 .. 48.651 T 48.651 TT 48.651 M:   7205.7   9377.3
B 48.651 .. 48.709 T 48.709 TT 48.709 M:   6839.7   7377.8
B 48.709 .. 48.723 T 48.723 TT 48.723 M:   4705.5   6952.6
B 48.723 .. 48.741 T 48.741 TT 48.741 M:   4687.9   5543.5
B 48.741 .. 48.803 T 48.803 TT 48.803 M:   5897.8   7593.4
B 48.803 .. 48.803 T 48.803 TT 48.803 M:   3096.9   4855.6
B 48.803 .. 48.823 T 48.823 TT 48.823 M:   6425.2   7209.6
B 48.823 .. 49.247 T 49.247 TT 49.247 M:   7760.2  10066.8
B 49.247 .. 49.789 T 49.789 TT 49.789 M:   7132.4   9364.6
B 49.789 .. 49.790 T 49.790 TT 49.790 M:   4792.2   4080.4
B 49.790 .. 49.909 T 49.909 TT 49.909 M:   5527.0   7389.8
B 49.909 .. 50.720 T 50.720 TT 50.720 M:   6763.6  10065.8
B 50.720 .. 50.734 T 50.734 TT 50.734 M:   4787.4   8097.1
B 50.734 .. 50.752 T 50.752 TT 50.752 M:   5538.9   7334.6
B 50.752 .. 50.766 T 50.766 TT 50.766 M:   4400.3   7182.6
B 50.766 .. 50.876 T 50.876 TT 50.876 M:   6424.1   8165.2
B 50.876 .. 51.075 T 51.075 TT 51.075 M:   6182.9   7769.3
B 51.075 .. 51.219 T 51.219 TT 51.219 M:   5999.1   6963.6
B 51.219 .. 51.270 T 51.270 TT 51.270 M:   4625.3   6944.2
B 51.270 .. 51.427 T 51.427 TT 51.427 M:   5218.8   6189.0
B 51.427 .. 51.530 T 51.530 TT 51.530 M:   6813.2   7008.6
B 51.530 .. 52.019 T 52.019 TT 52.019 M:   6875.5   7474.9
B 52.019 .. 52.040 T 52.040 TT 52.040 M:   4422.6   4803.5
B 52.040 .. 52.068 T 52.068 TT 52.068 M:   4116.3   4184.8
B 52.068 .. 52.069 T 52.069 TT 52.069 M:   3954.5   3822.2
B 52.069 .. 52.717 T 52.717 TT 52.717 M:   6095.3   6952.8
B 52.717 .. 52.726 T 52.726 TT 52.726 M:   4059.2   3706.9
B 52.726 .. 52.751 T 52.751 TT 52.751 M:   4710.6   4814.1
B 52.751 .. 52.847 T 52.847 TT 52.847 M:   5420.1   5277.2
B 52.847 .. 53.137 T 53.137 TT 53.137 M:   5765.6   6148.9
B 53.137 .. 53.332 T 53.332 TT 53.332 M:   5439.1   6207.8
B 53.332 .. 53.761 T 53.761 TT 53.761 M:   6582.1   6426.3
B 53.761 .. 54.107 T 54.107 TT 54.107 M:   5402.4   5542.7
B 54.107 .. 54.110 T 54.110 TT 54.110 M:   3174.6   3431.5
B 54.110 .. 54.239 T 54.239 TT 54.239 M:   3787.4   5035.5
B 54.239 .. 54.242 T 54.242 TT 54.242 M:   3137.3   4626.1
B 54.242 .. 54.266 T 54.266 TT 54.266 M:   3820.0   4344.9
B 54.266 .. 54.466 T 54.466 TT 54.466 M:   4870.5   4928.3
B 54.466 .. 54.642 T 54.642 TT 54.642 M:   5453.0   4338.0
B 54.642 .. 54.762 T 54.762 TT 54.762 M:   4527.1   5137.2
B 54.762 .. 54.935 T 54.935 TT 54.935 M:   3229.6   4512.6
B 54.935 .. 54.994 T 54.994 TT 54.994 M:   3157.1   3844.1
B 54.994 .. 55.353 T 55.353 TT 55.353 M:   5294.4   4377.0
B 55.353 .. 55.521 T 55.521 TT 55.521 M:   3458.2   4315.8
B 55.521 .. 55.742 T 55.742 TT 55.742 M:   3120.4   4192.5
B 55.742 .. 55.861 T 55.861 TT 55.861 M:   3695.1   4015.5
B 55.861 .. 56.582 T 56.582 TT 56.582 M:   3830.3   5040.2
B 56.582 .. 56.593 T 56.593 TT 56.593 M:   2148.8   4165.5
B 56.593 .. 56.757 T 56.757 TT 56.757 M:   2143.8   4197.8
B 56.757 .. 57.271 T 57.271 TT 57.271 M:   2429.4   3974.3
B 57.271 .. 57.327 T 57.327 TT 57.327 M:   1617.0   3244.9
B 57.327 .. 57.567 T 57.567 TT 57.567 M:   2659.6   3321.5
B 57.567 .. 57.747 T 57.747 TT 57.747 M:   2587.2   2550.9
B 57.747 .. 58.242 T 58.242 TT 58.242 M:   1727.5   2235.4
B 58.242 .. 58.297 T 58.297 TT 58.297 M:    616.7    590.2
B 58.297 .. 58.308 T 58.308 TT 58.308 M:    568.3    543.3
B 58.308 .. 58.604 T 58.604 TT 58.604 M:    978.0    956.5
B 58.604 .. 59.465 T 59.465 TT 59.465 M:   1203.0   1210.8
B 59.465 .. 60.000 T 60.000 TT 60.000 M:    399.1    316.5
end of score.		   overall amps:  22693.4  23851.4
	   overall samples out of range:        0        0
0 errors in performance
peak CH 1: 22693.369141  (written: 0.692547) at 1388970
peak CH 2: 23851.429688  (written: 0.727888) at 814871
2584 4096-byte soundblks of shorts written to durations.wav (WAV)
