orch compiler:
21 lines read
	instr	1	
orch now loaded
audio buffered in 1024 sample-frame blocks
SFDIR undefined.  using current directory
writing 4096-byte blks of shorts to durations2.wav
 (WAV)
SECTION 1:
ftable 1:
new alloc for instr 1:
B  0.000 ..  0.016 T  0.016 TT  0.016 M:      1.2      7.7
new alloc for instr 1:
B  0.016 ..  0.050 T  0.050 TT  0.050 M:     10.3     35.2
new alloc for instr 1:
B  0.050 ..  0.104 T  0.104 TT  0.104 M:     33.6     78.7
new alloc for instr 1:
B  0.104 ..  0.148 T  0.148 TT  0.148 M:     73.6    104.4
new alloc for instr 1:
B  0.148 ..  0.172 T  0.172 TT  0.172 M:     64.5     98.4
new alloc for instr 1:
B  0.172 ..  0.184 T  0.184 TT  0.184 M:     75.7     96.6
new alloc for instr 1:
B  0.184 ..  0.226 T  0.226 TT  0.226 M:    165.2    238.8
new alloc for instr 1:
B  0.226 ..  0.257 T  0.257 TT  0.257 M:    518.0    423.6
new alloc for instr 1:
B  0.257 ..  0.350 T  0.350 TT  0.350 M:   1066.2    790.0
new alloc for instr 1:
B  0.350 ..  0.363 T  0.363 TT  0.363 M:   1089.6    547.6
new alloc for instr 1:
B  0.363 ..  0.408 T  0.408 TT  0.408 M:   1213.2   1011.2
new alloc for instr 1:
B  0.408 ..  0.483 T  0.483 TT  0.483 M:   1368.2    925.6
new alloc for instr 1:
B  0.483 ..  0.552 T  0.552 TT  0.552 M:   1180.5    977.0
new alloc for instr 1:
B  0.552 ..  0.644 T  0.644 TT  0.644 M:   1585.8   1329.7
new alloc for instr 1:
B  0.644 ..  0.645 T  0.645 TT  0.645 M:    659.9   1030.7
new alloc for instr 1:
B  0.645 ..  0.660 T  0.660 TT  0.660 M:    745.1   1191.7
new alloc for instr 1:
B  0.660 ..  0.745 T  0.745 TT  0.745 M:   1937.0   2155.5
new alloc for instr 1:
B  0.745 ..  0.818 T  0.818 TT  0.818 M:   2389.9   2581.1
new alloc for instr 1:
B  0.818 ..  0.901 T  0.901 TT  0.901 M:   2440.1   2074.1
new alloc for instr 1:
B  0.901 ..  0.961 T  0.961 TT  0.961 M:   1545.1   1765.1
new alloc for instr 1:
B  0.961 ..  1.039 T  1.039 TT  1.039 M:   3164.1   3221.8
new alloc for instr 1:
B  1.039 ..  1.062 T  1.062 TT  1.062 M:   2828.1   2235.6
new alloc for instr 1:
B  1.062 ..  1.130 T  1.130 TT  1.130 M:   4062.7   3026.5
new alloc for instr 1:
B  1.130 ..  1.219 T  1.219 TT  1.219 M:   2906.3   3621.0
new alloc for instr 1:
B  1.219 ..  1.286 T  1.286 TT  1.286 M:   3431.4   4040.6
new alloc for instr 1:
B  1.286 ..  1.370 T  1.370 TT  1.370 M:   3157.6   3206.6
new alloc for instr 1:
B  1.370 ..  1.410 T  1.410 TT  1.410 M:   3146.9   3497.7
new alloc for instr 1:
B  1.410 ..  1.427 T  1.427 TT  1.427 M:   4200.5   4822.0
new alloc for instr 1:
B  1.427 ..  1.455 T  1.455 TT  1.455 M:   4600.9   4500.9
new alloc for instr 1:
B  1.455 ..  1.528 T  1.528 TT  1.528 M:   3976.4   3367.6
new alloc for instr 1:
B  1.528 ..  1.531 T  1.531 TT  1.531 M:   2820.8   2307.4
new alloc for instr 1:
B  1.531 ..  1.580 T  1.580 TT  1.580 M:   4104.4   3014.2
new alloc for instr 1:
B  1.580 ..  1.626 T  1.626 TT  1.626 M:   3247.8   3240.4
new alloc for instr 1:
B  1.626 ..  1.670 T  1.670 TT  1.670 M:   3603.6   3075.3
new alloc for instr 1:
B  1.670 ..  1.743 T  1.743 TT  1.743 M:   3379.1   2865.7
new alloc for instr 1:
B  1.743 ..  1.780 T  1.780 TT  1.780 M:   4466.2   4019.6
new alloc for instr 1:
B  1.780 ..  1.783 T  1.783 TT  1.783 M:   3660.1   2496.1
new alloc for instr 1:
B  1.783 ..  1.857 T  1.857 TT  1.857 M:   4371.9   5467.6
new alloc for instr 1:
B  1.857 ..  1.934 T  1.934 TT  1.934 M:   4980.5   5819.6
new alloc for instr 1:
B  1.934 ..  1.970 T  1.970 TT  1.970 M:   4355.1   4707.8
new alloc for instr 1:
B  1.970 ..  1.992 T  1.992 TT  1.992 M:   4073.0   4523.2
new alloc for instr 1:
B  1.992 ..  2.022 T  2.022 TT  2.022 M:   2988.6   3996.9
new alloc for instr 1:
B  2.022 ..  2.084 T  2.084 TT  2.084 M:   4953.9   4672.9
new alloc for instr 1:
B  2.084 ..  2.138 T  2.138 TT  2.138 M:   4268.9   5099.0
new alloc for instr 1:
B  2.138 ..  2.209 T  2.209 TT  2.209 M:   4848.2   4876.1
new alloc for instr 1:
B  2.209 ..  2.252 T  2.252 TT  2.252 M:   5145.9   6092.2
new alloc for instr 1:
B  2.252 ..  2.318 T  2.318 TT  2.318 M:   3966.4   3742.4
B  2.318 ..  2.340 T  2.340 TT  2.340 M:   4799.5   4901.4
B  2.340 ..  2.382 T  2.382 TT  2.382 M:   3857.3   4553.9
new alloc for instr 1:
B  2.382 ..  2.398 T  2.398 TT  2.398 M:   5119.0   5364.8
new alloc for instr 1:
B  2.398 ..  2.424 T  2.424 TT  2.424 M:   4878.8   6489.9
B  2.424 ..  2.461 T  2.461 TT  2.461 M:   4420.5   4620.5
B  2.461 ..  2.520 T  2.520 TT  2.520 M:   3520.7   4930.7
new alloc for instr 1:
B  2.520 ..  2.550 T  2.550 TT  2.550 M:   3511.4   4229.4
new alloc for instr 1:
B  2.550 ..  2.636 T  2.636 TT  2.636 M:   4868.2   5129.9
new alloc for instr 1:
B  2.636 ..  2.707 T  2.707 TT  2.707 M:   4497.6   4922.5
new alloc for instr 1:
B  2.707 ..  2.763 T  2.763 TT  2.763 M:   5588.8   5510.5
new alloc for instr 1:
B  2.763 ..  2.781 T  2.781 TT  2.781 M:   5393.4   6497.7
new alloc for instr 1:
B  2.781 ..  2.789 T  2.789 TT  2.789 M:   4360.9   5140.4
new alloc for instr 1:
B  2.789 ..  2.878 T  2.878 TT  2.878 M:   5504.9   7141.8
new alloc for instr 1:
B  2.878 ..  2.947 T  2.947 TT  2.947 M:   4515.3   6284.9
new alloc for instr 1:
B  2.947 ..  2.999 T  2.999 TT  2.999 M:   5580.4   7777.3
new alloc for instr 1:
B  2.999 ..  3.045 T  3.045 TT  3.045 M:   5369.8   5956.5
new alloc for instr 1:
B  3.045 ..  3.128 T  3.128 TT  3.128 M:   6121.5   5590.5
new alloc for instr 1:
B  3.128 ..  3.132 T  3.132 TT  3.132 M:   2893.2   3183.6
new alloc for instr 1:
B  3.132 ..  3.229 T  3.229 TT  3.229 M:   4622.7   4556.7
new alloc for instr 1:
B  3.229 ..  3.229 T  3.229 TT  3.229 M:   1556.8   3511.5
new alloc for instr 1:
B  3.229 ..  3.322 T  3.322 TT  3.322 M:   5749.0   5938.4
new alloc for instr 1:
B  3.322 ..  3.334 T  3.334 TT  3.334 M:   5410.1   5899.3
new alloc for instr 1:
B  3.334 ..  3.339 T  3.339 TT  3.339 M:   5737.3   6433.0
new alloc for instr 1:
B  3.339 ..  3.394 T  3.394 TT  3.394 M:   8117.6   7078.0
new alloc for instr 1:
B  3.394 ..  3.396 T  3.396 TT  3.396 M:   4128.3   3260.4
B  3.396 ..  3.429 T  3.429 TT  3.429 M:   6407.7   5483.8
B  3.429 ..  3.487 T  3.487 TT  3.487 M:   5710.7   6155.3
new alloc for instr 1:
B  3.487 ..  3.545 T  3.545 TT  3.545 M:   6694.8   6813.9
new alloc for instr 1:
B  3.545 ..  3.563 T  3.563 TT  3.563 M:   6495.6   6256.0
new alloc for instr 1:
B  3.563 ..  3.623 T  3.623 TT  3.623 M:   6223.6   5722.0
new alloc for instr 1:
B  3.623 ..  3.625 T  3.625 TT  3.625 M:   6427.5   6950.9
new alloc for instr 1:
B  3.625 ..  3.657 T  3.657 TT  3.657 M:   5111.2   5899.8
new alloc for instr 1:
B  3.657 ..  3.718 T  3.718 TT  3.718 M:   7519.2   6290.3
new alloc for instr 1:
B  3.718 ..  3.804 T  3.804 TT  3.804 M:   6957.2   5893.6
new alloc for instr 1:
B  3.804 ..  3.869 T  3.869 TT  3.869 M:   7358.6   7486.5
new alloc for instr 1:
B  3.869 ..  3.927 T  3.927 TT  3.927 M:   6700.3   8919.9
new alloc for instr 1:
B  3.927 ..  3.932 T  3.932 TT  3.932 M:   5279.9   4769.1
new alloc for instr 1:
B  3.932 ..  3.998 T  3.998 TT  3.998 M:   6352.7   7342.4
new alloc for instr 1:
B  3.998 ..  4.040 T  4.040 TT  4.040 M:   6812.0   7931.1
new alloc for instr 1:
B  4.040 ..  4.114 T  4.114 TT  4.114 M:   8818.4   6721.8
B  4.114 ..  4.134 T  4.134 TT  4.134 M:   5831.8   5252.5
B  4.134 ..  4.231 T  4.231 TT  4.231 M:   7429.3   8330.8
new alloc for instr 1:
B  4.231 ..  4.233 T  4.233 TT  4.233 M:   5026.9   4906.5
new alloc for instr 1:
B  4.233 ..  4.268 T  4.268 TT  4.268 M:   6127.7   7440.8
new alloc for instr 1:
B  4.268 ..  4.341 T  4.341 TT  4.341 M:   7616.4   6988.9
new alloc for instr 1:
B  4.341 ..  4.419 T  4.419 TT  4.419 M:   6313.6   6746.5
new alloc for instr 1:
B  4.419 ..  4.484 T  4.484 TT  4.484 M:   5990.1   8095.0
B  4.484 ..  4.507 T  4.507 TT  4.507 M:   5970.9   7044.1
B  4.507 ..  4.569 T  4.569 TT  4.569 M:   7285.6   8215.5
B  4.569 ..  4.592 T  4.592 TT  4.592 M:   8709.9   7167.2
B  4.592 ..  4.690 T  4.690 TT  4.690 M:   9802.7   8432.7
new alloc for instr 1:
B  4.690 ..  4.770 T  4.770 TT  4.770 M:   6972.3   8164.8
new alloc for instr 1:
B  4.770 ..  4.813 T  4.813 TT  4.813 M:   8595.8   8350.7
new alloc for instr 1:
B  4.813 ..  4.868 T  4.868 TT  4.868 M:   8033.2   7302.4
new alloc for instr 1:
B  4.868 ..  4.911 T  4.911 TT  4.911 M:   6940.4   7848.7
new alloc for instr 1:
B  4.911 ..  4.948 T  4.948 TT  4.948 M:   7771.0   9762.3
B  4.948 ..  4.952 T  4.952 TT  4.952 M:   4723.5   3256.4
B  4.952 ..  5.030 T  5.030 TT  5.030 M:   8333.4   9009.3
new alloc for instr 1:
B  5.030 ..  5.098 T  5.098 TT  5.098 M:   8372.9   9611.4
new alloc for instr 1:
B  5.098 ..  5.121 T  5.121 TT  5.121 M:   8454.5   8541.5
new alloc for instr 1:
B  5.121 ..  5.130 T  5.130 TT  5.130 M:   6735.0   7673.5
new alloc for instr 1:
B  5.130 ..  5.216 T  5.216 TT  5.216 M:   7159.9   6883.0
new alloc for instr 1:
B  5.216 ..  5.280 T  5.280 TT  5.280 M:   7998.0   9135.6
new alloc for instr 1:
B  5.280 ..  5.320 T  5.320 TT  5.320 M:   9880.4   7736.1
new alloc for instr 1:
B  5.320 ..  5.389 T  5.389 TT  5.389 M:   9671.2   9120.8
new alloc for instr 1:
B  5.389 ..  5.394 T  5.394 TT  5.394 M:   6234.3   5955.7
new alloc for instr 1:
B  5.394 ..  5.428 T  5.428 TT  5.428 M:   9946.2  10260.1
new alloc for instr 1:
B  5.428 ..  5.448 T  5.448 TT  5.448 M:  11111.7  10765.2
new alloc for instr 1:
B  5.448 ..  5.462 T  5.462 TT  5.462 M:   8138.3   6597.8
new alloc for instr 1:
B  5.462 ..  5.498 T  5.498 TT  5.498 M:   8892.8   7793.3
new alloc for instr 1:
B  5.498 ..  5.533 T  5.533 TT  5.533 M:   7137.8   8266.4
B  5.533 ..  5.575 T  5.575 TT  5.575 M:   9289.4   9852.1
B  5.575 ..  5.628 T  5.628 TT  5.628 M:   9565.7  10487.9
new alloc for instr 1:
B  5.628 ..  5.678 T  5.678 TT  5.678 M:   8903.2   9664.5
B  5.678 ..  5.689 T  5.689 TT  5.689 M:   8206.5   7572.1
B  5.689 ..  5.720 T  5.720 TT  5.720 M:   8152.4   7571.6
B  5.720 ..  5.768 T  5.768 TT  5.768 M:   8676.0   8464.8
B  5.768 ..  5.789 T  5.789 TT  5.789 M:   8471.5   6733.2
new alloc for instr 1:
B  5.789 ..  5.841 T  5.841 TT  5.841 M:   9391.8   8882.1
new alloc for instr 1:
B  5.841 ..  5.883 T  5.883 TT  5.883 M:   9248.0   9993.0
new alloc for instr 1:
B  5.883 ..  5.936 T  5.936 TT  5.936 M:   9540.6  11285.0
new alloc for instr 1:
B  5.936 ..  5.999 T  5.999 TT  5.999 M:  10218.0   8877.3
new alloc for instr 1:
B  5.999 ..  6.006 T  6.006 TT  6.006 M:   7117.1   6398.2
new alloc for instr 1:
B  6.006 ..  6.058 T  6.058 TT  6.058 M:   9003.5   7726.7
new alloc for instr 1:
B  6.058 ..  6.083 T  6.083 TT  6.083 M:   7977.2   7880.6
B  6.083 ..  6.091 T  6.091 TT  6.091 M:   8365.9   6841.9
B  6.091 ..  6.164 T  6.164 TT  6.164 M:   8566.5  10528.5
new alloc for instr 1:
B  6.164 ..  6.206 T  6.206 TT  6.206 M:   9667.4   9266.6
new alloc for instr 1:
B  6.206 ..  6.266 T  6.266 TT  6.266 M:   9399.9  11089.7
new alloc for instr 1:
B  6.266 ..  6.356 T  6.356 TT  6.356 M:  10352.4   9295.0
new alloc for instr 1:
B  6.356 ..  6.364 T  6.364 TT  6.364 M:   6168.1   6564.5
new alloc for instr 1:
B  6.364 ..  6.444 T  6.444 TT  6.444 M:   8440.9   8790.5
new alloc for instr 1:
B  6.444 ..  6.487 T  6.487 TT  6.487 M:   9890.2   9099.9
new alloc for instr 1:
B  6.487 ..  6.529 T  6.529 TT  6.529 M:  12621.8  11440.4
new alloc for instr 1:
B  6.529 ..  6.626 T  6.626 TT  6.626 M:   9852.2  10398.9
new alloc for instr 1:
B  6.626 ..  6.687 T  6.687 TT  6.687 M:   9809.5   8683.1
B  6.687 ..  6.696 T  6.696 TT  6.696 M:   8051.9   7285.5
B  6.696 ..  6.780 T  6.780 TT  6.780 M:  11070.9   9891.0
new alloc for instr 1:
B  6.780 ..  6.819 T  6.819 TT  6.819 M:   9466.4   8141.0
new alloc for instr 1:
B  6.819 ..  6.876 T  6.876 TT  6.876 M:   8309.4   9871.4
B  6.876 ..  6.877 T  6.877 TT  6.877 M:   4616.7   4590.5
B  6.877 ..  6.961 T  6.961 TT  6.961 M:  11869.9   9226.0
new alloc for instr 1:
B  6.961 ..  7.021 T  7.021 TT  7.021 M:  11705.2  10773.3
new alloc for instr 1:
B  7.021 ..  7.023 T  7.023 TT  7.023 M:   6517.9   6750.9
new alloc for instr 1:
B  7.023 ..  7.065 T  7.065 TT  7.065 M:   8898.4  10695.4
new alloc for instr 1:
B  7.065 ..  7.077 T  7.077 TT  7.077 M:   8798.4   8586.6
new alloc for instr 1:
B  7.077 ..  7.135 T  7.135 TT  7.135 M:   9880.2   9311.5
new alloc for instr 1:
B  7.135 ..  7.152 T  7.152 TT  7.152 M:   8757.2   8286.7
new alloc for instr 1:
B  7.152 ..  7.171 T  7.171 TT  7.171 M:   9025.1   9075.0
new alloc for instr 1:
B  7.171 ..  7.266 T  7.266 TT  7.266 M:   9665.6  12059.0
new alloc for instr 1:
B  7.266 ..  7.358 T  7.358 TT  7.358 M:  10574.4   9356.8
new alloc for instr 1:
B  7.358 ..  7.426 T  7.426 TT  7.426 M:  10986.6  10002.9
new alloc for instr 1:
B  7.426 ..  7.434 T  7.434 TT  7.434 M:   9848.8  10188.4
B  7.434 ..  7.444 T  7.444 TT  7.444 M:   7902.8   7778.8
B  7.444 ..  7.457 T  7.457 TT  7.457 M:   9554.9  10563.5
new alloc for instr 1:
B  7.457 ..  7.522 T  7.522 TT  7.522 M:  10171.0  13024.8
new alloc for instr 1:
B  7.522 ..  7.589 T  7.589 TT  7.589 M:  10355.6  10108.3
B  7.589 ..  7.604 T  7.604 TT  7.604 M:   9610.2  11349.6
B  7.604 ..  7.638 T  7.638 TT  7.638 M:   9107.2   9909.6
new alloc for instr 1:
B  7.638 ..  7.677 T  7.677 TT  7.677 M:   9660.5  11751.5
new alloc for instr 1:
B  7.677 ..  7.730 T  7.730 TT  7.730 M:  10005.5   9173.7
new alloc for instr 1:
B  7.730 ..  7.783 T  7.783 TT  7.783 M:  12233.1   9733.2
new alloc for instr 1:
B  7.783 ..  7.842 T  7.842 TT  7.842 M:  10166.6  10572.9
new alloc for instr 1:
B  7.842 ..  7.873 T  7.873 TT  7.873 M:   9261.7  10275.0
new alloc for instr 1:
B  7.873 ..  7.880 T  7.880 TT  7.880 M:   7429.1   8100.2
new alloc for instr 1:
B  7.880 ..  7.979 T  7.979 TT  7.979 M:  12327.4  12819.6
new alloc for instr 1:
B  7.979 ..  8.036 T  8.036 TT  8.036 M:  12383.6  12834.4
new alloc for instr 1:
B  8.036 ..  8.106 T  8.106 TT  8.106 M:   9546.5  12233.4
new alloc for instr 1:
B  8.106 ..  8.125 T  8.125 TT  8.125 M:  10166.1  10374.1
new alloc for instr 1:
B  8.125 ..  8.153 T  8.153 TT  8.153 M:  11092.3   9678.8
B  8.153 ..  8.198 T  8.198 TT  8.198 M:  11033.8   9462.6
B  8.198 ..  8.249 T  8.249 TT  8.249 M:  11474.3  10551.8
new alloc for instr 1:
B  8.249 ..  8.250 T  8.250 TT  8.250 M:   5543.4   6724.1
new alloc for instr 1:
B  8.250 ..  8.269 T  8.269 TT  8.269 M:  10126.7   9895.2
new alloc for instr 1:
B  8.269 ..  8.322 T  8.322 TT  8.322 M:  11250.9  10685.8
new alloc for instr 1:
B  8.322 ..  8.372 T  8.372 TT  8.372 M:   9013.2   9715.2
B  8.372 ..  8.374 T  8.374 TT  8.374 M:   8650.6   9038.9
B  8.374 ..  8.408 T  8.408 TT  8.408 M:  11099.6  11886.7
B  8.408 ..  8.434 T  8.434 TT  8.434 M:  11170.0  10108.1
B  8.434 ..  8.461 T  8.461 TT  8.461 M:  11658.8   8803.4
B  8.461 ..  8.474 T  8.474 TT  8.474 M:   8440.1  10863.8
B  8.474 ..  8.495 T  8.495 TT  8.495 M:  10008.7  10650.6
B  8.495 ..  8.533 T  8.533 TT  8.533 M:  10543.0  11579.0
B  8.533 ..  8.552 T  8.552 TT  8.552 M:   8707.1   8323.3
B  8.552 ..  8.560 T  8.560 TT  8.560 M:   7703.2   7542.3
B  8.560 ..  8.562 T  8.562 TT  8.562 M:   7692.2   6604.3
B  8.562 ..  8.614 T  8.614 TT  8.614 M:  13415.5  10448.2
B  8.614 ..  8.618 T  8.618 TT  8.618 M:   7450.3   8211.6
B  8.618 ..  8.622 T  8.622 TT  8.622 M:   8295.5   9023.9
B  8.622 ..  8.709 T  8.709 TT  8.709 M:  12812.5  13336.3
B  8.709 ..  8.719 T  8.719 TT  8.719 M:   8537.2   8520.3
B  8.719 ..  8.748 T  8.748 TT  8.748 M:   9426.6  11985.1
new alloc for instr 1:
B  8.748 ..  8.757 T  8.757 TT  8.757 M:   8276.1  11550.2
new alloc for instr 1:
B  8.757 ..  8.759 T  8.759 TT  8.759 M:   6151.6   9606.4
new alloc for instr 1:
B  8.759 ..  8.818 T  8.818 TT  8.818 M:   9523.5  10049.5
B  8.818 ..  8.831 T  8.831 TT  8.831 M:   9276.0   8721.5
B  8.831 ..  8.873 T  8.873 TT  8.873 M:   9684.8  10823.4
B  8.873 ..  8.925 T  8.925 TT  8.925 M:  10085.1   9462.1
B  8.925 ..  9.022 T  9.022 TT  9.022 M:  11317.6  11880.0
new alloc for instr 1:
B  9.022 ..  9.041 T  9.041 TT  9.041 M:  10449.0  10033.3
B  9.041 ..  9.102 T  9.102 TT  9.102 M:  13384.0  12301.2
B  9.102 ..  9.143 T  9.143 TT  9.143 M:  11687.8  12409.4
new alloc for instr 1:
B  9.143 ..  9.157 T  9.157 TT  9.157 M:   8103.4   8160.2
B  9.157 ..  9.158 T  9.158 TT  9.158 M:   9458.3   9488.3
B  9.158 ..  9.183 T  9.183 TT  9.183 M:   9159.3  10194.1
B  9.183 ..  9.184 T  9.184 TT  9.184 M:   3751.7   4040.7
B  9.184 ..  9.213 T  9.213 TT  9.213 M:   9444.6   8172.0
B  9.213 ..  9.311 T  9.311 TT  9.311 M:  11103.9  12572.6
B  9.311 ..  9.337 T  9.337 TT  9.337 M:  11546.0  12046.6
new alloc for instr 1:
B  9.337 ..  9.380 T  9.380 TT  9.380 M:  10441.5  11318.0
B  9.380 ..  9.409 T  9.409 TT  9.409 M:   9878.3   9863.5
B  9.409 ..  9.452 T  9.452 TT  9.452 M:  12940.3  10477.6
new alloc for instr 1:
B  9.452 ..  9.529 T  9.529 TT  9.529 M:  10902.1  11116.7
new alloc for instr 1:
B  9.529 ..  9.621 T  9.621 TT  9.621 M:  12629.3  12477.4
B  9.621 ..  9.623 T  9.623 TT  9.623 M:   5990.3   7168.2
B  9.623 ..  9.708 T  9.708 TT  9.708 M:  11918.2  11910.3
B  9.708 ..  9.721 T  9.721 TT  9.721 M:   9880.7  11514.1
B  9.721 ..  9.747 T  9.747 TT  9.747 M:   9167.8  10462.7
new alloc for instr 1:
B  9.747 ..  9.757 T  9.757 TT  9.757 M:  10947.6  10115.9
new alloc for instr 1:
B  9.757 ..  9.779 T  9.779 TT  9.779 M:   9768.7   9921.5
new alloc for instr 1:
B  9.779 ..  9.811 T  9.811 TT  9.811 M:   8513.5  10643.8
new alloc for instr 1:
B  9.811 ..  9.834 T  9.834 TT  9.834 M:  14312.2  12430.9
new alloc for instr 1:
B  9.834 ..  9.856 T  9.856 TT  9.856 M:  12436.4  13341.6
B  9.856 ..  9.859 T  9.859 TT  9.859 M:   9233.6  12431.9
B  9.859 ..  9.895 T  9.895 TT  9.895 M:  12231.3  14495.9
new alloc for instr 1:
B  9.895 ..  9.919 T  9.919 TT  9.919 M:  11098.6  11143.7
new alloc for instr 1:
B  9.919 ..  9.999 T  9.999 TT  9.999 M:  11036.6  13124.5
new alloc for instr 1:
B  9.999 .. 10.030 T 10.030 TT 10.030 M:  10395.0  11404.9
new alloc for instr 1:
B 10.030 .. 10.079 T 10.079 TT 10.079 M:  11466.4  10692.5
B 10.079 .. 10.097 T 10.097 TT 10.097 M:  11314.4  12215.8
B 10.097 .. 10.128 T 10.128 TT 10.128 M:  10046.8  13489.4
new alloc for instr 1:
B 10.128 .. 10.160 T 10.160 TT 10.160 M:  10289.9  12413.1
new alloc for instr 1:
B 10.160 .. 10.186 T 10.186 TT 10.186 M:  10369.4  12621.4
new alloc for instr 1:
B 10.186 .. 10.231 T 10.231 TT 10.231 M:  12993.9  12521.6
new alloc for instr 1:
B 10.231 .. 10.311 T 10.311 TT 10.311 M:  13953.1  12454.1
new alloc for instr 1:
B 10.311 .. 10.392 T 10.392 TT 10.392 M:  14287.9  12218.6
new alloc for instr 1:
B 10.392 .. 10.457 T 10.457 TT 10.457 M:  11057.1  12670.9
new alloc for instr 1:
B 10.457 .. 10.459 T 10.459 TT 10.459 M:   4594.7   7035.4
new alloc for instr 1:
B 10.459 .. 10.535 T 10.535 TT 10.535 M:  12339.8  11534.1
new alloc for instr 1:
B 10.535 .. 10.549 T 10.549 TT 10.549 M:   9559.6   9556.7
B 10.549 .. 10.586 T 10.586 TT 10.586 M:  11613.8  12365.6
B 10.586 .. 10.627 T 10.627 TT 10.627 M:  11915.4  14694.2
B 10.627 .. 10.633 T 10.633 TT 10.633 M:  10069.6   9666.7
B 10.633 .. 10.642 T 10.642 TT 10.642 M:  11689.3  12355.2
new alloc for instr 1:
B 10.642 .. 10.714 T 10.714 TT 10.714 M:  13391.2  13589.9
new alloc for instr 1:
B 10.714 .. 10.758 T 10.758 TT 10.758 M:  11950.0  13470.6
B 10.758 .. 10.767 T 10.767 TT 10.767 M:  11178.7  10806.3
B 10.767 .. 10.769 T 10.769 TT 10.769 M:   6321.4   6000.1
B 10.769 .. 10.791 T 10.791 TT 10.791 M:  12948.4  14495.1
B 10.791 .. 10.792 T 10.792 TT 10.792 M:   4123.0   5464.3
B 10.792 .. 10.851 T 10.851 TT 10.851 M:   9429.7  10884.7
B 10.851 .. 10.860 T 10.860 TT 10.860 M:   7220.3   9387.8
new alloc for instr 1:
B 10.860 .. 10.861 T 10.861 TT 10.861 M:   5382.2   6735.3
B 10.861 .. 10.886 T 10.886 TT 10.886 M:  11999.2  14359.7
B 10.886 .. 10.910 T 10.910 TT 10.910 M:   9466.7   9866.1
new alloc for instr 1:
B 10.910 .. 10.953 T 10.953 TT 10.953 M:  13115.3  15678.2
new alloc for instr 1:
B 10.953 .. 10.958 T 10.958 TT 10.958 M:  11610.4  10879.2
new alloc for instr 1:
B 10.958 .. 11.029 T 11.029 TT 11.029 M:  11500.5  11772.0
new alloc for instr 1:
B 11.029 .. 11.051 T 11.051 TT 11.051 M:  10213.8  12237.6
new alloc for instr 1:
B 11.051 .. 11.121 T 11.121 TT 11.121 M:  10142.9  11251.0
new alloc for instr 1:
B 11.121 .. 11.207 T 11.207 TT 11.207 M:  14763.2  14556.9
new alloc for instr 1:
B 11.207 .. 11.265 T 11.265 TT 11.265 M:  12388.3  13027.7
new alloc for instr 1:
B 11.265 .. 11.310 T 11.310 TT 11.310 M:  11136.9  10708.2
new alloc for instr 1:
B 11.310 .. 11.351 T 11.351 TT 11.351 M:  10944.3  12213.9
new alloc for instr 1:
B 11.351 .. 11.352 T 11.352 TT 11.352 M:   8022.7   6746.8
new alloc for instr 1:
B 11.352 .. 11.389 T 11.389 TT 11.389 M:  13168.5  13208.3
B 11.389 .. 11.413 T 11.413 TT 11.413 M:  10752.4  13547.8
B 11.413 .. 11.448 T 11.448 TT 11.448 M:  13225.2  12430.1
B 11.448 .. 11.501 T 11.501 TT 11.501 M:  13780.0  16014.5
B 11.501 .. 11.582 T 11.582 TT 11.582 M:  11068.4  12130.4
new alloc for instr 1:
B 11.582 .. 11.624 T 11.624 TT 11.624 M:  11861.5  14160.3
new alloc for instr 1:
B 11.624 .. 11.653 T 11.653 TT 11.653 M:  10875.4  10206.8
new alloc for instr 1:
B 11.653 .. 11.699 T 11.699 TT 11.699 M:  15774.8  13127.4
B 11.699 .. 11.720 T 11.720 TT 11.720 M:  10916.6  11881.4
B 11.720 .. 11.731 T 11.731 TT 11.731 M:   9719.1  12602.4
new alloc for instr 1:
B 11.731 .. 11.736 T 11.736 TT 11.736 M:  13514.5  10552.2
new alloc for instr 1:
B 11.736 .. 11.737 T 11.737 TT 11.737 M:  13652.4  11030.9
new alloc for instr 1:
B 11.737 .. 11.740 T 11.740 TT 11.740 M:   8909.5  13147.5
new alloc for instr 1:
B 11.740 .. 11.837 T 11.837 TT 11.837 M:  14530.9  13880.2
new alloc for instr 1:
B 11.837 .. 11.884 T 11.884 TT 11.884 M:  16271.4  16243.2
new alloc for instr 1:
B 11.884 .. 11.929 T 11.929 TT 11.929 M:  13942.4  12531.7
new alloc for instr 1:
B 11.929 .. 11.961 T 11.961 TT 11.961 M:  11951.9  11901.2
B 11.961 .. 11.992 T 11.992 TT 11.992 M:  12361.6  11022.6
B 11.992 .. 12.011 T 12.011 TT 12.011 M:  10454.8  10583.8
new alloc for instr 1:
B 12.011 .. 12.056 T 12.056 TT 12.056 M:  12948.1  12731.9
new alloc for instr 1:
B 12.056 .. 12.125 T 12.125 TT 12.125 M:  12216.6  14312.3
B 12.125 .. 12.137 T 12.137 TT 12.137 M:   9668.4  11836.3
B 12.137 .. 12.152 T 12.152 TT 12.152 M:  10598.8  11121.0
new alloc for instr 1:
B 12.152 .. 12.174 T 12.174 TT 12.174 M:  11118.7  12134.1
new alloc for instr 1:
B 12.174 .. 12.181 T 12.181 TT 12.181 M:  11223.1  11508.6
new alloc for instr 1:
B 12.181 .. 12.267 T 12.267 TT 12.267 M:  13233.2  15186.4
new alloc for instr 1:
B 12.267 .. 12.353 T 12.353 TT 12.353 M:  12734.2  14888.5
new alloc for instr 1:
B 12.353 .. 12.419 T 12.419 TT 12.419 M:  14455.0  15016.7
new alloc for instr 1:
B 12.419 .. 12.444 T 12.444 TT 12.444 M:  11811.8  11764.4
B 12.444 .. 12.466 T 12.466 TT 12.466 M:  13184.4  11419.2
B 12.466 .. 12.523 T 12.523 TT 12.523 M:  14477.5  12617.8
B 12.523 .. 12.548 T 12.548 TT 12.548 M:  13151.9  12664.8
B 12.548 .. 12.562 T 12.562 TT 12.562 M:  12049.5  12836.5
B 12.562 .. 12.571 T 12.571 TT 12.571 M:  14829.7  17389.0
B 12.571 .. 12.583 T 12.583 TT 12.583 M:  12238.2  13304.7
B 12.583 .. 12.604 T 12.604 TT 12.604 M:  15347.6  13003.6
B 12.604 .. 12.660 T 12.660 TT 12.660 M:  12527.7  14363.2
new alloc for instr 1:
B 12.660 .. 12.695 T 12.695 TT 12.695 M:  13583.2  13153.9
new alloc for instr 1:
B 12.695 .. 12.757 T 12.757 TT 12.757 M:  15579.4  15061.1
new alloc for instr 1:
B 12.757 .. 12.805 T 12.805 TT 12.805 M:  15385.6  18398.0
new alloc for instr 1:
B 12.805 .. 12.826 T 12.826 TT 12.826 M:  10992.9  13711.9
new alloc for instr 1:
B 12.826 .. 12.877 T 12.877 TT 12.877 M:  11502.9  13425.9
new alloc for instr 1:
B 12.877 .. 12.912 T 12.912 TT 12.912 M:  12305.5  12884.0
new alloc for instr 1:
B 12.912 .. 12.955 T 12.955 TT 12.955 M:  11315.9  11869.1
new alloc for instr 1:
B 12.955 .. 13.051 T 13.051 TT 13.051 M:  14735.4  14754.7
new alloc for instr 1:
B 13.051 .. 13.128 T 13.128 TT 13.128 M:  13015.9  14686.6
new alloc for instr 1:
B 13.128 .. 13.136 T 13.136 TT 13.136 M:   8689.0  11045.2
B 13.136 .. 13.188 T 13.188 TT 13.188 M:  12709.2  11454.2
B 13.188 .. 13.234 T 13.234 TT 13.234 M:  13824.2  11653.7
new alloc for instr 1:
B 13.234 .. 13.251 T 13.251 TT 13.251 M:  11558.4  10171.0
new alloc for instr 1:
B 13.251 .. 13.286 T 13.286 TT 13.286 M:  11657.9  13818.0
B 13.286 .. 13.315 T 13.315 TT 13.315 M:  14680.0  11881.5
B 13.315 .. 13.325 T 13.325 TT 13.325 M:  10001.1  10195.0
new alloc for instr 1:
B 13.325 .. 13.335 T 13.335 TT 13.335 M:  11129.5  10751.8
B 13.335 .. 13.342 T 13.342 TT 13.342 M:  10414.9  11636.3
B 13.342 .. 13.369 T 13.369 TT 13.369 M:  11770.8  13709.0
new alloc for instr 1:
B 13.369 .. 13.430 T 13.430 TT 13.430 M:  12187.2  13874.9
new alloc for instr 1:
B 13.430 .. 13.439 T 13.439 TT 13.439 M:  10979.9  15294.5
B 13.439 .. 13.470 T 13.470 TT 13.470 M:  13327.3  14382.0
B 13.470 .. 13.505 T 13.505 TT 13.505 M:  14059.0  13697.9
B 13.505 .. 13.515 T 13.515 TT 13.515 M:  12370.2  12793.7
B 13.515 .. 13.544 T 13.544 TT 13.544 M:  17710.2  14695.2
new alloc for instr 1:
B 13.544 .. 13.603 T 13.603 TT 13.603 M:  12015.8  11820.1
new alloc for instr 1:
B 13.603 .. 13.630 T 13.630 TT 13.630 M:  12167.9  12348.5
new alloc for instr 1:
B 13.630 .. 13.694 T 13.694 TT 13.694 M:  15942.3  13852.5
B 13.694 .. 13.712 T 13.712 TT 13.712 M:  12948.9  11092.4
B 13.712 .. 13.760 T 13.760 TT 13.760 M:  14377.7  16265.2
new alloc for instr 1:
B 13.760 .. 13.781 T 13.781 TT 13.781 M:  12428.0  12614.9
new alloc for instr 1:
B 13.781 .. 13.845 T 13.845 TT 13.845 M:  15085.4  14653.1
new alloc for instr 1:
B 13.845 .. 13.881 T 13.881 TT 13.881 M:  14409.5  11915.1
B 13.881 .. 13.931 T 13.931 TT 13.931 M:  12519.0  13946.9
B 13.931 .. 13.941 T 13.941 TT 13.941 M:  11622.6  12733.7
B 13.941 .. 13.956 T 13.956 TT 13.956 M:  13499.2  15261.0
B 13.956 .. 13.961 T 13.961 TT 13.961 M:  11645.7  12025.0
B 13.961 .. 13.968 T 13.968 TT 13.968 M:  10429.4  11932.3
B 13.968 .. 14.011 T 14.011 TT 14.011 M:  12659.5  16382.0
B 14.011 .. 14.081 T 14.081 TT 14.081 M:  14302.3  15405.4
B 14.081 .. 14.144 T 14.144 TT 14.144 M:  13412.9  14262.6
new alloc for instr 1:
B 14.144 .. 14.156 T 14.156 TT 14.156 M:  11453.2  12813.5
B 14.156 .. 14.181 T 14.181 TT 14.181 M:  12946.3  18828.6
B 14.181 .. 14.248 T 14.248 TT 14.248 M:  16111.0  15161.9
new alloc for instr 1:
B 14.248 .. 14.332 T 14.332 TT 14.332 M:  14444.7  15258.5
new alloc for instr 1:
B 14.332 .. 14.370 T 14.370 TT 14.370 M:  13793.0  11787.6
new alloc for instr 1:
B 14.370 .. 14.405 T 14.405 TT 14.405 M:  13150.5  13857.2
new alloc for instr 1:
B 14.405 .. 14.453 T 14.453 TT 14.453 M:  15067.0  14534.1
new alloc for instr 1:
B 14.453 .. 14.487 T 14.487 TT 14.487 M:  12260.0  16091.4
new alloc for instr 1:
B 14.487 .. 14.533 T 14.533 TT 14.533 M:  17056.8  14401.0
new alloc for instr 1:
B 14.533 .. 14.600 T 14.600 TT 14.600 M:  15152.8  14602.7
new alloc for instr 1:
B 14.600 .. 14.621 T 14.621 TT 14.621 M:  12155.4  13873.6
B 14.621 .. 14.672 T 14.672 TT 14.672 M:  13744.6  14778.3
B 14.672 .. 14.717 T 14.717 TT 14.717 M:  14355.4  16435.0
new alloc for instr 1:
B 14.717 .. 14.749 T 14.749 TT 14.749 M:  16028.3  13810.0
new alloc for instr 1:
B 14.749 .. 14.750 T 14.750 TT 14.750 M:   6997.6   7817.9
new alloc for instr 1:
B 14.750 .. 14.828 T 14.828 TT 14.828 M:  14994.2  15056.1
B 14.828 .. 14.842 T 14.842 TT 14.842 M:  16081.3  14520.1
B 14.842 .. 14.922 T 14.922 TT 14.922 M:  13489.7  13709.3
B 14.922 .. 14.933 T 14.933 TT 14.933 M:  13392.3  13786.6
B 14.933 .. 14.963 T 14.963 TT 14.963 M:  13602.4  12316.4
B 14.963 .. 14.980 T 14.980 TT 14.980 M:  12209.8  13261.4
B 14.980 .. 15.004 T 15.004 TT 15.004 M:  12761.1  14307.5
B 15.004 .. 15.004 T 15.004 TT 15.004 M:   6781.0   8824.2
B 15.004 .. 15.037 T 15.037 TT 15.037 M:  12475.4  12729.1
new alloc for instr 1:
B 15.037 .. 15.101 T 15.101 TT 15.101 M:  14779.5  15884.4
new alloc for instr 1:
B 15.101 .. 15.171 T 15.171 TT 15.171 M:  17319.4  14433.7
new alloc for instr 1:
B 15.171 .. 15.201 T 15.201 TT 15.201 M:  13951.4  18382.3
B 15.201 .. 15.237 T 15.237 TT 15.237 M:  12140.9  14551.6
B 15.237 .. 15.280 T 15.280 TT 15.280 M:  13991.7  14573.1
new alloc for instr 1:
B 15.280 .. 15.290 T 15.290 TT 15.290 M:  13948.2  18331.8
B 15.290 .. 15.304 T 15.304 TT 15.304 M:  12415.5  10711.6
B 15.304 .. 15.328 T 15.328 TT 15.328 M:  12790.0  12482.2
new alloc for instr 1:
B 15.328 .. 15.338 T 15.338 TT 15.338 M:  13405.1  12035.5
new alloc for instr 1:
B 15.338 .. 15.391 T 15.391 TT 15.391 M:  13864.1  15003.3
new alloc for instr 1:
B 15.391 .. 15.427 T 15.427 TT 15.427 M:  14191.2  15237.0
new alloc for instr 1:
B 15.427 .. 15.440 T 15.440 TT 15.440 M:  13597.2  13725.8
B 15.440 .. 15.456 T 15.456 TT 15.456 M:  13770.0  14606.0
B 15.456 .. 15.473 T 15.473 TT 15.473 M:  12914.8  12135.6
B 15.473 .. 15.502 T 15.502 TT 15.502 M:  13485.7  14295.8
B 15.502 .. 15.554 T 15.554 TT 15.554 M:  15666.2  14145.1
new alloc for instr 1:
B 15.554 .. 15.571 T 15.571 TT 15.571 M:  11912.8  13461.4
new alloc for instr 1:
B 15.571 .. 15.599 T 15.599 TT 15.599 M:  15033.5  17000.5
new alloc for instr 1:
B 15.599 .. 15.641 T 15.641 TT 15.641 M:  13495.3  15796.0
new alloc for instr 1:
B 15.641 .. 15.662 T 15.662 TT 15.662 M:  14513.7  13630.8
B 15.662 .. 15.669 T 15.669 TT 15.669 M:  13421.0  11174.2
B 15.669 .. 15.677 T 15.677 TT 15.677 M:  11455.8  12313.0
B 15.677 .. 15.686 T 15.686 TT 15.686 M:   8837.6  11462.9
B 15.686 .. 15.713 T 15.713 TT 15.713 M:  14120.5  15205.6
B 15.713 .. 15.730 T 15.730 TT 15.730 M:  12182.8  14070.6
B 15.730 .. 15.744 T 15.744 TT 15.744 M:  15135.1  15511.0
new alloc for instr 1:
B 15.744 .. 15.798 T 15.798 TT 15.798 M:  15996.6  15926.9
new alloc for instr 1:
B 15.798 .. 15.843 T 15.843 TT 15.843 M:  14692.6  12556.9
new alloc for instr 1:
B 15.843 .. 15.862 T 15.862 TT 15.862 M:  12734.4  13936.9
new alloc for instr 1:
B 15.862 .. 15.862 T 15.862 TT 15.862 M:   7223.3   3362.1
B 15.862 .. 15.933 T 15.933 TT 15.933 M:  15356.9  13470.5
B 15.933 .. 15.971 T 15.971 TT 15.971 M:  14857.6  15105.8
new alloc for instr 1:
B 15.971 .. 16.012 T 16.012 TT 16.012 M:  15179.9  14778.5
new alloc for instr 1:
B 16.012 .. 16.014 T 16.014 TT 16.014 M:  10030.9   9384.7
new alloc for instr 1:
B 16.014 .. 16.085 T 16.085 TT 16.085 M:  16692.0  17423.9
new alloc for instr 1:
B 16.085 .. 16.134 T 16.134 TT 16.134 M:  15356.7  14653.6
new alloc for instr 1:
B 16.134 .. 16.135 T 16.135 TT 16.135 M:   9456.3   6824.6
B 16.135 .. 16.188 T 16.188 TT 16.188 M:  14680.3  15332.8
B 16.188 .. 16.209 T 16.209 TT 16.209 M:  13305.3  15087.8
B 16.209 .. 16.240 T 16.240 TT 16.240 M:  15444.8  14263.7
B 16.240 .. 16.242 T 16.242 TT 16.242 M:  10115.4  12393.0
B 16.242 .. 16.254 T 16.254 TT 16.254 M:  15295.9  12776.2
B 16.254 .. 16.303 T 16.303 TT 16.303 M:  15448.6  14872.3
B 16.303 .. 16.358 T 16.358 TT 16.358 M:  15807.8  15813.6
B 16.358 .. 16.370 T 16.370 TT 16.370 M:  10889.1  10435.7
B 16.370 .. 16.374 T 16.374 TT 16.374 M:  10780.5  10203.5
B 16.374 .. 16.376 T 16.376 TT 16.376 M:  10747.7  10384.0
new alloc for instr 1:
B 16.376 .. 16.390 T 16.390 TT 16.390 M:  14763.0  14529.1
B 16.390 .. 16.433 T 16.433 TT 16.433 M:  16259.3  14610.1
B 16.433 .. 16.438 T 16.438 TT 16.438 M:  12732.6  12012.8
B 16.438 .. 16.475 T 16.475 TT 16.475 M:  13707.7  14339.8
B 16.475 .. 16.477 T 16.477 TT 16.477 M:  10108.2   8489.1
B 16.477 .. 16.569 T 16.569 TT 16.569 M:  20425.1  16481.0
B 16.569 .. 16.574 T 16.574 TT 16.574 M:  13012.5  13676.7
new alloc for instr 1:
B 16.574 .. 16.649 T 16.649 TT 16.649 M:  15188.2  18640.8
new alloc for instr 1:
B 16.649 .. 16.712 T 16.712 TT 16.712 M:  17757.0  17046.3
B 16.712 .. 16.721 T 16.721 TT 16.721 M:  14161.7  13033.9
B 16.721 .. 16.747 T 16.747 TT 16.747 M:  13116.7  16320.3
new alloc for instr 1:
B 16.747 .. 16.763 T 16.763 TT 16.763 M:  14807.0  17447.2
B 16.763 .. 16.814 T 16.814 TT 16.814 M:  15677.7  17437.0
B 16.814 .. 16.839 T 16.839 TT 16.839 M:  18522.6  16215.2
B 16.839 .. 16.873 T 16.873 TT 16.873 M:  12857.8  13384.0
B 16.873 .. 16.908 T 16.908 TT 16.908 M:  15231.6  14139.8
new alloc for instr 1:
B 16.908 .. 16.925 T 16.925 TT 16.925 M:  13871.0  11298.1
new alloc for instr 1:
B 16.925 .. 16.942 T 16.942 TT 16.942 M:  13622.3  12886.9
B 16.942 .. 17.008 T 17.008 TT 17.008 M:  13972.3  14251.1
B 17.008 .. 17.049 T 17.049 TT 17.049 M:  16186.3  15793.5
B 17.049 .. 17.069 T 17.069 TT 17.069 M:  13855.6  13489.7
B 17.069 .. 17.104 T 17.104 TT 17.104 M:  17945.3  17741.5
new alloc for instr 1:
B 17.104 .. 17.105 T 17.105 TT 17.105 M:   6823.3   6356.1
new alloc for instr 1:
B 17.105 .. 17.137 T 17.137 TT 17.137 M:  16691.8  16927.5
new alloc for instr 1:
B 17.137 .. 17.217 T 17.217 TT 17.217 M:  15377.2  17379.1
new alloc for instr 1:
B 17.217 .. 17.268 T 17.268 TT 17.268 M:  15232.6  17878.1
new alloc for instr 1:
B 17.268 .. 17.282 T 17.282 TT 17.282 M:  14585.2  14598.3
new alloc for instr 1:
B 17.282 .. 17.283 T 17.283 TT 17.283 M:  14360.8  11495.8
B 17.283 .. 17.338 T 17.338 TT 17.338 M:  15919.7  17926.6
B 17.338 .. 17.339 T 17.339 TT 17.339 M:   8472.9   7611.8
new alloc for instr 1:
B 17.339 .. 17.364 T 17.364 TT 17.364 M:  13776.5  16005.8
new alloc for instr 1:
B 17.364 .. 17.372 T 17.372 TT 17.372 M:  13913.6  11952.0
B 17.372 .. 17.435 T 17.435 TT 17.435 M:  16719.3  14900.9
B 17.435 .. 17.437 T 17.437 TT 17.437 M:  11705.7  12121.0
B 17.437 .. 17.470 T 17.470 TT 17.470 M:  16322.2  16171.3
B 17.470 .. 17.513 T 17.513 TT 17.513 M:  19440.8  15548.3
new alloc for instr 1:
B 17.513 .. 17.549 T 17.549 TT 17.549 M:  13966.6  13795.0
B 17.549 .. 17.595 T 17.595 TT 17.595 M:  15540.6  18840.1
B 17.595 .. 17.620 T 17.620 TT 17.620 M:  13686.9  13935.8
new alloc for instr 1:
B 17.620 .. 17.662 T 17.662 TT 17.662 M:  14055.9  14266.0
new alloc for instr 1:
B 17.662 .. 17.742 T 17.742 TT 17.742 M:  16124.0  14584.0
new alloc for instr 1:
B 17.742 .. 17.830 T 17.830 TT 17.830 M:  18115.8  15226.5
new alloc for instr 1:
B 17.830 .. 17.839 T 17.839 TT 17.839 M:  12123.9  12714.9
B 17.839 .. 17.898 T 17.898 TT 17.898 M:  16886.2  15893.8
B 17.898 .. 17.980 T 17.980 TT 17.980 M:  18261.8  16182.7
new alloc for instr 1:
B 17.980 .. 18.066 T 18.066 TT 18.066 M:  17616.0  17701.5
new alloc for instr 1:
B 18.066 .. 18.101 T 18.101 TT 18.101 M:  14637.0  14215.2
new alloc for instr 1:
B 18.101 .. 18.107 T 18.107 TT 18.107 M:  10947.6  11969.8
new alloc for instr 1:
B 18.107 .. 18.113 T 18.113 TT 18.113 M:  13716.1  11993.2
B 18.113 .. 18.190 T 18.190 TT 18.190 M:  16301.6  15636.3
B 18.190 .. 18.194 T 18.194 TT 18.194 M:  11632.3  10853.2
B 18.194 .. 18.208 T 18.208 TT 18.208 M:  15536.5  14745.7
B 18.208 .. 18.241 T 18.241 TT 18.241 M:  16126.5  14108.0
B 18.241 .. 18.281 T 18.281 TT 18.281 M:  14560.9  15931.8
B 18.281 .. 18.286 T 18.286 TT 18.286 M:  10740.6  11654.8
B 18.286 .. 18.300 T 18.300 TT 18.300 M:  14821.9  14736.1
B 18.300 .. 18.314 T 18.314 TT 18.314 M:  11619.8  12622.8
B 18.314 .. 18.341 T 18.341 TT 18.341 M:  16369.7  17367.5
B 18.341 .. 18.344 T 18.344 TT 18.344 M:  11488.0  11594.5
B 18.344 .. 18.345 T 18.345 TT 18.345 M:  12691.4  17251.6
B 18.345 .. 18.370 T 18.370 TT 18.370 M:  15817.8  17834.5
B 18.370 .. 18.427 T 18.427 TT 18.427 M:  17732.7  16307.9
B 18.427 .. 18.469 T 18.469 TT 18.469 M:  15555.7  16968.7
B 18.469 .. 18.470 T 18.470 TT 18.470 M:   6083.9   9087.6
B 18.470 .. 18.486 T 18.486 TT 18.486 M:  13755.6  14628.1
B 18.486 .. 18.514 T 18.514 TT 18.514 M:  16388.9  15727.4
B 18.514 .. 18.527 T 18.527 TT 18.527 M:  13446.4  15297.2
B 18.527 .. 18.536 T 18.536 TT 18.536 M:  12866.7  10857.9
B 18.536 .. 18.544 T 18.544 TT 18.544 M:  13121.1  12686.7
B 18.544 .. 18.578 T 18.578 TT 18.578 M:  16661.7  17654.9
B 18.578 .. 18.618 T 18.618 TT 18.618 M:  15739.8  15492.6
new alloc for instr 1:
B 18.618 .. 18.639 T 18.639 TT 18.639 M:  15689.7  14843.1
new alloc for instr 1:
B 18.639 .. 18.709 T 18.709 TT 18.709 M:  16948.3  15643.9
new alloc for instr 1:
B 18.709 .. 18.712 T 18.712 TT 18.712 M:  10325.1   9802.9
new alloc for instr 1:
B 18.712 .. 18.715 T 18.715 TT 18.715 M:  11324.0  10612.8
new alloc for instr 1:
B 18.715 .. 18.731 T 18.731 TT 18.731 M:  16743.0  14879.8
B 18.731 .. 18.747 T 18.747 TT 18.747 M:  13993.2  13180.9
B 18.747 .. 18.750 T 18.750 TT 18.750 M:  12831.5   9604.8
new alloc for instr 1:
B 18.750 .. 18.755 T 18.755 TT 18.755 M:  17245.2  18918.4
new alloc for instr 1:
B 18.755 .. 18.768 T 18.768 TT 18.768 M:  15550.5  15460.3
new alloc for instr 1:
B 18.768 .. 18.844 T 18.844 TT 18.844 M:  15409.4  16389.9
new alloc for instr 1:
B 18.844 .. 18.877 T 18.877 TT 18.877 M:  16934.8  17856.6
B 18.877 .. 18.878 T 18.878 TT 18.878 M:   9572.8  11610.8
B 18.878 .. 18.895 T 18.895 TT 18.895 M:  13568.5  15877.7
new alloc for instr 1:
B 18.895 .. 18.899 T 18.899 TT 18.899 M:  12374.4  13601.6
new alloc for instr 1:
B 18.899 .. 18.900 T 18.900 TT 18.900 M:  11637.6  14525.4
B 18.900 .. 18.921 T 18.921 TT 18.921 M:  13985.5  16186.2
B 18.921 .. 18.954 T 18.954 TT 18.954 M:  15659.2  14612.7
new alloc for instr 1:
B 18.954 .. 19.016 T 19.016 TT 19.016 M:  19838.2  18505.7
B 19.016 .. 19.018 T 19.018 TT 19.018 M:  13509.5  14363.5
B 19.018 .. 19.021 T 19.021 TT 19.021 M:  16340.9  11276.9
B 19.021 .. 19.032 T 19.032 TT 19.032 M:  18921.3  19455.6
B 19.032 .. 19.095 T 19.095 TT 19.095 M:  15237.1  18787.3
B 19.095 .. 19.106 T 19.106 TT 19.106 M:  12946.5  11681.3
B 19.106 .. 19.124 T 19.124 TT 19.124 M:  11982.4  13699.7
B 19.124 .. 19.155 T 19.155 TT 19.155 M:  15366.3  14585.1
B 19.155 .. 19.170 T 19.170 TT 19.170 M:  13930.5  13719.9
new alloc for instr 1:
B 19.170 .. 19.227 T 19.227 TT 19.227 M:  18933.1  18470.9
B 19.227 .. 19.238 T 19.238 TT 19.238 M:  16284.7  18374.4
B 19.238 .. 19.271 T 19.271 TT 19.271 M:  18111.3  15729.3
new alloc for instr 1:
B 19.271 .. 19.294 T 19.294 TT 19.294 M:  16234.9  14076.8
new alloc for instr 1:
B 19.294 .. 19.326 T 19.326 TT 19.326 M:  18482.2  17071.7
B 19.326 .. 19.350 T 19.350 TT 19.350 M:  15112.5  14699.7
B 19.350 .. 19.388 T 19.388 TT 19.388 M:  14280.1  15697.4
B 19.388 .. 19.417 T 19.417 TT 19.417 M:  14291.3  13607.2
B 19.417 .. 19.430 T 19.430 TT 19.430 M:  13582.9  15463.0
B 19.430 .. 19.430 T 19.430 TT 19.430 M:  11121.1  11658.9
B 19.430 .. 19.471 T 19.471 TT 19.471 M:  18825.6  15268.6
B 19.471 .. 19.483 T 19.483 TT 19.483 M:  16410.8  19543.7
B 19.483 .. 19.484 T 19.484 TT 19.484 M:  10127.2  13157.2
new alloc for instr 1:
B 19.484 .. 19.543 T 19.543 TT 19.543 M:  18624.3  17898.8
new alloc for instr 1:
B 19.543 .. 19.575 T 19.575 TT 19.575 M:  16938.6  15795.4
new alloc for instr 1:
B 19.575 .. 19.583 T 19.583 TT 19.583 M:  16028.1  13449.9
B 19.583 .. 19.622 T 19.622 TT 19.622 M:  14932.3  17850.4
B 19.622 .. 19.622 T 19.622 TT 19.622 M:  10910.9  13052.0
new alloc for instr 1:
B 19.622 .. 19.625 T 19.625 TT 19.625 M:  11471.4  12641.4
B 19.625 .. 19.644 T 19.644 TT 19.644 M:  16885.5  16544.9
B 19.644 .. 19.706 T 19.706 TT 19.706 M:  15174.7  14532.6
new alloc for instr 1:
B 19.706 .. 19.783 T 19.783 TT 19.783 M:  15901.9  16497.5
new alloc for instr 1:
B 19.783 .. 19.817 T 19.817 TT 19.817 M:  15296.2  18360.6
B 19.817 .. 19.877 T 19.877 TT 19.877 M:  17491.9  19640.9
B 19.877 .. 19.894 T 19.894 TT 19.894 M:  18697.9  18620.0
new alloc for instr 1:
B 19.894 .. 19.926 T 19.926 TT 19.926 M:  15646.6  15331.2
new alloc for instr 1:
B 19.926 .. 19.930 T 19.930 TT 19.930 M:  14771.2   9668.8
B 19.930 .. 19.959 T 19.959 TT 19.959 M:  15553.7  16303.5
B 19.959 .. 19.976 T 19.976 TT 19.976 M:  14715.5  14650.3
B 19.976 .. 19.985 T 19.985 TT 19.985 M:  13502.3  16429.7
B 19.985 .. 20.013 T 20.013 TT 20.013 M:  17054.3  17101.2
B 20.013 .. 20.031 T 20.031 TT 20.031 M:  13814.0  14874.0
B 20.031 .. 20.033 T 20.033 TT 20.033 M:   8559.2   9023.2
B 20.033 .. 20.122 T 20.122 TT 20.122 M:  17710.6  18513.7
B 20.122 .. 20.148 T 20.148 TT 20.148 M:  15871.6  18896.2
B 20.148 .. 20.183 T 20.183 TT 20.183 M:  15649.4  17624.6
B 20.183 .. 20.194 T 20.194 TT 20.194 M:  13799.8  14601.1
B 20.194 .. 20.194 T 20.194 TT 20.194 M:  10425.4   9152.7
B 20.194 .. 20.243 T 20.243 TT 20.243 M:  16248.4  17511.5
new alloc for instr 1:
B 20.243 .. 20.259 T 20.259 TT 20.259 M:  15915.6  17881.2
B 20.259 .. 20.271 T 20.271 TT 20.271 M:  14664.2  14352.4
B 20.271 .. 20.290 T 20.290 TT 20.290 M:  19840.8  21016.5
B 20.290 .. 20.329 T 20.329 TT 20.329 M:  15067.6  15840.8
B 20.329 .. 20.348 T 20.348 TT 20.348 M:  14359.3  15890.9
B 20.348 .. 20.356 T 20.356 TT 20.356 M:  13899.6  15338.1
B 20.356 .. 20.399 T 20.399 TT 20.399 M:  14065.0  16004.1
B 20.399 .. 20.427 T 20.427 TT 20.427 M:  16092.5  13337.3
B 20.427 .. 20.431 T 20.431 TT 20.431 M:  13528.8  10669.5
B 20.431 .. 20.432 T 20.432 TT 20.432 M:  10120.8   9760.9
B 20.432 .. 20.441 T 20.441 TT 20.441 M:  13891.2  12892.5
B 20.441 .. 20.491 T 20.491 TT 20.491 M:  15483.7  17196.4
B 20.491 .. 20.499 T 20.499 TT 20.499 M:  14535.2  15395.0
new alloc for instr 1:
B 20.499 .. 20.513 T 20.513 TT 20.513 M:  17729.4  13900.3
B 20.513 .. 20.551 T 20.551 TT 20.551 M:  16678.4  16878.8
B 20.551 .. 20.556 T 20.556 TT 20.556 M:  14240.7  13876.3
B 20.556 .. 20.600 T 20.600 TT 20.600 M:  16567.7  14380.2
B 20.600 .. 20.605 T 20.605 TT 20.605 M:  11447.9  11864.3
B 20.605 .. 20.647 T 20.647 TT 20.647 M:  17475.8  15886.4
B 20.647 .. 20.664 T 20.664 TT 20.664 M:  13761.0  13108.3
B 20.664 .. 20.668 T 20.668 TT 20.668 M:  14115.5  14608.0
B 20.668 .. 20.690 T 20.690 TT 20.690 M:  15957.9  18155.8
B 20.690 .. 20.716 T 20.716 TT 20.716 M:  16039.3  15354.1
B 20.716 .. 20.738 T 20.738 TT 20.738 M:  13010.9  16098.6
B 20.738 .. 20.771 T 20.771 TT 20.771 M:  14528.3  14369.6
B 20.771 .. 20.791 T 20.791 TT 20.791 M:  14788.3  19482.6
B 20.791 .. 20.808 T 20.808 TT 20.808 M:  14887.4  16178.6
B 20.808 .. 20.846 T 20.846 TT 20.846 M:  13616.5  18316.9
B 20.846 .. 20.868 T 20.868 TT 20.868 M:  18858.8  15814.1
B 20.868 .. 20.871 T 20.871 TT 20.871 M:  16155.5  16590.4
B 20.871 .. 20.913 T 20.913 TT 20.913 M:  14238.0  16976.8
B 20.913 .. 20.922 T 20.922 TT 20.922 M:  14988.7  16432.4
B 20.922 .. 20.936 T 20.936 TT 20.936 M:  17328.0  18353.1
B 20.936 .. 20.959 T 20.959 TT 20.959 M:  16741.1  16354.6
B 20.959 .. 20.984 T 20.984 TT 20.984 M:  15233.1  16964.2
B 20.984 .. 21.013 T 21.013 TT 21.013 M:  15072.9  16192.7
B 21.013 .. 21.016 T 21.016 TT 21.016 M:  12260.6   9498.7
B 21.016 .. 21.066 T 21.066 TT 21.066 M:  16169.1  15492.8
B 21.066 .. 21.132 T 21.132 TT 21.132 M:  16334.6  17435.3
B 21.132 .. 21.132 T 21.132 TT 21.132 M:   4220.8   9442.8
B 21.132 .. 21.197 T 21.197 TT 21.197 M:  17547.1  22734.6
B 21.197 .. 21.237 T 21.237 TT 21.237 M:  18701.5  18007.8
B 21.237 .. 21.279 T 21.279 TT 21.279 M:  16424.8  15292.7
B 21.279 .. 21.355 T 21.355 TT 21.355 M:  15455.7  15859.0
new alloc for instr 1:
B 21.355 .. 21.432 T 21.432 TT 21.432 M:  16899.6  18908.5
new alloc for instr 1:
B 21.432 .. 21.460 T 21.460 TT 21.460 M:  19534.7  18652.1
B 21.460 .. 21.512 T 21.512 TT 21.512 M:  16489.1  18379.3
B 21.512 .. 21.516 T 21.516 TT 21.516 M:  18624.5  13030.6
B 21.516 .. 21.539 T 21.539 TT 21.539 M:  14614.4  20101.5
B 21.539 .. 21.628 T 21.628 TT 21.628 M:  17261.0  15586.1
new alloc for instr 1:
B 21.628 .. 21.671 T 21.671 TT 21.671 M:  15166.3  15065.5
B 21.671 .. 21.691 T 21.691 TT 21.691 M:  12779.4  16650.4
B 21.691 .. 21.702 T 21.702 TT 21.702 M:  12828.4  16823.8
B 21.702 .. 21.723 T 21.723 TT 21.723 M:  16915.5  14780.6
B 21.723 .. 21.724 T 21.724 TT 21.724 M:  10234.0  10500.8
B 21.724 .. 21.754 T 21.754 TT 21.754 M:  17111.5  16388.9
B 21.754 .. 21.755 T 21.755 TT 21.755 M:   6945.6   9719.1
B 21.755 .. 21.761 T 21.761 TT 21.761 M:  11612.9  13444.1
B 21.761 .. 21.814 T 21.814 TT 21.814 M:  17155.6  16506.8
new alloc for instr 1:
B 21.814 .. 21.817 T 21.817 TT 21.817 M:  13237.2  13658.5
B 21.817 .. 21.889 T 21.889 TT 21.889 M:  19105.6  16989.9
B 21.889 .. 21.913 T 21.913 TT 21.913 M:  17495.1  17473.4
B 21.913 .. 21.939 T 21.939 TT 21.939 M:  16512.8  16706.0
B 21.939 .. 21.971 T 21.971 TT 21.971 M:  17424.9  19234.2
B 21.971 .. 21.992 T 21.992 TT 21.992 M:  16457.2  17631.2
B 21.992 .. 22.088 T 22.088 TT 22.088 M:  15338.5  18935.9
new alloc for instr 1:
B 22.088 .. 22.089 T 22.089 TT 22.089 M:   8578.1  12155.9
new alloc for instr 1:
B 22.089 .. 22.095 T 22.095 TT 22.095 M:  14751.6  15279.1
B 22.095 .. 22.137 T 22.137 TT 22.137 M:  17008.3  19857.4
B 22.137 .. 22.228 T 22.228 TT 22.228 M:  16164.0  17407.9
new alloc for instr 1:
B 22.228 .. 22.229 T 22.229 TT 22.229 M:  13219.0   9183.2
new alloc for instr 1:
B 22.229 .. 22.241 T 22.241 TT 22.241 M:  13835.7  16834.9
B 22.241 .. 22.315 T 22.315 TT 22.315 M:  16964.5  19474.8
B 22.315 .. 22.324 T 22.324 TT 22.324 M:  16489.1  13293.5
new alloc for instr 1:
B 22.324 .. 22.341 T 22.341 TT 22.341 M:  16203.1  15655.4
B 22.341 .. 22.359 T 22.359 TT 22.359 M:  19823.7  17928.1
B 22.359 .. 22.391 T 22.391 TT 22.391 M:  17521.4  18389.4
B 22.391 .. 22.395 T 22.395 TT 22.395 M:  14337.7  14493.7
B 22.395 .. 22.401 T 22.401 TT 22.401 M:  16046.9  17770.0
B 22.401 .. 22.472 T 22.472 TT 22.472 M:  18960.9  21543.1
B 22.472 .. 22.486 T 22.486 TT 22.486 M:  13578.1  13761.5
B 22.486 .. 22.502 T 22.502 TT 22.502 M:  13252.2  17021.0
B 22.502 .. 22.509 T 22.509 TT 22.509 M:  15479.1  13729.0
B 22.509 .. 22.549 T 22.549 TT 22.549 M:  18236.3  15093.8
B 22.549 .. 22.550 T 22.550 TT 22.550 M:  10841.5  17297.6
B 22.550 .. 22.561 T 22.561 TT 22.561 M:  11945.8  17636.7
B 22.561 .. 22.595 T 22.595 TT 22.595 M:  19991.4  16097.6
B 22.595 .. 22.596 T 22.596 TT 22.596 M:  12547.7  12355.8
B 22.596 .. 22.602 T 22.602 TT 22.602 M:  13157.4  13395.6
B 22.602 .. 22.604 T 22.604 TT 22.604 M:  12049.3   9109.5
B 22.604 .. 22.608 T 22.608 TT 22.608 M:  10380.1  12111.4
B 22.608 .. 22.626 T 22.626 TT 22.626 M:  15290.0  15022.4
B 22.626 .. 22.658 T 22.658 TT 22.658 M:  17202.8  16097.3
B 22.658 .. 22.677 T 22.677 TT 22.677 M:  15087.8  15295.0
B 22.677 .. 22.694 T 22.694 TT 22.694 M:  16048.4  18700.2
B 22.694 .. 22.723 T 22.723 TT 22.723 M:  14813.7  19907.6
B 22.723 .. 22.731 T 22.731 TT 22.731 M:  15302.7  14196.0
B 22.731 .. 22.751 T 22.751 TT 22.751 M:  19654.0  19012.8
B 22.751 .. 22.782 T 22.782 TT 22.782 M:  15707.1  14933.9
B 22.782 .. 22.787 T 22.787 TT 22.787 M:  15501.4  13423.5
B 22.787 .. 22.868 T 22.868 TT 22.868 M:  17584.6  17038.3
B 22.868 .. 22.918 T 22.918 TT 22.918 M:  17197.6  16795.4
B 22.918 .. 22.932 T 22.932 TT 22.932 M:  16023.5  21477.4
B 22.932 .. 22.947 T 22.947 TT 22.947 M:  16365.3  15951.1
B 22.947 .. 22.967 T 22.967 TT 22.967 M:  15118.3  18420.4
new alloc for instr 1:
B 22.967 .. 22.986 T 22.986 TT 22.986 M:  14847.9  16787.3
new alloc for instr 1:
B 22.986 .. 23.007 T 23.007 TT 23.007 M:  16155.4  15599.1
B 23.007 .. 23.051 T 23.051 TT 23.051 M:  15321.7  14252.8
B 23.051 .. 23.063 T 23.063 TT 23.063 M:  14644.9  13934.8
new alloc for instr 1:
B 23.063 .. 23.144 T 23.144 TT 23.144 M:  19343.3  19031.0
new alloc for instr 1:
B 23.144 .. 23.173 T 23.173 TT 23.173 M:  17466.1  17485.2
new alloc for instr 1:
B 23.173 .. 23.204 T 23.204 TT 23.204 M:  18744.3  16892.7
B 23.204 .. 23.211 T 23.211 TT 23.211 M:  14913.4  11458.1
B 23.211 .. 23.271 T 23.271 TT 23.271 M:  18738.5  17294.4
B 23.271 .. 23.273 T 23.273 TT 23.273 M:  18922.8  15545.2
B 23.273 .. 23.297 T 23.297 TT 23.297 M:  17330.4  15955.8
B 23.297 .. 23.312 T 23.312 TT 23.312 M:  18774.5  15804.5
B 23.312 .. 23.394 T 23.394 TT 23.394 M:  16938.2  16567.4
B 23.394 .. 23.418 T 23.418 TT 23.418 M:  18073.7  15448.4
B 23.418 .. 23.440 T 23.440 TT 23.440 M:  17301.7  16331.1
B 23.440 .. 23.454 T 23.454 TT 23.454 M:  13383.6  14820.3
B 23.454 .. 23.486 T 23.486 TT 23.486 M:  16525.4  14949.3
B 23.486 .. 23.486 T 23.486 TT 23.486 M:   6606.3   7583.6
B 23.486 .. 23.493 T 23.493 TT 23.493 M:  14434.3  17323.7
B 23.493 .. 23.500 T 23.500 TT 23.500 M:  13503.3  14963.6
B 23.500 .. 23.541 T 23.541 TT 23.541 M:  18893.8  20478.6
B 23.541 .. 23.554 T 23.554 TT 23.554 M:  15005.6  15798.1
B 23.554 .. 23.590 T 23.590 TT 23.590 M:  17617.3  17900.6
B 23.590 .. 23.593 T 23.593 TT 23.593 M:  11397.2  13845.2
B 23.593 .. 23.622 T 23.622 TT 23.622 M:  16253.4  17619.8
B 23.622 .. 23.654 T 23.654 TT 23.654 M:  16421.8  15570.7
B 23.654 .. 23.659 T 23.659 TT 23.659 M:  13690.1  14283.6
B 23.659 .. 23.690 T 23.690 TT 23.690 M:  17539.3  15899.8
B 23.690 .. 23.741 T 23.741 TT 23.741 M:  15882.7  20597.7
B 23.741 .. 23.760 T 23.760 TT 23.760 M:  17745.3  16982.1
B 23.760 .. 23.796 T 23.796 TT 23.796 M:  13973.2  15414.5
B 23.796 .. 23.813 T 23.813 TT 23.813 M:  16083.8  16587.1
B 23.813 .. 23.852 T 23.852 TT 23.852 M:  18127.2  17618.3
B 23.852 .. 23.854 T 23.854 TT 23.854 M:  10930.6  14987.7
B 23.854 .. 23.893 T 23.893 TT 23.893 M:  15309.0  15008.0
B 23.893 .. 23.897 T 23.897 TT 23.897 M:  15430.8  14634.5
B 23.897 .. 23.915 T 23.915 TT 23.915 M:  14917.9  13317.9
new alloc for instr 1:
B 23.915 .. 24.005 T 24.005 TT 24.005 M:  18076.8  18534.6
new alloc for instr 1:
B 24.005 .. 24.018 T 24.018 TT 24.018 M:  16024.3  15666.8
new alloc for instr 1:
B 24.018 .. 24.024 T 24.024 TT 24.024 M:  13564.5  17376.4
B 24.024 .. 24.025 T 24.025 TT 24.025 M:  14447.8  16393.8
B 24.025 .. 24.076 T 24.076 TT 24.076 M:  17036.6  16949.2
B 24.076 .. 24.079 T 24.079 TT 24.079 M:  10855.4  13752.1
B 24.079 .. 24.087 T 24.087 TT 24.087 M:  11056.7  12784.8
B 24.087 .. 24.092 T 24.092 TT 24.092 M:  12715.9  16972.4
B 24.092 .. 24.123 T 24.123 TT 24.123 M:  16493.4  16583.8
B 24.123 .. 24.143 T 24.143 TT 24.143 M:  15713.5  15299.5
B 24.143 .. 24.206 T 24.206 TT 24.206 M:  21389.8  17557.1
B 24.206 .. 24.230 T 24.230 TT 24.230 M:  17456.8  16212.9
B 24.230 .. 24.312 T 24.312 TT 24.312 M:  20649.3  17801.2
B 24.312 .. 24.346 T 24.346 TT 24.346 M:  16787.3  16225.6
B 24.346 .. 24.379 T 24.379 TT 24.379 M:  16499.2  17468.1
B 24.379 .. 24.392 T 24.392 TT 24.392 M:  15816.1  12665.5
B 24.392 .. 24.470 T 24.470 TT 24.470 M:  16046.7  18823.4
B 24.470 .. 24.483 T 24.483 TT 24.483 M:  13124.2  17824.1
B 24.483 .. 24.518 T 24.518 TT 24.518 M:  15690.3  17476.5
B 24.518 .. 24.534 T 24.534 TT 24.534 M:  15869.7  18768.2
B 24.534 .. 24.561 T 24.561 TT 24.561 M:  16614.9  18313.6
B 24.561 .. 24.569 T 24.569 TT 24.569 M:  18652.8  16825.5
B 24.569 .. 24.597 T 24.597 TT 24.597 M:  16075.3  15779.4
B 24.597 .. 24.604 T 24.604 TT 24.604 M:  14358.9  14064.6
B 24.604 .. 24.605 T 24.605 TT 24.605 M:   8125.2  12568.8
B 24.605 .. 24.622 T 24.622 TT 24.622 M:  14654.4  15364.2
B 24.622 .. 24.648 T 24.648 TT 24.648 M:  16922.8  17725.7
B 24.648 .. 24.648 T 24.648 TT 24.648 M:  12102.8  12525.9
B 24.648 .. 24.680 T 24.680 TT 24.680 M:  21702.7  17343.8
B 24.680 .. 24.694 T 24.694 TT 24.694 M:  13848.6  15496.2
B 24.694 .. 24.702 T 24.702 TT 24.702 M:  16854.4  14800.2
B 24.702 .. 24.714 T 24.714 TT 24.714 M:  15807.6  14606.7
B 24.714 .. 24.714 T 24.714 TT 24.714 M:   8553.3   8454.7
B 24.714 .. 24.768 T 24.768 TT 24.768 M:  19259.9  19014.3
B 24.768 .. 24.790 T 24.790 TT 24.790 M:  16276.8  14379.7
B 24.790 .. 24.810 T 24.810 TT 24.810 M:  16545.4  17445.7
B 24.810 .. 24.813 T 24.813 TT 24.813 M:   9634.4  12903.9
B 24.813 .. 24.858 T 24.858 TT 24.858 M:  16300.4  15048.9
B 24.858 .. 24.895 T 24.895 TT 24.895 M:  18922.2  17840.8
B 24.895 .. 24.930 T 24.930 TT 24.930 M:  16547.9  14527.8
B 24.930 .. 24.949 T 24.949 TT 24.949 M:  15397.7  16657.4
B 24.949 .. 25.007 T 25.007 TT 25.007 M:  16961.3  16761.0
B 25.007 .. 25.030 T 25.030 TT 25.030 M:  18744.8  18758.3
B 25.030 .. 25.072 T 25.072 TT 25.072 M:  15654.5  16168.9
B 25.072 .. 25.081 T 25.081 TT 25.081 M:  13146.8  11310.3
B 25.081 .. 25.108 T 25.108 TT 25.108 M:  19153.3  18999.3
B 25.108 .. 25.119 T 25.119 TT 25.119 M:  14631.8  14722.1
B 25.119 .. 25.155 T 25.155 TT 25.155 M:  16296.3  19033.2
B 25.155 .. 25.217 T 25.217 TT 25.217 M:  18831.3  15457.0
B 25.217 .. 25.230 T 25.230 TT 25.230 M:  14920.6  14799.2
B 25.230 .. 25.236 T 25.236 TT 25.236 M:  10812.9  10674.4
B 25.236 .. 25.241 T 25.241 TT 25.241 M:  15294.3  15604.4
B 25.241 .. 25.272 T 25.272 TT 25.272 M:  15754.1  15821.5
B 25.272 .. 25.324 T 25.324 TT 25.324 M:  16252.8  16752.5
B 25.324 .. 25.342 T 25.342 TT 25.342 M:  13650.1  13397.4
B 25.342 .. 25.351 T 25.351 TT 25.351 M:  14546.3  16440.1
B 25.351 .. 25.355 T 25.355 TT 25.355 M:  19515.0  13365.9
B 25.355 .. 25.358 T 25.358 TT 25.358 M:  16208.2  12692.3
B 25.358 .. 25.365 T 25.365 TT 25.365 M:  12026.5  12009.4
B 25.365 .. 25.392 T 25.392 TT 25.392 M:  19348.6  15371.1
B 25.392 .. 25.408 T 25.408 TT 25.408 M:  13575.8  15261.5
B 25.408 .. 25.419 T 25.419 TT 25.419 M:  17421.2  16680.7
B 25.419 .. 25.434 T 25.434 TT 25.434 M:  18101.3  18305.8
B 25.434 .. 25.466 T 25.466 TT 25.466 M:  17260.2  21114.5
B 25.466 .. 25.486 T 25.486 TT 25.486 M:  16729.2  15451.4
B 25.486 .. 25.496 T 25.496 TT 25.496 M:  12406.8  16322.7
B 25.496 .. 25.512 T 25.512 TT 25.512 M:  13659.3  13049.6
B 25.512 .. 25.513 T 25.513 TT 25.513 M:   9698.3  14198.0
B 25.513 .. 25.542 T 25.542 TT 25.542 M:  18598.9  18167.8
B 25.542 .. 25.555 T 25.555 TT 25.555 M:  16055.2  17904.6
B 25.555 .. 25.596 T 25.596 TT 25.596 M:  17093.3  16749.5
B 25.596 .. 25.601 T 25.601 TT 25.601 M:  14199.9  17754.4
B 25.601 .. 25.603 T 25.603 TT 25.603 M:  14969.2  10425.5
B 25.603 .. 25.606 T 25.606 TT 25.606 M:  11193.2  12913.8
B 25.606 .. 25.646 T 25.646 TT 25.646 M:  18322.4  17222.2
B 25.646 .. 25.651 T 25.651 TT 25.651 M:  11965.8  18054.3
B 25.651 .. 25.664 T 25.664 TT 25.664 M:  15204.7  15708.7
B 25.664 .. 25.666 T 25.666 TT 25.666 M:  11975.2   8878.9
B 25.666 .. 25.683 T 25.683 TT 25.683 M:  16555.0  17421.5
B 25.683 .. 25.717 T 25.717 TT 25.717 M:  15144.2  20045.4
B 25.717 .. 25.756 T 25.756 TT 25.756 M:  17453.0  16819.0
B 25.756 .. 25.758 T 25.758 TT 25.758 M:  15505.8  10681.0
B 25.758 .. 25.761 T 25.761 TT 25.761 M:  14415.0  15225.3
B 25.761 .. 25.787 T 25.787 TT 25.787 M:  16883.2  15110.5
B 25.787 .. 25.797 T 25.797 TT 25.797 M:  15406.3  14382.4
B 25.797 .. 25.805 T 25.805 TT 25.805 M:  17714.3  16579.3
B 25.805 .. 25.805 T 25.805 TT 25.805 M:  10710.1   8632.6
B 25.805 .. 25.829 T 25.829 TT 25.829 M:  16752.8  19687.5
B 25.829 .. 25.886 T 25.886 TT 25.886 M:  17236.5  16453.0
B 25.886 .. 25.894 T 25.894 TT 25.894 M:  16372.0  15702.1
B 25.894 .. 25.974 T 25.974 TT 25.974 M:  18074.7  18265.9
B 25.974 .. 25.997 T 25.997 TT 25.997 M:  16711.3  13790.1
B 25.997 .. 26.003 T 26.003 TT 26.003 M:  17285.1  14959.8
B 26.003 .. 26.057 T 26.057 TT 26.057 M:  15130.6  17019.1
B 26.057 .. 26.094 T 26.094 TT 26.094 M:  19172.8  15179.1
B 26.094 .. 26.096 T 26.096 TT 26.096 M:  11431.9  11588.7
B 26.096 .. 26.129 T 26.129 TT 26.129 M:  19914.8  16562.3
B 26.129 .. 26.162 T 26.162 TT 26.162 M:  18110.4  18813.7
B 26.162 .. 26.167 T 26.167 TT 26.167 M:  14408.6  16380.5
B 26.167 .. 26.179 T 26.179 TT 26.179 M:  16418.5  13584.8
B 26.179 .. 26.277 T 26.277 TT 26.277 M:  21818.6  18007.9
B 26.277 .. 26.368 T 26.368 TT 26.368 M:  19804.4  19966.2
B 26.368 .. 26.386 T 26.386 TT 26.386 M:  14536.4  14832.1
B 26.386 .. 26.433 T 26.433 TT 26.433 M:  16624.3  17846.1
B 26.433 .. 26.433 T 26.433 TT 26.433 M:  10217.0  10332.9
B 26.433 .. 26.441 T 26.441 TT 26.441 M:  13995.4  13681.6
B 26.441 .. 26.496 T 26.496 TT 26.496 M:  16897.7  17273.1
B 26.496 .. 26.515 T 26.515 TT 26.515 M:  15010.1  15134.7
B 26.515 .. 26.522 T 26.522 TT 26.522 M:  13836.7  13010.8
B 26.522 .. 26.522 T 26.522 TT 26.522 M:   4840.9   4676.8
B 26.522 .. 26.533 T 26.533 TT 26.533 M:  19559.1  20934.6
B 26.533 .. 26.584 T 26.584 TT 26.584 M:  16851.2  18744.3
B 26.584 .. 26.600 T 26.600 TT 26.600 M:  18757.9  15294.6
B 26.600 .. 26.602 T 26.602 TT 26.602 M:  13829.3  12664.3
B 26.602 .. 26.633 T 26.633 TT 26.633 M:  20015.6  20303.5
B 26.633 .. 26.654 T 26.654 TT 26.654 M:  19259.6  15199.6
B 26.654 .. 26.660 T 26.660 TT 26.660 M:  19194.6  19561.7
B 26.660 .. 26.692 T 26.692 TT 26.692 M:  19458.2  16708.1
B 26.692 .. 26.705 T 26.705 TT 26.705 M:  13715.1  15066.1
B 26.705 .. 26.729 T 26.729 TT 26.729 M:  16475.7  15965.6
B 26.729 .. 26.737 T 26.737 TT 26.737 M:  17146.6  13817.2
B 26.737 .. 26.744 T 26.744 TT 26.744 M:  13500.6  15029.9
B 26.744 .. 26.763 T 26.763 TT 26.763 M:  14962.0  16405.4
B 26.763 .. 26.806 T 26.806 TT 26.806 M:  16823.1  15928.1
B 26.806 .. 26.816 T 26.816 TT 26.816 M:  12932.9  16083.6
B 26.816 .. 26.868 T 26.868 TT 26.868 M:  16049.1  16205.8
B 26.868 .. 26.924 T 26.924 TT 26.924 M:  16741.9  19841.2
B 26.924 .. 26.989 T 26.989 TT 26.989 M:  16424.3  19656.8
B 26.989 .. 26.989 T 26.989 TT 26.989 M:   5942.6   7766.4
B 26.989 .. 27.038 T 27.038 TT 27.038 M:  15821.8  15816.8
B 27.038 .. 27.039 T 27.039 TT 27.039 M:  12427.3  11548.0
B 27.039 .. 27.060 T 27.060 TT 27.060 M:  17437.8  13730.8
B 27.060 .. 27.092 T 27.092 TT 27.092 M:  17340.2  15393.7
B 27.092 .. 27.106 T 27.106 TT 27.106 M:  14154.5  15999.4
B 27.106 .. 27.139 T 27.139 TT 27.139 M:  18538.2  17432.9
B 27.139 .. 27.161 T 27.161 TT 27.161 M:  13482.6  17040.7
B 27.161 .. 27.203 T 27.203 TT 27.203 M:  16224.4  17795.1
B 27.203 .. 27.232 T 27.232 TT 27.232 M:  14961.1  16480.5
B 27.232 .. 27.259 T 27.259 TT 27.259 M:  14885.9  18277.1
B 27.259 .. 27.297 T 27.297 TT 27.297 M:  20730.4  17450.0
B 27.297 .. 27.300 T 27.300 TT 27.300 M:  13238.0  14385.8
B 27.300 .. 27.302 T 27.302 TT 27.302 M:  12705.2  11896.8
B 27.302 .. 27.320 T 27.320 TT 27.320 M:  18193.1  18842.3
B 27.320 .. 27.358 T 27.358 TT 27.358 M:  16419.1  15190.3
B 27.358 .. 27.376 T 27.376 TT 27.376 M:  18875.0  16104.7
B 27.376 .. 27.425 T 27.425 TT 27.425 M:  16971.7  18137.3
B 27.425 .. 27.433 T 27.433 TT 27.433 M:  14757.2  13394.6
B 27.433 .. 27.444 T 27.444 TT 27.444 M:  14442.0  13680.0
B 27.444 .. 27.502 T 27.502 TT 27.502 M:  17681.7  18537.2
B 27.502 .. 27.504 T 27.504 TT 27.504 M:  11250.8   9379.3
B 27.504 .. 27.562 T 27.562 TT 27.562 M:  15172.2  17806.1
B 27.562 .. 27.656 T 27.656 TT 27.656 M:  17543.4  21765.0
B 27.656 .. 27.689 T 27.689 TT 27.689 M:  17514.9  19549.6
B 27.689 .. 27.750 T 27.750 TT 27.750 M:  19081.2  16440.8
B 27.750 .. 27.760 T 27.760 TT 27.760 M:  15483.2  14572.9
B 27.760 .. 27.764 T 27.764 TT 27.764 M:  10873.3  11111.4
B 27.764 .. 27.783 T 27.783 TT 27.783 M:  16686.2  16538.7
B 27.783 .. 27.800 T 27.800 TT 27.800 M:  14826.1  13501.2
B 27.800 .. 27.803 T 27.803 TT 27.803 M:  12500.8  18152.4
B 27.803 .. 27.815 T 27.815 TT 27.815 M:  12830.9  12376.3
B 27.815 .. 27.840 T 27.840 TT 27.840 M:  15607.4  17214.6
B 27.840 .. 27.852 T 27.852 TT 27.852 M:  13270.1  13993.5
B 27.852 .. 27.874 T 27.874 TT 27.874 M:  14594.3  14528.5
B 27.874 .. 27.886 T 27.886 TT 27.886 M:  13886.2  15451.3
B 27.886 .. 27.915 T 27.915 TT 27.915 M:  17243.7  15982.6
B 27.915 .. 27.948 T 27.948 TT 27.948 M:  17553.8  17745.4
B 27.948 .. 27.971 T 27.971 TT 27.971 M:  16547.0  19214.9
B 27.971 .. 27.971 T 27.971 TT 27.971 M:   9773.0   8146.3
B 27.971 .. 27.981 T 27.981 TT 27.981 M:  16623.5  16586.6
B 27.981 .. 28.018 T 28.018 TT 28.018 M:  17892.3  16093.2
B 28.018 .. 28.035 T 28.035 TT 28.035 M:  13753.3  14023.7
B 28.035 .. 28.059 T 28.059 TT 28.059 M:  18662.1  18079.9
B 28.059 .. 28.064 T 28.064 TT 28.064 M:  11304.8  15989.6
B 28.064 .. 28.110 T 28.110 TT 28.110 M:  14800.7  16363.2
B 28.110 .. 28.168 T 28.168 TT 28.168 M:  15972.2  19310.7
B 28.168 .. 28.179 T 28.179 TT 28.179 M:  15047.6  15507.8
B 28.179 .. 28.244 T 28.244 TT 28.244 M:  18231.0  17609.9
B 28.244 .. 28.275 T 28.275 TT 28.275 M:  16625.7  18130.7
B 28.275 .. 28.304 T 28.304 TT 28.304 M:  17628.0  15438.9
B 28.304 .. 28.317 T 28.317 TT 28.317 M:  17129.6  15008.1
B 28.317 .. 28.326 T 28.326 TT 28.326 M:  14425.6  15911.9
B 28.326 .. 28.340 T 28.340 TT 28.340 M:  13926.0  16431.7
B 28.340 .. 28.353 T 28.353 TT 28.353 M:  12789.6  16143.7
B 28.353 .. 28.396 T 28.396 TT 28.396 M:  19589.6  19134.4
B 28.396 .. 28.424 T 28.424 TT 28.424 M:  16088.0  16074.6
B 28.424 .. 28.433 T 28.433 TT 28.433 M:  13079.9  14557.1
B 28.433 .. 28.495 T 28.495 TT 28.495 M:  19484.7  17297.1
B 28.495 .. 28.495 T 28.495 TT 28.495 M:   6971.9   9021.0
B 28.495 .. 28.517 T 28.517 TT 28.517 M:  20774.3  15637.9
B 28.517 .. 28.520 T 28.520 TT 28.520 M:  13585.2  14343.6
B 28.520 .. 28.547 T 28.547 TT 28.547 M:  17241.8  17136.1
B 28.547 .. 28.570 T 28.570 TT 28.570 M:  20624.5  19691.5
B 28.570 .. 28.578 T 28.578 TT 28.578 M:  18615.9  14895.5
B 28.578 .. 28.600 T 28.600 TT 28.600 M:  22935.1  15036.2
B 28.600 .. 28.640 T 28.640 TT 28.640 M:  17301.4  17282.5
B 28.640 .. 28.657 T 28.657 TT 28.657 M:  15973.5  15768.0
B 28.657 .. 28.691 T 28.691 TT 28.691 M:  13742.3  16964.6
B 28.691 .. 28.779 T 28.779 TT 28.779 M:  17831.3  18379.6
B 28.779 .. 28.792 T 28.792 TT 28.792 M:  17815.2  15515.6
B 28.792 .. 28.803 T 28.803 TT 28.803 M:  17071.3  13871.4
B 28.803 .. 28.805 T 28.805 TT 28.805 M:  14696.5  14409.1
B 28.805 .. 28.873 T 28.873 TT 28.873 M:  18563.2  19150.4
B 28.873 .. 28.889 T 28.889 TT 28.889 M:  17131.1  18327.3
B 28.889 .. 28.920 T 28.920 TT 28.920 M:  16002.5  19481.4
B 28.920 .. 28.950 T 28.950 TT 28.950 M:  19348.9  18037.9
B 28.950 .. 28.961 T 28.961 TT 28.961 M:  12357.8  15009.3
B 28.961 .. 29.026 T 29.026 TT 29.026 M:  14845.9  16946.6
B 29.026 .. 29.083 T 29.083 TT 29.083 M:  17092.5  20515.4
B 29.083 .. 29.086 T 29.086 TT 29.086 M:  13275.5  12655.6
B 29.086 .. 29.125 T 29.125 TT 29.125 M:  19769.6  18395.5
B 29.125 .. 29.190 T 29.190 TT 29.190 M:  16083.1  16258.8
B 29.190 .. 29.205 T 29.205 TT 29.205 M:  17116.7  15264.8
B 29.205 .. 29.232 T 29.232 TT 29.232 M:  18028.1  17621.0
B 29.232 .. 29.267 T 29.267 TT 29.267 M:  16202.2  16669.7
B 29.267 .. 29.316 T 29.316 TT 29.316 M:  18334.6  17127.1
B 29.316 .. 29.317 T 29.317 TT 29.317 M:  12141.1   9647.5
B 29.317 .. 29.330 T 29.330 TT 29.330 M:  16757.3  14162.5
B 29.330 .. 29.349 T 29.349 TT 29.349 M:  14991.8  17282.4
B 29.349 .. 29.372 T 29.372 TT 29.372 M:  19440.6  16440.0
B 29.372 .. 29.438 T 29.438 TT 29.438 M:  16464.6  20056.1
B 29.438 .. 29.442 T 29.442 TT 29.442 M:  12492.4  14505.2
B 29.442 .. 29.474 T 29.474 TT 29.474 M:  16047.9  15364.0
B 29.474 .. 29.487 T 29.487 TT 29.487 M:  14178.5  14205.7
B 29.487 .. 29.523 T 29.523 TT 29.523 M:  15671.3  16117.9
B 29.523 .. 29.548 T 29.548 TT 29.548 M:  14856.5  17597.0
B 29.548 .. 29.599 T 29.599 TT 29.599 M:  15626.3  18284.1
B 29.599 .. 29.610 T 29.610 TT 29.610 M:  13584.1  11498.7
B 29.610 .. 29.612 T 29.612 TT 29.612 M:  17527.3  16020.0
B 29.612 .. 29.628 T 29.628 TT 29.628 M:  15255.3  16631.7
B 29.628 .. 29.635 T 29.635 TT 29.635 M:  14106.2  13456.8
B 29.635 .. 29.637 T 29.637 TT 29.637 M:  13258.3  14745.1
B 29.637 .. 29.668 T 29.668 TT 29.668 M:  14337.5  15258.6
B 29.668 .. 29.670 T 29.670 TT 29.670 M:  11793.8  13681.1
B 29.670 .. 29.732 T 29.732 TT 29.732 M:  14660.8  16359.4
B 29.732 .. 29.739 T 29.739 TT 29.739 M:  12357.6  17831.1
B 29.739 .. 29.747 T 29.747 TT 29.747 M:  13041.4  17110.6
B 29.747 .. 29.773 T 29.773 TT 29.773 M:  15416.9  18641.9
B 29.773 .. 29.773 T 29.773 TT 29.773 M:  11837.7   9246.5
B 29.773 .. 29.790 T 29.790 TT 29.790 M:  16075.9  15110.9
B 29.790 .. 29.812 T 29.812 TT 29.812 M:  16524.2  17886.9
B 29.812 .. 29.848 T 29.848 TT 29.848 M:  16677.5  14383.4
B 29.848 .. 29.873 T 29.873 TT 29.873 M:  13905.5  16603.6
B 29.873 .. 29.887 T 29.887 TT 29.887 M:  10622.1  12897.3
B 29.887 .. 29.918 T 29.918 TT 29.918 M:  15091.0  16994.9
B 29.918 .. 29.955 T 29.955 TT 29.955 M:  17454.3  17058.1
B 29.955 .. 29.969 T 29.969 TT 29.969 M:  15481.8  16255.2
B 29.969 .. 30.151 T 30.151 TT 30.151 M:  23097.4  20664.2
B 30.151 .. 30.192 T 30.192 TT 30.192 M:  15903.9  14352.8
B 30.192 .. 30.242 T 30.242 TT 30.242 M:  15723.1  18517.6
B 30.242 .. 30.267 T 30.267 TT 30.267 M:  20209.7  18602.9
B 30.267 .. 30.298 T 30.298 TT 30.298 M:  14137.0  17029.4
B 30.298 .. 30.366 T 30.366 TT 30.366 M:  14688.7  17810.6
B 30.366 .. 30.387 T 30.387 TT 30.387 M:  13902.1  14322.2
B 30.387 .. 30.452 T 30.452 TT 30.452 M:  20024.6  18204.8
B 30.452 .. 30.505 T 30.505 TT 30.505 M:  20614.3  21895.0
B 30.505 .. 30.525 T 30.525 TT 30.525 M:  15599.7  15431.1
B 30.525 .. 30.537 T 30.537 TT 30.537 M:  13942.8  13970.6
B 30.537 .. 30.546 T 30.546 TT 30.546 M:  14539.9  14349.6
B 30.546 .. 30.601 T 30.601 TT 30.601 M:  15701.9  19247.6
B 30.601 .. 30.630 T 30.630 TT 30.630 M:  14636.3  15451.7
B 30.630 .. 30.706 T 30.706 TT 30.706 M:  16465.4  17432.1
B 30.706 .. 30.719 T 30.719 TT 30.719 M:  16653.2  18328.7
B 30.719 .. 30.758 T 30.758 TT 30.758 M:  15662.2  14651.4
B 30.758 .. 30.805 T 30.805 TT 30.805 M:  13994.4  16653.4
B 30.805 .. 30.858 T 30.858 TT 30.858 M:  17005.1  18944.6
B 30.858 .. 30.894 T 30.894 TT 30.894 M:  15525.2  17807.3
B 30.894 .. 30.980 T 30.980 TT 30.980 M:  16422.2  17884.9
B 30.980 .. 30.984 T 30.984 TT 30.984 M:  14995.8  14307.7
B 30.984 .. 30.992 T 30.992 TT 30.992 M:  19351.6  20233.7
B 30.992 .. 31.002 T 31.002 TT 31.002 M:  15355.0  17294.7
B 31.002 .. 31.015 T 31.015 TT 31.015 M:  14864.1  17352.5
B 31.015 .. 31.017 T 31.017 TT 31.017 M:  13056.1  13137.6
B 31.017 .. 31.028 T 31.028 TT 31.028 M:  18634.0  14737.3
B 31.028 .. 31.070 T 31.070 TT 31.070 M:  14805.7  16117.9
B 31.070 .. 31.208 T 31.208 TT 31.208 M:  18085.9  18155.9
B 31.208 .. 31.223 T 31.223 TT 31.223 M:  17560.7  17147.0
B 31.223 .. 31.402 T 31.402 TT 31.402 M:  17997.6  18773.1
B 31.402 .. 31.406 T 31.406 TT 31.406 M:  11103.7  12997.0
B 31.406 .. 31.440 T 31.440 TT 31.440 M:  18577.5  18595.2
B 31.440 .. 31.453 T 31.453 TT 31.453 M:  13819.9  14584.5
B 31.453 .. 31.615 T 31.615 TT 31.615 M:  16679.1  19758.3
B 31.615 .. 31.632 T 31.632 TT 31.632 M:  14358.7  13679.8
B 31.632 .. 31.694 T 31.694 TT 31.694 M:  17924.0  15633.2
B 31.694 .. 31.712 T 31.712 TT 31.712 M:  16376.7  17532.8
B 31.712 .. 31.805 T 31.805 TT 31.805 M:  15938.5  17985.1
B 31.805 .. 32.123 T 32.123 TT 32.123 M:  16235.5  17164.1
B 32.123 .. 32.155 T 32.155 TT 32.155 M:  14854.4  14963.7
B 32.155 .. 32.228 T 32.228 TT 32.228 M:  17601.5  18857.7
B 32.228 .. 32.385 T 32.385 TT 32.385 M:  17402.6  19253.9
B 32.385 .. 32.417 T 32.417 TT 32.417 M:  13545.8  14926.3
B 32.417 .. 32.435 T 32.435 TT 32.435 M:  16697.8  14788.9
B 32.435 .. 32.528 T 32.528 TT 32.528 M:  15475.2  16532.8
B 32.528 .. 32.559 T 32.559 TT 32.559 M:  18579.3  17436.3
B 32.559 .. 32.561 T 32.561 TT 32.561 M:  11675.5  10609.4
B 32.561 .. 32.611 T 32.611 TT 32.611 M:  15715.8  16099.8
B 32.611 .. 32.630 T 32.630 TT 32.630 M:  15206.6  12921.8
B 32.630 .. 32.697 T 32.697 TT 32.697 M:  15466.0  17301.9
B 32.697 .. 32.770 T 32.770 TT 32.770 M:  15953.5  15555.1
B 32.770 .. 32.783 T 32.783 TT 32.783 M:  12743.4  12889.0
B 32.783 .. 33.004 T 33.004 TT 33.004 M:  15326.6  16753.8
B 33.004 .. 33.103 T 33.103 TT 33.103 M:  16201.8  17554.6
B 33.103 .. 33.146 T 33.146 TT 33.146 M:  14666.8  14737.4
B 33.146 .. 33.160 T 33.160 TT 33.160 M:  15590.6  14424.9
B 33.160 .. 33.201 T 33.201 TT 33.201 M:  13658.8  14128.3
B 33.201 .. 33.210 T 33.210 TT 33.210 M:  16150.1  15357.9
B 33.210 .. 33.259 T 33.259 TT 33.259 M:  14010.0  12979.0
B 33.259 .. 33.382 T 33.382 TT 33.382 M:  14029.0  15193.5
B 33.382 .. 33.393 T 33.393 TT 33.393 M:  12637.8  13262.8
B 33.393 .. 33.533 T 33.533 TT 33.533 M:  14729.7  17631.4
B 33.533 .. 33.611 T 33.611 TT 33.611 M:  15549.9  17765.6
B 33.611 .. 33.771 T 33.771 TT 33.771 M:  15181.2  15426.8
B 33.771 .. 33.843 T 33.843 TT 33.843 M:  14295.4  15258.4
B 33.843 .. 33.852 T 33.852 TT 33.852 M:  11248.2  11446.6
B 33.852 .. 33.880 T 33.880 TT 33.880 M:  12422.6  12836.8
B 33.880 .. 33.912 T 33.912 TT 33.912 M:  14467.7  16258.2
B 33.912 .. 33.975 T 33.975 TT 33.975 M:  16664.0  15391.9
B 33.975 .. 34.009 T 34.009 TT 34.009 M:  13039.5  12917.6
B 34.009 .. 34.078 T 34.078 TT 34.078 M:  14069.3  15222.1
B 34.078 .. 34.080 T 34.080 TT 34.080 M:  12107.9  11131.5
B 34.080 .. 34.291 T 34.291 TT 34.291 M:  15132.1  19052.2
B 34.291 .. 34.409 T 34.409 TT 34.409 M:  12820.1  15213.1
B 34.409 .. 34.423 T 34.423 TT 34.423 M:  10974.6  12232.3
B 34.423 .. 34.472 T 34.472 TT 34.472 M:  14389.2  16190.1
B 34.472 .. 34.475 T 34.475 TT 34.475 M:  12023.2  10798.9
B 34.475 .. 34.487 T 34.487 TT 34.487 M:  12202.7  12736.2
B 34.487 .. 34.536 T 34.536 TT 34.536 M:  13738.8  13958.5
B 34.536 .. 34.609 T 34.609 TT 34.609 M:  12913.9  14793.6
B 34.609 .. 34.659 T 34.659 TT 34.659 M:  12219.3  13199.7
B 34.659 .. 34.674 T 34.674 TT 34.674 M:  12750.0  14335.8
B 34.674 .. 34.682 T 34.682 TT 34.682 M:  11296.5  10444.1
B 34.682 .. 34.722 T 34.722 TT 34.722 M:  12673.3  10966.8
B 34.722 .. 34.743 T 34.743 TT 34.743 M:  14679.7  16566.9
B 34.743 .. 34.775 T 34.775 TT 34.775 M:  13195.8  13151.7
B 34.775 .. 34.914 T 34.914 TT 34.914 M:  17101.7  15138.6
B 34.914 .. 34.991 T 34.991 TT 34.991 M:  14754.0  16137.9
B 34.991 .. 35.016 T 35.016 TT 35.016 M:  12808.3  14108.3
B 35.016 .. 35.031 T 35.031 TT 35.031 M:  11559.4  12741.9
B 35.031 .. 35.046 T 35.046 TT 35.046 M:  10475.5  13692.4
B 35.046 .. 35.067 T 35.067 TT 35.067 M:  11861.4  12945.1
B 35.067 .. 35.186 T 35.186 TT 35.186 M:  14412.5  14897.9
B 35.186 .. 35.235 T 35.235 TT 35.235 M:  13336.0  13916.7
B 35.235 .. 35.274 T 35.274 TT 35.274 M:  13864.2  15408.6
B 35.274 .. 35.389 T 35.389 TT 35.389 M:  14773.4  14839.5
B 35.389 .. 35.416 T 35.416 TT 35.416 M:  14721.8  13768.5
B 35.416 .. 35.513 T 35.513 TT 35.513 M:  13661.4  16979.8
B 35.513 .. 35.585 T 35.585 TT 35.585 M:  13573.3  13887.1
B 35.585 .. 35.635 T 35.635 TT 35.635 M:  13555.9  12730.9
B 35.635 .. 35.666 T 35.666 TT 35.666 M:  14572.5  11698.2
B 35.666 .. 35.683 T 35.683 TT 35.683 M:  13829.4  13828.6
B 35.683 .. 35.686 T 35.686 TT 35.686 M:  12748.5  10271.3
B 35.686 .. 35.698 T 35.698 TT 35.698 M:  12947.9  11947.9
B 35.698 .. 35.730 T 35.730 TT 35.730 M:  14011.8  12492.2
B 35.730 .. 35.791 T 35.791 TT 35.791 M:  13538.5  12795.0
B 35.791 .. 35.807 T 35.807 TT 35.807 M:  11965.0   9917.1
B 35.807 .. 35.873 T 35.873 TT 35.873 M:  13465.6  12402.5
B 35.873 .. 35.912 T 35.912 TT 35.912 M:  12444.1  12264.8
B 35.912 .. 35.951 T 35.951 TT 35.951 M:  10988.0  15581.3
B 35.951 .. 35.989 T 35.989 TT 35.989 M:  12806.2  16751.0
B 35.989 .. 36.054 T 36.054 TT 36.054 M:  14100.6  13631.1
B 36.054 .. 36.088 T 36.088 TT 36.088 M:  12912.9  13607.7
B 36.088 .. 36.092 T 36.092 TT 36.092 M:  11268.8  10866.2
B 36.092 .. 36.122 T 36.122 TT 36.122 M:  10867.2  12082.4
B 36.122 .. 36.138 T 36.138 TT 36.138 M:   9884.0  11876.6
B 36.138 .. 36.354 T 36.354 TT 36.354 M:  13500.8  17261.4
B 36.354 .. 36.356 T 36.356 TT 36.356 M:  11162.5   8532.2
B 36.356 .. 36.385 T 36.385 TT 36.385 M:  15300.9  11964.9
B 36.385 .. 36.490 T 36.490 TT 36.490 M:  13346.7  13425.4
B 36.490 .. 36.620 T 36.620 TT 36.620 M:  14001.6  14310.7
B 36.620 .. 36.622 T 36.622 TT 36.622 M:   8075.6   7819.8
B 36.622 .. 36.725 T 36.725 TT 36.725 M:  13185.2  16524.7
B 36.725 .. 36.776 T 36.776 TT 36.776 M:  15623.9  14146.8
B 36.776 .. 36.818 T 36.818 TT 36.818 M:  14758.2  12109.1
B 36.818 .. 36.836 T 36.836 TT 36.836 M:  10583.5  11462.4
B 36.836 .. 36.864 T 36.864 TT 36.864 M:  12215.4  11540.0
B 36.864 .. 36.884 T 36.884 TT 36.884 M:  10539.8  13572.3
B 36.884 .. 36.919 T 36.919 TT 36.919 M:  12466.4  11731.9
B 36.919 .. 36.994 T 36.994 TT 36.994 M:  15166.3  21970.7
B 36.994 .. 37.103 T 37.103 TT 37.103 M:  12361.2  15123.8
B 37.103 .. 37.206 T 37.206 TT 37.206 M:  12158.9  15135.4
B 37.206 .. 37.232 T 37.232 TT 37.232 M:  14568.3  14968.0
B 37.232 .. 37.461 T 37.461 TT 37.461 M:  14000.6  17675.6
B 37.461 .. 37.553 T 37.553 TT 37.553 M:  11793.3  12664.9
B 37.553 .. 37.723 T 37.723 TT 37.723 M:  15336.7  17918.3
B 37.723 .. 37.797 T 37.797 TT 37.797 M:  10650.6  12491.4
B 37.797 .. 37.805 T 37.805 TT 37.805 M:  10117.0   9980.8
B 37.805 .. 37.848 T 37.848 TT 37.848 M:  11676.5  14657.5
B 37.848 .. 37.877 T 37.877 TT 37.877 M:  11193.1  10460.1
B 37.877 .. 37.901 T 37.901 TT 37.901 M:  12883.0  13683.4
B 37.901 .. 38.114 T 38.114 TT 38.114 M:  12770.7  14807.6
B 38.114 .. 38.118 T 38.118 TT 38.118 M:   9046.8  10298.7
B 38.118 .. 38.152 T 38.152 TT 38.152 M:  11476.7  11238.1
B 38.152 .. 38.168 T 38.168 TT 38.168 M:  10836.6  13062.5
B 38.168 .. 38.219 T 38.219 TT 38.219 M:  11260.1  11843.5
B 38.219 .. 38.221 T 38.221 TT 38.221 M:   6771.5   8559.3
B 38.221 .. 38.268 T 38.268 TT 38.268 M:  10641.7  10976.6
B 38.268 .. 38.276 T 38.276 TT 38.276 M:   9975.7  12825.6
B 38.276 .. 38.379 T 38.379 TT 38.379 M:  13394.6  13450.5
B 38.379 .. 38.476 T 38.476 TT 38.476 M:  12001.7  14068.0
B 38.476 .. 38.510 T 38.510 TT 38.510 M:  12187.3  13100.3
B 38.510 .. 38.548 T 38.548 TT 38.548 M:  10594.3  10590.8
B 38.548 .. 38.551 T 38.551 TT 38.551 M:   8194.5   6774.6
B 38.551 .. 38.654 T 38.654 TT 38.654 M:  11702.9  13784.2
B 38.654 .. 38.673 T 38.673 TT 38.673 M:  10603.0  11828.7
B 38.673 .. 38.714 T 38.714 TT 38.714 M:   9872.1  11856.2
B 38.714 .. 38.804 T 38.804 TT 38.804 M:  12588.1  11738.3
B 38.804 .. 38.839 T 38.839 TT 38.839 M:  10505.5  12250.9
B 38.839 .. 38.904 T 38.904 TT 38.904 M:  11802.1  16144.2
B 38.904 .. 38.969 T 38.969 TT 38.969 M:  11057.3  11541.9
B 38.969 .. 39.008 T 39.008 TT 39.008 M:  11024.2  10630.8
B 39.008 .. 39.103 T 39.103 TT 39.103 M:  11146.6  12830.7
B 39.103 .. 39.305 T 39.305 TT 39.305 M:  11765.4  12354.4
B 39.305 .. 39.411 T 39.411 TT 39.411 M:  13050.6  10955.2
B 39.411 .. 39.422 T 39.422 TT 39.422 M:   9556.5  10339.4
B 39.422 .. 39.509 T 39.509 TT 39.509 M:  12287.3  13791.3
B 39.509 .. 39.561 T 39.561 TT 39.561 M:   9785.4  12591.8
B 39.561 .. 39.642 T 39.642 TT 39.642 M:   9888.3  10218.2
B 39.642 .. 39.644 T 39.644 TT 39.644 M:   6575.8   8319.6
B 39.644 .. 39.698 T 39.698 TT 39.698 M:   9902.4  10141.5
B 39.698 .. 39.699 T 39.699 TT 39.699 M:   9543.7   7704.3
B 39.699 .. 39.768 T 39.768 TT 39.768 M:  13091.2  12872.0
B 39.768 .. 39.939 T 39.939 TT 39.939 M:  11178.0  11291.0
B 39.939 .. 39.951 T 39.951 TT 39.951 M:  11954.1   9948.1
B 39.951 .. 39.982 T 39.982 TT 39.982 M:  10552.4   8668.8
B 39.982 .. 40.037 T 40.037 TT 40.037 M:  10708.1  13020.3
B 40.037 .. 40.047 T 40.047 TT 40.047 M:   8834.9  12625.0
B 40.047 .. 40.156 T 40.156 TT 40.156 M:  11046.6  11547.8
B 40.156 .. 40.268 T 40.268 TT 40.268 M:  11271.4  10701.6
B 40.268 .. 40.275 T 40.275 TT 40.275 M:  10382.3   8778.0
B 40.275 .. 40.369 T 40.369 TT 40.369 M:  11578.8  10639.5
B 40.369 .. 40.517 T 40.517 TT 40.517 M:  10073.6  11366.9
B 40.517 .. 40.604 T 40.604 TT 40.604 M:   8917.9  10809.0
B 40.604 .. 40.623 T 40.623 TT 40.623 M:   7925.5   9469.8
B 40.623 .. 40.871 T 40.871 TT 40.871 M:  10829.3  12960.9
B 40.871 .. 40.948 T 40.948 TT 40.948 M:   9034.4  11652.2
B 40.948 .. 40.976 T 40.976 TT 40.976 M:   8961.4  10087.6
B 40.976 .. 40.992 T 40.992 TT 40.992 M:   8767.8   9888.5
B 40.992 .. 41.310 T 41.310 TT 41.310 M:  10594.7  10885.4
B 41.310 .. 41.518 T 41.518 TT 41.518 M:  11090.7  11491.7
B 41.518 .. 41.605 T 41.605 TT 41.605 M:   9965.9  10921.7
B 41.605 .. 41.618 T 41.618 TT 41.618 M:   8387.0  10754.8
B 41.618 .. 41.637 T 41.637 TT 41.637 M:   8211.3   8893.4
B 41.637 .. 41.642 T 41.642 TT 41.642 M:   6573.2   8570.8
B 41.642 .. 41.962 T 41.962 TT 41.962 M:  11948.9  12382.3
B 41.962 .. 42.130 T 42.130 TT 42.130 M:  11593.6  10929.1
B 42.130 .. 42.216 T 42.216 TT 42.216 M:   9979.8   8644.7
B 42.216 .. 42.223 T 42.223 TT 42.223 M:   7544.3   5418.4
B 42.223 .. 42.398 T 42.398 TT 42.398 M:   9714.6  10231.7
B 42.398 .. 42.410 T 42.410 TT 42.410 M:   9532.8   8223.3
B 42.410 .. 42.441 T 42.441 TT 42.441 M:   9906.5  10980.4
B 42.441 .. 42.569 T 42.569 TT 42.569 M:   9906.2  12105.4
B 42.569 .. 42.582 T 42.582 TT 42.582 M:   7309.4   8641.2
B 42.582 .. 42.611 T 42.611 TT 42.611 M:   9209.1  10767.1
B 42.611 .. 42.682 T 42.682 TT 42.682 M:   8261.4   9581.3
B 42.682 .. 42.758 T 42.758 TT 42.758 M:   9209.8  11204.5
B 42.758 .. 42.805 T 42.805 TT 42.805 M:   8855.2  10251.5
B 42.805 .. 42.963 T 42.963 TT 42.963 M:  11795.4  11724.7
B 42.963 .. 42.988 T 42.988 TT 42.988 M:   9561.7   7474.7
B 42.988 .. 43.072 T 43.072 TT 43.072 M:   9432.8   9885.2
B 43.072 .. 43.087 T 43.087 TT 43.087 M:   7199.6   9314.4
B 43.087 .. 43.121 T 43.121 TT 43.121 M:   7676.5   7211.8
B 43.121 .. 43.206 T 43.206 TT 43.206 M:   9313.7   9679.3
B 43.206 .. 43.285 T 43.285 TT 43.285 M:   8793.1   8714.6
B 43.285 .. 43.332 T 43.332 TT 43.332 M:   8262.0   8803.1
B 43.332 .. 43.547 T 43.547 TT 43.547 M:  10081.8  10504.5
B 43.547 .. 43.564 T 43.564 TT 43.564 M:   7492.6   7203.4
B 43.564 .. 43.596 T 43.596 TT 43.596 M:   8141.5   7809.1
B 43.596 .. 43.695 T 43.695 TT 43.695 M:   9407.6   9341.1
B 43.695 .. 43.807 T 43.807 TT 43.807 M:   9109.7  10830.7
B 43.807 .. 43.887 T 43.887 TT 43.887 M:  11093.7   9587.3
B 43.887 .. 43.949 T 43.949 TT 43.949 M:   8323.8   8011.2
B 43.949 .. 43.977 T 43.977 TT 43.977 M:   7162.8   7193.5
B 43.977 .. 44.059 T 44.059 TT 44.059 M:   8349.4   9052.7
B 44.059 .. 44.144 T 44.144 TT 44.144 M:   9668.0  10312.8
B 44.144 .. 44.162 T 44.162 TT 44.162 M:   8044.7   8665.4
B 44.162 .. 44.296 T 44.296 TT 44.296 M:   9315.6   9131.5
B 44.296 .. 44.302 T 44.302 TT 44.302 M:   6437.4   8095.6
B 44.302 .. 44.330 T 44.330 TT 44.330 M:   7707.4   6291.3
B 44.330 .. 44.419 T 44.419 TT 44.419 M:   7772.4   7483.0
B 44.419 .. 44.487 T 44.487 TT 44.487 M:   8859.8   8606.2
B 44.487 .. 44.678 T 44.678 TT 44.678 M:   9563.2   8917.5
B 44.678 .. 44.776 T 44.776 TT 44.776 M:   9116.1   8590.6
B 44.776 .. 45.137 T 45.137 TT 45.137 M:   9460.1   9087.8
B 45.137 .. 45.270 T 45.270 TT 45.270 M:   7628.8   7086.8
B 45.270 .. 45.293 T 45.293 TT 45.293 M:   7672.1   7321.3
B 45.293 .. 45.421 T 45.421 TT 45.421 M:   7503.0   8423.2
B 45.421 .. 45.448 T 45.448 TT 45.448 M:   6429.9   7131.4
B 45.448 .. 45.461 T 45.461 TT 45.461 M:   6261.4   5570.8
B 45.461 .. 45.496 T 45.496 TT 45.496 M:   6909.6   7695.5
B 45.496 .. 45.623 T 45.623 TT 45.623 M:   7782.1   7316.4
B 45.623 .. 45.884 T 45.884 TT 45.884 M:   8384.1   7499.8
B 45.884 .. 46.193 T 46.193 TT 46.193 M:   8234.4   7997.0
B 46.193 .. 46.294 T 46.294 TT 46.294 M:   7865.2   9257.8
B 46.294 .. 46.325 T 46.325 TT 46.325 M:   5932.4   6526.7
B 46.325 .. 46.425 T 46.425 TT 46.425 M:   7597.1   7295.4
B 46.425 .. 46.483 T 46.483 TT 46.483 M:  11296.5   9955.0
B 46.483 .. 46.567 T 46.567 TT 46.567 M:   6468.5   7683.0
B 46.567 .. 46.775 T 46.775 TT 46.775 M:   6694.8   7779.2
B 46.775 .. 46.803 T 46.803 TT 46.803 M:   6415.5   5143.0
B 46.803 .. 46.817 T 46.817 TT 46.817 M:   5723.4   5533.8
B 46.817 .. 46.849 T 46.849 TT 46.849 M:   5611.9   5534.3
B 46.849 .. 47.008 T 47.008 TT 47.008 M:   7305.7   7262.1
B 47.008 .. 47.215 T 47.215 TT 47.215 M:   7149.6   6847.2
B 47.215 .. 47.229 T 47.229 TT 47.229 M:   6377.6   4508.6
B 47.229 .. 47.365 T 47.365 TT 47.365 M:   6760.1   7969.1
B 47.365 .. 47.577 T 47.577 TT 47.577 M:   7770.4   8564.9
B 47.577 .. 47.585 T 47.585 TT 47.585 M:   5945.4   6592.1
B 47.585 .. 47.823 T 47.823 TT 47.823 M:   7353.8   8966.4
B 47.823 .. 47.886 T 47.886 TT 47.886 M:   6716.5   7671.3
B 47.886 .. 47.919 T 47.919 TT 47.919 M:   6118.7   6497.1
B 47.919 .. 47.936 T 47.936 TT 47.936 M:   5984.5   5467.2
B 47.936 .. 48.288 T 48.288 TT 48.288 M:   7036.7   7340.3
B 48.288 .. 48.435 T 48.435 TT 48.435 M:   5988.1   7493.8
B 48.435 .. 48.651 T 48.651 TT 48.651 M:   6002.9   7366.3
B 48.651 .. 48.709 T 48.709 TT 48.709 M:   5641.4   7443.7
B 48.709 .. 48.723 T 48.723 TT 48.723 M:   3748.0   6206.4
B 48.723 .. 48.741 T 48.741 TT 48.741 M:   4505.3   5444.4
B 48.741 .. 48.803 T 48.803 TT 48.803 M:   4581.3   6733.4
B 48.803 .. 48.803 T 48.803 TT 48.803 M:   2632.8   4475.6
B 48.803 .. 48.823 T 48.823 TT 48.823 M:   3799.3   4832.2
B 48.823 .. 49.247 T 49.247 TT 49.247 M:   5641.7   7256.3
B 49.247 .. 49.789 T 49.789 TT 49.789 M:   5379.6   6706.1
B 49.789 .. 49.790 T 49.790 TT 49.790 M:   3849.6   3003.7
B 49.790 .. 49.909 T 49.909 TT 49.909 M:   6171.6   7336.2
B 49.909 .. 50.720 T 50.720 TT 50.720 M:   4891.9   6840.1
B 50.720 .. 50.734 T 50.734 TT 50.734 M:   3540.1   4212.6
B 50.734 .. 50.766 T 50.766 TT 50.766 M:   3527.9   4378.2
B 50.766 .. 50.876 T 50.876 TT 50.876 M:   3430.4   5897.6
B 50.876 .. 51.075 T 51.075 TT 51.075 M:   4739.1   5442.3
B 51.075 .. 51.219 T 51.219 TT 51.219 M:   4113.3   6621.6
B 51.219 .. 51.270 T 51.270 TT 51.270 M:   4252.4   5700.5
B 51.270 .. 51.530 T 51.530 TT 51.530 M:   5015.7   4935.0
B 51.530 .. 52.019 T 52.019 TT 52.019 M:   4328.0   5329.4
B 52.019 .. 52.040 T 52.040 TT 52.040 M:   3064.8   3800.8
B 52.040 .. 52.068 T 52.068 TT 52.068 M:   3098.6   4144.8
B 52.068 .. 52.717 T 52.717 TT 52.717 M:   4293.7   4756.7
B 52.717 .. 52.726 T 52.726 TT 52.726 M:   2507.1   3634.6
B 52.726 .. 53.332 T 53.332 TT 53.332 M:   3952.3   4667.1
B 53.332 .. 53.761 T 53.761 TT 53.761 M:   3739.6   5117.3
B 53.761 .. 54.107 T 54.107 TT 54.107 M:   3002.5   2983.9
B 54.107 .. 54.110 T 54.110 TT 54.110 M:   2562.1   1613.1
B 54.110 .. 54.239 T 54.239 TT 54.239 M:   2963.5   2307.0
B 54.239 .. 54.242 T 54.242 TT 54.242 M:   1150.3   1321.0
B 54.242 .. 54.266 T 54.266 TT 54.266 M:   1676.1   1420.8
B 54.266 .. 54.762 T 54.762 TT 54.762 M:   2889.9   1850.0
B 54.762 .. 54.935 T 54.935 TT 54.935 M:   1979.3   1542.9
B 54.935 .. 54.994 T 54.994 TT 54.994 M:   1892.0   1678.2
B 54.994 .. 55.742 T 55.742 TT 55.742 M:   2644.0   2116.5
B 55.742 .. 56.593 T 56.593 TT 56.593 M:   1760.0   2228.0
B 56.593 .. 57.567 T 57.567 TT 57.567 M:   1083.7   1407.6
B 57.567 .. 60.000 T 60.000 TT 60.000 M:    880.1    607.4
end of score.		   overall amps:  23097.4  22734.6
	   overall samples out of range:        0        0
0 errors in performance
peak CH 1: 23097.376953  (written: 0.704876) at 1322001
peak CH 2: 22734.632812  (written: 0.693806) at 933633
2584 4096-byte soundblks of shorts written to durations2.wav (WAV)
