orch compiler:
21 lines read
	instr	1	
orch now loaded
audio buffered in 1024 sample-frame blocks
SFDIR undefined.  using current directory
writing 4096-byte blks of shorts to durations1.wav
 (WAV)
SECTION 1:
ftable 1:
new alloc for instr 1:
B  0.000 ..  0.048 T  0.048 TT  0.048 M:     12.1     21.7
new alloc for instr 1:
B  0.048 ..  0.072 T  0.072 TT  0.072 M:     18.0     32.6
new alloc for instr 1:
B  0.072 ..  0.102 T  0.102 TT  0.102 M:     45.6    159.5
new alloc for instr 1:
B  0.102 ..  0.130 T  0.130 TT  0.130 M:    175.7    402.7
new alloc for instr 1:
B  0.130 ..  0.136 T  0.136 TT  0.136 M:    179.0    421.1
new alloc for instr 1:
B  0.136 ..  0.212 T  0.212 TT  0.212 M:    342.1    743.5
new alloc for instr 1:
B  0.212 ..  0.248 T  0.248 TT  0.248 M:    337.9    711.1
new alloc for instr 1:
B  0.248 ..  0.307 T  0.307 TT  0.307 M:    334.3    534.9
new alloc for instr 1:
B  0.307 ..  0.399 T  0.399 TT  0.399 M:    714.6   1191.6
new alloc for instr 1:
B  0.399 ..  0.417 T  0.417 TT  0.417 M:    535.4    970.3
new alloc for instr 1:
B  0.417 ..  0.511 T  0.511 TT  0.511 M:   1124.4   1781.7
new alloc for instr 1:
B  0.511 ..  0.524 T  0.524 TT  0.524 M:    645.2   1428.1
new alloc for instr 1:
B  0.524 ..  0.597 T  0.597 TT  0.597 M:   1385.8   1551.1
new alloc for instr 1:
B  0.597 ..  0.654 T  0.654 TT  0.654 M:   2170.0   1361.2
new alloc for instr 1:
B  0.654 ..  0.746 T  0.746 TT  0.746 M:   2209.5   1576.8
new alloc for instr 1:
B  0.746 ..  0.815 T  0.815 TT  0.815 M:   2067.1   2696.3
new alloc for instr 1:
B  0.815 ..  0.899 T  0.899 TT  0.899 M:   2902.5   3422.9
new alloc for instr 1:
B  0.899 ..  0.987 T  0.987 TT  0.987 M:   2507.1   2974.0
new alloc for instr 1:
B  0.987 ..  1.051 T  1.051 TT  1.051 M:   2918.0   3146.0
new alloc for instr 1:
B  1.051 ..  1.096 T  1.096 TT  1.096 M:   1797.0   2503.6
new alloc for instr 1:
B  1.096 ..  1.144 T  1.144 TT  1.144 M:   2631.5   3137.4
new alloc for instr 1:
B  1.144 ..  1.163 T  1.163 TT  1.163 M:   2262.2   1882.3
new alloc for instr 1:
B  1.163 ..  1.171 T  1.171 TT  1.171 M:   1993.9   3057.8
new alloc for instr 1:
B  1.171 ..  1.249 T  1.249 TT  1.249 M:   3700.8   2535.8
new alloc for instr 1:
B  1.249 ..  1.341 T  1.341 TT  1.341 M:   3700.4   3068.2
new alloc for instr 1:
B  1.341 ..  1.371 T  1.371 TT  1.371 M:   3593.8   3025.6
new alloc for instr 1:
B  1.371 ..  1.455 T  1.455 TT  1.455 M:   4281.3   5030.8
new alloc for instr 1:
B  1.455 ..  1.473 T  1.473 TT  1.473 M:   3632.5   3823.5
new alloc for instr 1:
B  1.473 ..  1.507 T  1.507 TT  1.507 M:   3580.1   5001.6
new alloc for instr 1:
B  1.507 ..  1.516 T  1.516 TT  1.516 M:   2733.1   3837.0
new alloc for instr 1:
B  1.516 ..  1.568 T  1.568 TT  1.568 M:   5960.2   4439.4
new alloc for instr 1:
B  1.568 ..  1.601 T  1.601 TT  1.601 M:   4039.6   2151.2
new alloc for instr 1:
B  1.601 ..  1.646 T  1.646 TT  1.646 M:   3630.0   3172.9
new alloc for instr 1:
B  1.646 ..  1.660 T  1.660 TT  1.660 M:   3077.9   2085.7
new alloc for instr 1:
B  1.660 ..  1.696 T  1.696 TT  1.696 M:   4335.1   3374.0
new alloc for instr 1:
B  1.696 ..  1.703 T  1.703 TT  1.703 M:   2691.4   2186.9
new alloc for instr 1:
B  1.703 ..  1.717 T  1.717 TT  1.717 M:   3630.5   3227.5
B  1.717 ..  1.784 T  1.784 TT  1.784 M:   5236.1   3544.6
B  1.784 ..  1.795 T  1.795 TT  1.795 M:   4292.2   2563.1
new alloc for instr 1:
B  1.795 ..  1.811 T  1.811 TT  1.811 M:   4165.5   2977.0
new alloc for instr 1:
B  1.811 ..  1.879 T  1.879 TT  1.879 M:   5570.1   4828.0
new alloc for instr 1:
B  1.879 ..  1.919 T  1.919 TT  1.919 M:   4219.4   4291.8
new alloc for instr 1:
B  1.919 ..  1.976 T  1.976 TT  1.976 M:   5815.5   6135.0
new alloc for instr 1:
B  1.976 ..  2.042 T  2.042 TT  2.042 M:   4893.1   4520.3
new alloc for instr 1:
B  2.042 ..  2.128 T  2.128 TT  2.128 M:   5942.3   4696.0
new alloc for instr 1:
B  2.128 ..  2.210 T  2.210 TT  2.210 M:   7234.2   4703.2
new alloc for instr 1:
B  2.210 ..  2.289 T  2.289 TT  2.289 M:   6129.5   6881.9
new alloc for instr 1:
B  2.289 ..  2.349 T  2.349 TT  2.349 M:   4776.3   4352.3
new alloc for instr 1:
B  2.349 ..  2.398 T  2.398 TT  2.398 M:   6952.4   5300.8
new alloc for instr 1:
B  2.398 ..  2.400 T  2.400 TT  2.400 M:   2356.5   3040.7
new alloc for instr 1:
B  2.400 ..  2.463 T  2.463 TT  2.463 M:   7092.2   5385.0
new alloc for instr 1:
B  2.463 ..  2.511 T  2.511 TT  2.511 M:   6277.4   5152.1
new alloc for instr 1:
B  2.511 ..  2.587 T  2.587 TT  2.587 M:   8489.2   7940.9
new alloc for instr 1:
B  2.587 ..  2.678 T  2.678 TT  2.678 M:   6231.2   5554.6
new alloc for instr 1:
B  2.678 ..  2.684 T  2.684 TT  2.684 M:   5371.9   4459.0
new alloc for instr 1:
B  2.684 ..  2.702 T  2.702 TT  2.702 M:   5627.4   4357.6
new alloc for instr 1:
B  2.702 ..  2.749 T  2.749 TT  2.749 M:   7725.9   5987.6
new alloc for instr 1:
B  2.749 ..  2.812 T  2.812 TT  2.812 M:   8013.4   5557.3
new alloc for instr 1:
B  2.812 ..  2.873 T  2.873 TT  2.873 M:   8020.4   5870.5
new alloc for instr 1:
B  2.873 ..  2.955 T  2.955 TT  2.955 M:   7979.1   5297.7
new alloc for instr 1:
B  2.955 ..  3.009 T  3.009 TT  3.009 M:   5867.6   4815.8
B  3.009 ..  3.019 T  3.019 TT  3.019 M:   5197.9   4533.3
B  3.019 ..  3.038 T  3.038 TT  3.038 M:   6100.3   5453.4
new alloc for instr 1:
B  3.038 ..  3.055 T  3.055 TT  3.055 M:   4758.4   4615.3
new alloc for instr 1:
B  3.055 ..  3.109 T  3.109 TT  3.109 M:   6039.5   6764.1
new alloc for instr 1:
B  3.109 ..  3.136 T  3.136 TT  3.136 M:   5999.8   4837.1
new alloc for instr 1:
B  3.136 ..  3.203 T  3.203 TT  3.203 M:   7379.8   6095.5
new alloc for instr 1:
B  3.203 ..  3.276 T  3.276 TT  3.276 M:   6726.5   6532.6
new alloc for instr 1:
B  3.276 ..  3.323 T  3.323 TT  3.323 M:   7147.5   6037.2
new alloc for instr 1:
B  3.323 ..  3.419 T  3.419 TT  3.419 M:   7842.4   6814.5
new alloc for instr 1:
B  3.419 ..  3.429 T  3.429 TT  3.429 M:   6228.7   5926.8
new alloc for instr 1:
B  3.429 ..  3.505 T  3.505 TT  3.505 M:   9854.4   8100.6
new alloc for instr 1:
B  3.505 ..  3.518 T  3.518 TT  3.518 M:   6597.7   5326.0
new alloc for instr 1:
B  3.518 ..  3.549 T  3.549 TT  3.549 M:   7328.4   6719.9
new alloc for instr 1:
B  3.549 ..  3.593 T  3.593 TT  3.593 M:   7562.5   6878.9
new alloc for instr 1:
B  3.593 ..  3.599 T  3.599 TT  3.599 M:   5878.7   5325.2
new alloc for instr 1:
B  3.599 ..  3.640 T  3.640 TT  3.640 M:   7496.8   7135.2
new alloc for instr 1:
B  3.640 ..  3.733 T  3.733 TT  3.733 M:  10200.0   9121.9
new alloc for instr 1:
B  3.733 ..  3.809 T  3.809 TT  3.809 M:   7344.9   5691.3
new alloc for instr 1:
B  3.809 ..  3.819 T  3.819 TT  3.819 M:   6606.2   5305.5
new alloc for instr 1:
B  3.819 ..  3.913 T  3.913 TT  3.913 M:   7228.5   6729.8
new alloc for instr 1:
B  3.913 ..  3.990 T  3.990 TT  3.990 M:   7661.2   5997.0
new alloc for instr 1:
B  3.990 ..  4.028 T  4.028 TT  4.028 M:   6822.5   6056.1
new alloc for instr 1:
B  4.028 ..  4.067 T  4.067 TT  4.067 M:   7159.4   6595.3
new alloc for instr 1:
B  4.067 ..  4.090 T  4.090 TT  4.090 M:   7540.3   7650.1
new alloc for instr 1:
B  4.090 ..  4.119 T  4.119 TT  4.119 M:   6792.9   6227.5
new alloc for instr 1:
B  4.119 ..  4.153 T  4.153 TT  4.153 M:   8010.2   7972.6
B  4.153 ..  4.197 T  4.197 TT  4.197 M:   7592.6   7460.1
B  4.197 ..  4.220 T  4.220 TT  4.220 M:   8225.2   7180.0
B  4.220 ..  4.237 T  4.237 TT  4.237 M:   6853.8   5183.3
B  4.237 ..  4.283 T  4.283 TT  4.283 M:   7726.2   8348.6
new alloc for instr 1:
B  4.283 ..  4.335 T  4.335 TT  4.335 M:   9270.1   7666.0
new alloc for instr 1:
B  4.335 ..  4.379 T  4.379 TT  4.379 M:  10761.6   7251.0
new alloc for instr 1:
B  4.379 ..  4.410 T  4.410 TT  4.410 M:   7995.4   7543.8
new alloc for instr 1:
B  4.410 ..  4.472 T  4.472 TT  4.472 M:   8139.5   7180.9
new alloc for instr 1:
B  4.472 ..  4.479 T  4.479 TT  4.479 M:   6427.3   5303.0
new alloc for instr 1:
B  4.479 ..  4.488 T  4.488 TT  4.488 M:   7632.0   6875.5
new alloc for instr 1:
B  4.488 ..  4.560 T  4.560 TT  4.560 M:   8576.0   7607.5
new alloc for instr 1:
B  4.560 ..  4.592 T  4.592 TT  4.592 M:   6138.6   5510.3
B  4.592 ..  4.660 T  4.660 TT  4.660 M:   7348.6   6880.4
B  4.660 ..  4.705 T  4.705 TT  4.705 M:  10181.3   8994.8
B  4.705 ..  4.730 T  4.730 TT  4.730 M:   7457.9   7779.1
B  4.730 ..  4.745 T  4.745 TT  4.745 M:   7196.1   7271.1
new alloc for instr 1:
B  4.745 ..  4.750 T  4.750 TT  4.750 M:   8076.7   6841.7
B  4.750 ..  4.841 T  4.841 TT  4.841 M:   7972.4   8592.8
B  4.841 ..  4.891 T  4.891 TT  4.891 M:   7904.7   8300.4
new alloc for instr 1:
B  4.891 ..  4.970 T  4.970 TT  4.970 M:   8391.7   9043.0
new alloc for instr 1:
B  4.970 ..  5.048 T  5.048 TT  5.048 M:  11106.4   9020.6
new alloc for instr 1:
B  5.048 ..  5.052 T  5.052 TT  5.052 M:   5956.1   5324.5
B  5.052 ..  5.132 T  5.132 TT  5.132 M:  11135.2  10377.7
B  5.132 ..  5.177 T  5.177 TT  5.177 M:   9623.0   9197.0
new alloc for instr 1:
B  5.177 ..  5.216 T  5.216 TT  5.216 M:  12280.2  11159.7
new alloc for instr 1:
B  5.216 ..  5.295 T  5.295 TT  5.295 M:   7561.7   7078.9
new alloc for instr 1:
B  5.295 ..  5.342 T  5.342 TT  5.342 M:   8453.2   8149.6
new alloc for instr 1:
B  5.342 ..  5.345 T  5.345 TT  5.345 M:   4453.4   6117.5
new alloc for instr 1:
B  5.345 ..  5.410 T  5.410 TT  5.410 M:   9877.3   8042.0
new alloc for instr 1:
B  5.410 ..  5.503 T  5.503 TT  5.503 M:   9761.0   9492.1
new alloc for instr 1:
B  5.503 ..  5.507 T  5.507 TT  5.507 M:   6696.7   6797.7
new alloc for instr 1:
B  5.507 ..  5.569 T  5.569 TT  5.569 M:   7699.1   7565.0
B  5.569 ..  5.573 T  5.573 TT  5.573 M:   6464.8   4132.0
B  5.573 ..  5.599 T  5.599 TT  5.599 M:   8593.8   7338.9
new alloc for instr 1:
B  5.599 ..  5.673 T  5.673 TT  5.673 M:   8566.9   8139.7
new alloc for instr 1:
B  5.673 ..  5.681 T  5.681 TT  5.681 M:  11056.2   8125.6
B  5.681 ..  5.724 T  5.724 TT  5.724 M:   7002.6   7212.9
B  5.724 ..  5.791 T  5.791 TT  5.791 M:   8943.0   9127.7
new alloc for instr 1:
B  5.791 ..  5.815 T  5.815 TT  5.815 M:   8711.2   7909.9
B  5.815 ..  5.847 T  5.847 TT  5.847 M:  10158.2   8316.6
B  5.847 ..  5.910 T  5.910 TT  5.910 M:   9635.1   8813.1
new alloc for instr 1:
B  5.910 ..  5.919 T  5.919 TT  5.919 M:   7957.4   7226.5
B  5.919 ..  5.964 T  5.964 TT  5.964 M:  10686.0   9766.8
B  5.964 ..  5.967 T  5.967 TT  5.967 M:   5933.3   6263.5
B  5.967 ..  6.063 T  6.063 TT  6.063 M:  12395.7  10215.6
B  6.063 ..  6.143 T  6.143 TT  6.143 M:  10304.1   9242.6
new alloc for instr 1:
B  6.143 ..  6.185 T  6.185 TT  6.185 M:   7683.1   8866.6
new alloc for instr 1:
B  6.185 ..  6.227 T  6.227 TT  6.227 M:  10851.4   9958.0
new alloc for instr 1:
B  6.227 ..  6.308 T  6.308 TT  6.308 M:   8959.5  10895.4
new alloc for instr 1:
B  6.308 ..  6.329 T  6.329 TT  6.329 M:   7139.5   7260.9
new alloc for instr 1:
B  6.329 ..  6.381 T  6.381 TT  6.381 M:   9204.2  10299.6
new alloc for instr 1:
B  6.381 ..  6.429 T  6.429 TT  6.429 M:  10511.3  12066.6
new alloc for instr 1:
B  6.429 ..  6.462 T  6.462 TT  6.462 M:  10908.5   9277.8
new alloc for instr 1:
B  6.462 ..  6.495 T  6.495 TT  6.495 M:   9889.3  11187.5
new alloc for instr 1:
B  6.495 ..  6.517 T  6.517 TT  6.517 M:   8234.2   8820.8
new alloc for instr 1:
B  6.517 ..  6.593 T  6.593 TT  6.593 M:  11341.8  10500.1
B  6.593 ..  6.596 T  6.596 TT  6.596 M:   6828.9   7568.1
B  6.596 ..  6.634 T  6.634 TT  6.634 M:   8975.5   8942.7
new alloc for instr 1:
B  6.634 ..  6.728 T  6.728 TT  6.728 M:  10071.2  10890.3
new alloc for instr 1:
B  6.728 ..  6.758 T  6.758 TT  6.758 M:   9668.3   9592.2
new alloc for instr 1:
B  6.758 ..  6.775 T  6.775 TT  6.775 M:   6776.0   8151.0
new alloc for instr 1:
B  6.775 ..  6.816 T  6.816 TT  6.816 M:   9895.8   8734.1
new alloc for instr 1:
B  6.816 ..  6.824 T  6.824 TT  6.824 M:   7161.7   7174.5
new alloc for instr 1:
B  6.824 ..  6.875 T  6.875 TT  6.875 M:   9483.3   9762.3
B  6.875 ..  6.878 T  6.878 TT  6.878 M:   7177.6   7958.4
B  6.878 ..  6.897 T  6.897 TT  6.897 M:  11296.2   8330.1
new alloc for instr 1:
B  6.897 ..  6.912 T  6.912 TT  6.912 M:  10893.9   9168.8
new alloc for instr 1:
B  6.912 ..  7.007 T  7.007 TT  7.007 M:  12830.3  11749.0
new alloc for instr 1:
B  7.007 ..  7.101 T  7.101 TT  7.101 M:  12220.2  15859.6
new alloc for instr 1:
B  7.101 ..  7.186 T  7.186 TT  7.186 M:  10946.2  11189.3
new alloc for instr 1:
B  7.186 ..  7.277 T  7.277 TT  7.277 M:  10124.7   8603.5
new alloc for instr 1:
B  7.277 ..  7.309 T  7.309 TT  7.309 M:   9172.7   8359.2
B  7.309 ..  7.366 T  7.366 TT  7.366 M:   9658.7  10535.0
B  7.366 ..  7.455 T  7.455 TT  7.455 M:  13132.4  13689.8
new alloc for instr 1:
B  7.455 ..  7.546 T  7.546 TT  7.546 M:  10856.7  10212.2
new alloc for instr 1:
B  7.546 ..  7.606 T  7.606 TT  7.606 M:  10087.2  10657.2
new alloc for instr 1:
B  7.606 ..  7.608 T  7.608 TT  7.608 M:   8799.0   8939.6
B  7.608 ..  7.706 T  7.706 TT  7.706 M:  11875.1  10498.1
B  7.706 ..  7.779 T  7.779 TT  7.779 M:  10441.4  12248.0
new alloc for instr 1:
B  7.779 ..  7.858 T  7.858 TT  7.858 M:  10695.0  11770.5
new alloc for instr 1:
B  7.858 ..  7.887 T  7.887 TT  7.887 M:   8931.4  10096.4
B  7.887 ..  7.938 T  7.938 TT  7.938 M:   7977.2   9075.9
B  7.938 ..  8.006 T  8.006 TT  8.006 M:  12488.5   9911.1
new alloc for instr 1:
B  8.006 ..  8.048 T  8.048 TT  8.048 M:   8800.8   8831.8
new alloc for instr 1:
B  8.048 ..  8.062 T  8.062 TT  8.062 M:   8674.7   8466.6
new alloc for instr 1:
B  8.062 ..  8.115 T  8.115 TT  8.115 M:  10578.4  10262.6
B  8.115 ..  8.148 T  8.148 TT  8.148 M:  10745.0  11093.1
B  8.148 ..  8.217 T  8.217 TT  8.217 M:  11532.5  14005.6
new alloc for instr 1:
B  8.217 ..  8.254 T  8.254 TT  8.254 M:  14986.0  12625.6
B  8.254 ..  8.295 T  8.295 TT  8.295 M:   8825.3  11004.0
B  8.295 ..  8.315 T  8.315 TT  8.315 M:  10524.4   8988.9
new alloc for instr 1:
B  8.315 ..  8.398 T  8.398 TT  8.398 M:  12393.4  11143.9
new alloc for instr 1:
B  8.398 ..  8.405 T  8.405 TT  8.405 M:   9116.0   9097.4
new alloc for instr 1:
B  8.405 ..  8.421 T  8.421 TT  8.421 M:  10566.2  10763.4
new alloc for instr 1:
B  8.421 ..  8.473 T  8.473 TT  8.473 M:  13779.0  12789.4
B  8.473 ..  8.501 T  8.501 TT  8.501 M:   9603.0   8762.0
B  8.501 ..  8.525 T  8.525 TT  8.525 M:   9510.8   9397.1
new alloc for instr 1:
B  8.525 ..  8.537 T  8.537 TT  8.537 M:  10271.6  10064.7
B  8.537 ..  8.595 T  8.595 TT  8.595 M:   9088.1   9967.6
B  8.595 ..  8.606 T  8.606 TT  8.606 M:   8559.8  11027.4
B  8.606 ..  8.667 T  8.667 TT  8.667 M:   9747.2  11773.4
B  8.667 ..  8.671 T  8.671 TT  8.671 M:   6725.7   8007.9
new alloc for instr 1:
B  8.671 ..  8.722 T  8.722 TT  8.722 M:  11735.4  10891.3
new alloc for instr 1:
B  8.722 ..  8.782 T  8.782 TT  8.782 M:  11157.0   9720.1
new alloc for instr 1:
B  8.782 ..  8.846 T  8.846 TT  8.846 M:  11732.6  11584.6
B  8.846 ..  8.857 T  8.857 TT  8.857 M:  11112.0  10904.1
B  8.857 ..  8.910 T  8.910 TT  8.910 M:   9876.3  10941.1
B  8.910 ..  8.923 T  8.923 TT  8.923 M:   9798.7   9118.3
B  8.923 ..  8.953 T  8.953 TT  8.953 M:  11030.1  12641.7
B  8.953 ..  8.978 T  8.978 TT  8.978 M:  10664.2  11367.8
B  8.978 ..  8.983 T  8.983 TT  8.983 M:  11421.2   8455.1
new alloc for instr 1:
B  8.983 ..  9.003 T  9.003 TT  9.003 M:   9735.1   9677.9
new alloc for instr 1:
B  9.003 ..  9.034 T  9.034 TT  9.034 M:  12797.9  10683.7
B  9.034 ..  9.067 T  9.067 TT  9.067 M:   9485.0  10617.6
B  9.067 ..  9.119 T  9.119 TT  9.119 M:  11252.1   9999.2
new alloc for instr 1:
B  9.119 ..  9.184 T  9.184 TT  9.184 M:  12908.0  13315.0
new alloc for instr 1:
B  9.184 ..  9.282 T  9.282 TT  9.282 M:  11937.9  11706.8
new alloc for instr 1:
B  9.282 ..  9.316 T  9.316 TT  9.316 M:  10321.6  11668.9
new alloc for instr 1:
B  9.316 ..  9.348 T  9.348 TT  9.348 M:  10807.6  11115.9
new alloc for instr 1:
B  9.348 ..  9.358 T  9.358 TT  9.358 M:   9156.5   8610.4
new alloc for instr 1:
B  9.358 ..  9.371 T  9.371 TT  9.371 M:  10598.5  10048.0
new alloc for instr 1:
B  9.371 ..  9.401 T  9.401 TT  9.401 M:   9219.4  10445.9
new alloc for instr 1:
B  9.401 ..  9.428 T  9.428 TT  9.428 M:  12504.4  11543.1
B  9.428 ..  9.434 T  9.434 TT  9.434 M:   7903.7   8467.9
B  9.434 ..  9.496 T  9.496 TT  9.496 M:  11585.0  11717.3
B  9.496 ..  9.507 T  9.507 TT  9.507 M:   9688.8   8795.1
B  9.507 ..  9.537 T  9.537 TT  9.537 M:  11348.7  11400.0
new alloc for instr 1:
B  9.537 ..  9.552 T  9.552 TT  9.552 M:  10127.5  10686.4
new alloc for instr 1:
B  9.552 ..  9.598 T  9.598 TT  9.598 M:  10377.3  10782.6
B  9.598 ..  9.618 T  9.618 TT  9.618 M:  10048.9   9325.6
B  9.618 ..  9.718 T  9.718 TT  9.718 M:  10256.6  12772.8
new alloc for instr 1:
B  9.718 ..  9.726 T  9.726 TT  9.726 M:   8995.7   8227.6
B  9.726 ..  9.788 T  9.788 TT  9.788 M:  13018.1  15803.4
B  9.788 ..  9.792 T  9.792 TT  9.792 M:   6918.7   5685.0
B  9.792 ..  9.808 T  9.808 TT  9.808 M:  10548.9  10422.6
B  9.808 ..  9.849 T  9.849 TT  9.849 M:  10552.0   9558.8
B  9.849 ..  9.897 T  9.897 TT  9.897 M:  10165.0  11603.2
B  9.897 ..  9.929 T  9.929 TT  9.929 M:   9049.3  13280.8
new alloc for instr 1:
B  9.929 ..  9.937 T  9.937 TT  9.937 M:   9127.5   7953.7
new alloc for instr 1:
B  9.937 ..  9.972 T  9.972 TT  9.972 M:  10854.0  11826.4
new alloc for instr 1:
B  9.972 ..  9.975 T  9.975 TT  9.975 M:   8957.4   8728.2
new alloc for instr 1:
B  9.975 .. 10.073 T 10.073 TT 10.073 M:  10964.6  11716.4
new alloc for instr 1:
B 10.073 .. 10.077 T 10.077 TT 10.077 M:  10247.7   7367.0
new alloc for instr 1:
B 10.077 .. 10.133 T 10.133 TT 10.133 M:  12996.1  11770.2
new alloc for instr 1:
B 10.133 .. 10.220 T 10.220 TT 10.220 M:  11832.4  11444.4
new alloc for instr 1:
B 10.220 .. 10.228 T 10.228 TT 10.228 M:   9582.0  10968.7
new alloc for instr 1:
B 10.228 .. 10.270 T 10.270 TT 10.270 M:   9281.6  10498.6
new alloc for instr 1:
B 10.270 .. 10.346 T 10.346 TT 10.346 M:  10065.7  14032.3
new alloc for instr 1:
B 10.346 .. 10.360 T 10.360 TT 10.360 M:   9285.3  11893.4
new alloc for instr 1:
B 10.360 .. 10.433 T 10.433 TT 10.433 M:  10253.6  12722.0
new alloc for instr 1:
B 10.433 .. 10.472 T 10.472 TT 10.472 M:  12737.8  12197.7
B 10.472 .. 10.500 T 10.500 TT 10.500 M:  14229.7  14122.0
B 10.500 .. 10.535 T 10.535 TT 10.535 M:  13433.2  13814.2
new alloc for instr 1:
B 10.535 .. 10.572 T 10.572 TT 10.572 M:  11540.5  12300.2
new alloc for instr 1:
B 10.572 .. 10.612 T 10.612 TT 10.612 M:  11753.1  14358.5
B 10.612 .. 10.643 T 10.643 TT 10.643 M:  10333.9  11138.6
B 10.643 .. 10.683 T 10.683 TT 10.683 M:  11222.5  11702.4
B 10.683 .. 10.717 T 10.717 TT 10.717 M:  11041.1  12814.5
B 10.717 .. 10.809 T 10.809 TT 10.809 M:  13573.4  12645.3
new alloc for instr 1:
B 10.809 .. 10.848 T 10.848 TT 10.848 M:  11800.6  13935.2
B 10.848 .. 10.857 T 10.857 TT 10.857 M:   7948.6  11347.2
B 10.857 .. 10.880 T 10.880 TT 10.880 M:  10627.7  10970.9
B 10.880 .. 10.891 T 10.891 TT 10.891 M:   9054.9  12371.9
B 10.891 .. 10.910 T 10.910 TT 10.910 M:  10453.7  11062.9
B 10.910 .. 10.913 T 10.913 TT 10.913 M:  12058.9  10530.3
B 10.913 .. 10.988 T 10.988 TT 10.988 M:  12250.8  13487.3
B 10.988 .. 11.003 T 11.003 TT 11.003 M:  10067.6  11950.3
B 11.003 .. 11.047 T 11.047 TT 11.047 M:  12030.5  12009.2
B 11.047 .. 11.070 T 11.070 TT 11.070 M:  11231.9  11428.3
B 11.070 .. 11.093 T 11.093 TT 11.093 M:  11861.5  12251.8
B 11.093 .. 11.153 T 11.153 TT 11.153 M:  11781.0  11043.6
B 11.153 .. 11.234 T 11.234 TT 11.234 M:  11599.1  12814.9
new alloc for instr 1:
B 11.234 .. 11.298 T 11.298 TT 11.298 M:  12790.4  12434.5
new alloc for instr 1:
B 11.298 .. 11.351 T 11.351 TT 11.351 M:  11222.8  10589.4
B 11.351 .. 11.369 T 11.369 TT 11.369 M:  13310.8  12878.6
B 11.369 .. 11.424 T 11.424 TT 11.424 M:  14427.7  11601.7
new alloc for instr 1:
B 11.424 .. 11.457 T 11.457 TT 11.457 M:  10930.0  12823.8
B 11.457 .. 11.487 T 11.487 TT 11.487 M:  10109.8  10530.4
B 11.487 .. 11.509 T 11.509 TT 11.509 M:   9290.7  10361.8
B 11.509 .. 11.519 T 11.519 TT 11.519 M:  10665.1  10142.4
B 11.519 .. 11.520 T 11.520 TT 11.520 M:   7841.3   8699.4
B 11.520 .. 11.598 T 11.598 TT 11.598 M:  12679.7  14071.0
B 11.598 .. 11.619 T 11.619 TT 11.619 M:  15908.7  11099.2
B 11.619 .. 11.643 T 11.643 TT 11.643 M:  11585.9  11503.1
B 11.643 .. 11.655 T 11.655 TT 11.655 M:   9539.1  10880.9
B 11.655 .. 11.666 T 11.666 TT 11.666 M:  11418.3  11220.5
B 11.666 .. 11.688 T 11.688 TT 11.688 M:   9625.3  10338.3
B 11.688 .. 11.736 T 11.736 TT 11.736 M:  10099.4  12229.4
B 11.736 .. 11.826 T 11.826 TT 11.826 M:  13687.5  13330.5
B 11.826 .. 11.837 T 11.837 TT 11.837 M:  13808.9  10742.1
B 11.837 .. 11.850 T 11.850 TT 11.850 M:   9843.5  10010.9
B 11.850 .. 11.864 T 11.864 TT 11.864 M:  11355.5   9899.8
B 11.864 .. 11.872 T 11.872 TT 11.872 M:  10087.8  10460.9
new alloc for instr 1:
B 11.872 .. 11.913 T 11.913 TT 11.913 M:  11238.7  11373.3
new alloc for instr 1:
B 11.913 .. 11.999 T 11.999 TT 11.999 M:  13349.9  10691.7
new alloc for instr 1:
B 11.999 .. 12.010 T 12.010 TT 12.010 M:   9743.5   9268.1
new alloc for instr 1:
B 12.010 .. 12.014 T 12.014 TT 12.014 M:   8827.5   8841.2
B 12.014 .. 12.029 T 12.029 TT 12.029 M:   9713.2   8737.3
B 12.029 .. 12.065 T 12.065 TT 12.065 M:  11007.6  12266.0
new alloc for instr 1:
B 12.065 .. 12.074 T 12.074 TT 12.074 M:   8429.1  11492.3
new alloc for instr 1:
B 12.074 .. 12.102 T 12.102 TT 12.102 M:  14023.2  13085.7
new alloc for instr 1:
B 12.102 .. 12.125 T 12.125 TT 12.125 M:  10039.5  10145.8
B 12.125 .. 12.153 T 12.153 TT 12.153 M:  10249.9  12138.5
B 12.153 .. 12.201 T 12.201 TT 12.201 M:  11171.4  14690.6
new alloc for instr 1:
B 12.201 .. 12.217 T 12.217 TT 12.217 M:  11394.6  10121.4
new alloc for instr 1:
B 12.217 .. 12.226 T 12.226 TT 12.226 M:   9856.9  12248.1
B 12.226 .. 12.239 T 12.239 TT 12.239 M:  11252.9  10473.8
B 12.239 .. 12.244 T 12.244 TT 12.244 M:   9018.4   7989.0
B 12.244 .. 12.265 T 12.265 TT 12.265 M:  13170.1  12730.0
B 12.265 .. 12.348 T 12.348 TT 12.348 M:  11241.4  11506.9
new alloc for instr 1:
B 12.348 .. 12.361 T 12.361 TT 12.361 M:  12554.5  10421.8
new alloc for instr 1:
B 12.361 .. 12.421 T 12.421 TT 12.421 M:  10611.3  12998.8
new alloc for instr 1:
B 12.421 .. 12.443 T 12.443 TT 12.443 M:  11486.2  14023.3
new alloc for instr 1:
B 12.443 .. 12.503 T 12.503 TT 12.503 M:  10946.0  14312.2
B 12.503 .. 12.520 T 12.520 TT 12.520 M:  11956.8  10151.7
B 12.520 .. 12.537 T 12.537 TT 12.537 M:   9445.3   9465.5
new alloc for instr 1:
B 12.537 .. 12.565 T 12.565 TT 12.565 M:  11082.5  11791.5
new alloc for instr 1:
B 12.565 .. 12.638 T 12.638 TT 12.638 M:  10998.3  13426.9
new alloc for instr 1:
B 12.638 .. 12.660 T 12.660 TT 12.660 M:  11019.5  12157.0
new alloc for instr 1:
B 12.660 .. 12.680 T 12.680 TT 12.680 M:  10962.8  13457.1
new alloc for instr 1:
B 12.680 .. 12.730 T 12.730 TT 12.730 M:  13751.7  12793.5
new alloc for instr 1:
B 12.730 .. 12.746 T 12.746 TT 12.746 M:  11833.6  10975.1
new alloc for instr 1:
B 12.746 .. 12.755 T 12.755 TT 12.755 M:  11958.7  10074.6
new alloc for instr 1:
B 12.755 .. 12.807 T 12.807 TT 12.807 M:  12832.5  13027.4
new alloc for instr 1:
B 12.807 .. 12.861 T 12.861 TT 12.861 M:  14273.1  11520.1
new alloc for instr 1:
B 12.861 .. 12.867 T 12.867 TT 12.867 M:   9813.7  11552.5
new alloc for instr 1:
B 12.867 .. 12.885 T 12.885 TT 12.885 M:  11935.1  12472.5
new alloc for instr 1:
B 12.885 .. 12.890 T 12.890 TT 12.890 M:  11495.8   9143.5
new alloc for instr 1:
B 12.890 .. 12.948 T 12.948 TT 12.948 M:  13103.2  12503.2
new alloc for instr 1:
B 12.948 .. 12.960 T 12.960 TT 12.960 M:  12398.0  13738.7
B 12.960 .. 12.961 T 12.961 TT 12.961 M:   9432.6   5757.2
B 12.961 .. 13.003 T 13.003 TT 13.003 M:  11539.8  10405.0
B 13.003 .. 13.057 T 13.057 TT 13.057 M:  12963.8  13097.3
B 13.057 .. 13.110 T 13.110 TT 13.110 M:  13827.7  13918.5
new alloc for instr 1:
B 13.110 .. 13.171 T 13.171 TT 13.171 M:  11768.1  16896.0
B 13.171 .. 13.174 T 13.174 TT 13.174 M:   9161.3  12210.4
B 13.174 .. 13.233 T 13.233 TT 13.233 M:  13487.2  12372.5
new alloc for instr 1:
B 13.233 .. 13.316 T 13.316 TT 13.316 M:  13049.8  14222.4
new alloc for instr 1:
B 13.316 .. 13.375 T 13.375 TT 13.375 M:  13570.4  14368.2
new alloc for instr 1:
B 13.375 .. 13.395 T 13.395 TT 13.395 M:  10571.4  10469.6
new alloc for instr 1:
B 13.395 .. 13.422 T 13.422 TT 13.422 M:  12232.0  14143.9
B 13.422 .. 13.446 T 13.446 TT 13.446 M:  13918.9  12200.6
B 13.446 .. 13.461 T 13.461 TT 13.461 M:  12675.9  14540.1
B 13.461 .. 13.475 T 13.475 TT 13.475 M:   9943.9  12381.9
B 13.475 .. 13.485 T 13.485 TT 13.485 M:  11235.9  13134.1
B 13.485 .. 13.581 T 13.581 TT 13.581 M:  13986.4  13130.7
B 13.581 .. 13.665 T 13.665 TT 13.665 M:  15880.3  12467.1
new alloc for instr 1:
B 13.665 .. 13.728 T 13.728 TT 13.728 M:  13820.1  13410.4
new alloc for instr 1:
B 13.728 .. 13.745 T 13.745 TT 13.745 M:  11385.3  15230.2
new alloc for instr 1:
B 13.745 .. 13.746 T 13.746 TT 13.746 M:   8508.2   7032.2
new alloc for instr 1:
B 13.746 .. 13.779 T 13.779 TT 13.779 M:  11821.5  11935.3
new alloc for instr 1:
B 13.779 .. 13.838 T 13.838 TT 13.838 M:  15553.8  11723.7
new alloc for instr 1:
B 13.838 .. 13.879 T 13.879 TT 13.879 M:  14997.5  11520.8
new alloc for instr 1:
B 13.879 .. 13.922 T 13.922 TT 13.922 M:  14083.9  13151.8
new alloc for instr 1:
B 13.922 .. 13.922 T 13.922 TT 13.922 M:   8404.0   7382.9
B 13.922 .. 13.942 T 13.942 TT 13.942 M:  13923.0  12124.6
B 13.942 .. 13.973 T 13.973 TT 13.973 M:  14258.9  11359.2
B 13.973 .. 13.994 T 13.994 TT 13.994 M:  12679.7  15039.0
B 13.994 .. 14.030 T 14.030 TT 14.030 M:  12326.7  13104.4
new alloc for instr 1:
B 14.030 .. 14.030 T 14.030 TT 14.030 M:   5458.2   3891.6
new alloc for instr 1:
B 14.030 .. 14.033 T 14.033 TT 14.033 M:   8492.0  11046.5
new alloc for instr 1:
B 14.033 .. 14.090 T 14.090 TT 14.090 M:  14385.5  13446.1
B 14.090 .. 14.102 T 14.102 TT 14.102 M:  12007.1  12370.6
B 14.102 .. 14.116 T 14.116 TT 14.116 M:  14169.1  14517.5
B 14.116 .. 14.119 T 14.119 TT 14.119 M:   8490.1   9017.6
B 14.119 .. 14.163 T 14.163 TT 14.163 M:  12849.8  13723.8
new alloc for instr 1:
B 14.163 .. 14.225 T 14.225 TT 14.225 M:  14323.6  13628.0
new alloc for instr 1:
B 14.225 .. 14.251 T 14.251 TT 14.251 M:  12591.8  12655.6
B 14.251 .. 14.269 T 14.269 TT 14.269 M:  11179.2  11281.2
B 14.269 .. 14.308 T 14.308 TT 14.308 M:  12116.8  13298.0
B 14.308 .. 14.373 T 14.373 TT 14.373 M:  13257.1  13347.7
B 14.373 .. 14.382 T 14.382 TT 14.382 M:  11080.0  10663.4
B 14.382 .. 14.392 T 14.392 TT 14.392 M:  10651.2  10271.2
B 14.392 .. 14.439 T 14.439 TT 14.439 M:  11981.2  13475.4
new alloc for instr 1:
B 14.439 .. 14.453 T 14.453 TT 14.453 M:  13899.1  11943.5
new alloc for instr 1:
B 14.453 .. 14.543 T 14.543 TT 14.543 M:  14961.2  13903.3
new alloc for instr 1:
B 14.543 .. 14.638 T 14.638 TT 14.638 M:  15685.4  19074.7
new alloc for instr 1:
B 14.638 .. 14.652 T 14.652 TT 14.652 M:  14114.1  11906.6
new alloc for instr 1:
B 14.652 .. 14.658 T 14.658 TT 14.658 M:  11925.5  12825.2
B 14.658 .. 14.668 T 14.668 TT 14.668 M:  12790.6  10996.0
B 14.668 .. 14.689 T 14.689 TT 14.689 M:  16409.6  14388.2
B 14.689 .. 14.720 T 14.720 TT 14.720 M:  14848.4  12717.8
B 14.720 .. 14.810 T 14.810 TT 14.810 M:  13966.5  15911.6
new alloc for instr 1:
B 14.810 .. 14.885 T 14.885 TT 14.885 M:  14095.7  13781.4
new alloc for instr 1:
B 14.885 .. 14.908 T 14.908 TT 14.908 M:  14740.0  11574.9
B 14.908 .. 14.958 T 14.958 TT 14.958 M:  14151.2  14556.1
B 14.958 .. 15.032 T 15.032 TT 15.032 M:  16381.7  15979.7
new alloc for instr 1:
B 15.032 .. 15.059 T 15.059 TT 15.059 M:  12552.4  15297.1
new alloc for instr 1:
B 15.059 .. 15.061 T 15.061 TT 15.061 M:   9884.2  12010.7
new alloc for instr 1:
B 15.061 .. 15.070 T 15.070 TT 15.070 M:  12517.1  12914.9
B 15.070 .. 15.108 T 15.108 TT 15.108 M:  14333.6  14804.8
B 15.108 .. 15.146 T 15.146 TT 15.146 M:  13453.3  11892.3
B 15.146 .. 15.193 T 15.193 TT 15.193 M:  13890.5  14596.6
B 15.193 .. 15.225 T 15.225 TT 15.225 M:  14427.4  13418.9
B 15.225 .. 15.236 T 15.236 TT 15.236 M:  14674.2  13561.7
B 15.236 .. 15.254 T 15.254 TT 15.254 M:  12651.0  12696.8
new alloc for instr 1:
B 15.254 .. 15.324 T 15.324 TT 15.324 M:  12643.7  14150.5
new alloc for instr 1:
B 15.324 .. 15.354 T 15.354 TT 15.354 M:  13698.0  13032.7
new alloc for instr 1:
B 15.354 .. 15.398 T 15.398 TT 15.398 M:  14112.4  12745.2
new alloc for instr 1:
B 15.398 .. 15.476 T 15.476 TT 15.476 M:  15577.5  13531.1
new alloc for instr 1:
B 15.476 .. 15.511 T 15.511 TT 15.511 M:  13608.1  14750.1
B 15.511 .. 15.540 T 15.540 TT 15.540 M:  15329.4  14858.4
B 15.540 .. 15.543 T 15.543 TT 15.543 M:  10139.2  10984.6
B 15.543 .. 15.580 T 15.580 TT 15.580 M:  15408.0  12321.0
B 15.580 .. 15.600 T 15.600 TT 15.600 M:  14215.3  14909.6
B 15.600 .. 15.656 T 15.656 TT 15.656 M:  13488.9  12539.4
B 15.656 .. 15.683 T 15.683 TT 15.683 M:  12970.8  13567.2
new alloc for instr 1:
B 15.683 .. 15.725 T 15.725 TT 15.725 M:  12344.2  14052.7
B 15.725 .. 15.760 T 15.760 TT 15.760 M:  13634.2  14064.4
B 15.760 .. 15.807 T 15.807 TT 15.807 M:  14760.5  13746.4
B 15.807 .. 15.830 T 15.830 TT 15.830 M:  13516.8  13971.7
B 15.830 .. 15.833 T 15.833 TT 15.833 M:   8138.7  10156.0
new alloc for instr 1:
B 15.833 .. 15.876 T 15.876 TT 15.876 M:  14338.9  15745.9
new alloc for instr 1:
B 15.876 .. 15.958 T 15.958 TT 15.958 M:  13694.5  14045.5
new alloc for instr 1:
B 15.958 .. 15.969 T 15.969 TT 15.969 M:  12897.7  12562.6
B 15.969 .. 16.000 T 16.000 TT 16.000 M:  11309.0  13817.3
B 16.000 .. 16.030 T 16.030 TT 16.030 M:  14592.6  17795.5
B 16.030 .. 16.030 T 16.030 TT 16.030 M:   6625.3   6981.6
B 16.030 .. 16.076 T 16.076 TT 16.076 M:  13833.1  12900.1
B 16.076 .. 16.109 T 16.109 TT 16.109 M:  12861.5  14175.3
B 16.109 .. 16.153 T 16.153 TT 16.153 M:  15134.0  13450.9
B 16.153 .. 16.206 T 16.206 TT 16.206 M:  13503.3  14854.7
B 16.206 .. 16.208 T 16.208 TT 16.208 M:   8558.9   8976.8
B 16.208 .. 16.291 T 16.291 TT 16.291 M:  18126.6  14552.1
B 16.291 .. 16.362 T 16.362 TT 16.362 M:  14827.5  14321.3
new alloc for instr 1:
B 16.362 .. 16.430 T 16.430 TT 16.430 M:  13700.5  16699.3
new alloc for instr 1:
B 16.430 .. 16.451 T 16.451 TT 16.451 M:  12466.1  15184.5
new alloc for instr 1:
B 16.451 .. 16.536 T 16.536 TT 16.536 M:  12658.5  15345.0
new alloc for instr 1:
B 16.536 .. 16.558 T 16.558 TT 16.558 M:  11759.3  12220.4
new alloc for instr 1:
B 16.558 .. 16.622 T 16.622 TT 16.622 M:  15347.6  17722.0
new alloc for instr 1:
B 16.622 .. 16.693 T 16.693 TT 16.693 M:  14198.0  15386.8
B 16.693 .. 16.696 T 16.696 TT 16.696 M:   7684.0  11815.9
B 16.696 .. 16.708 T 16.708 TT 16.708 M:  13910.2  14248.9
B 16.708 .. 16.807 T 16.807 TT 16.807 M:  17028.7  17349.4
B 16.807 .. 16.809 T 16.809 TT 16.809 M:   8028.6  14503.2
B 16.809 .. 16.809 T 16.809 TT 16.809 M:   6825.8   9059.2
B 16.809 .. 16.811 T 16.811 TT 16.811 M:   7407.5   7848.8
B 16.811 .. 16.839 T 16.839 TT 16.839 M:  13983.7  13190.5
B 16.839 .. 16.862 T 16.862 TT 16.862 M:  13708.4  14256.9
B 16.862 .. 16.885 T 16.885 TT 16.885 M:  12729.2  16322.9
B 16.885 .. 16.887 T 16.887 TT 16.887 M:  13159.6  10951.7
B 16.887 .. 16.944 T 16.944 TT 16.944 M:  12764.6  15899.8
B 16.944 .. 17.013 T 17.013 TT 17.013 M:  13078.8  16211.3
B 17.013 .. 17.041 T 17.041 TT 17.041 M:  12839.8  13907.8
B 17.041 .. 17.091 T 17.091 TT 17.091 M:  14831.8  13814.1
new alloc for instr 1:
B 17.091 .. 17.143 T 17.143 TT 17.143 M:  15743.5  15953.9
new alloc for instr 1:
B 17.143 .. 17.223 T 17.223 TT 17.223 M:  16257.6  16139.3
new alloc for instr 1:
B 17.223 .. 17.252 T 17.252 TT 17.252 M:  14826.1  14633.5
B 17.252 .. 17.321 T 17.321 TT 17.321 M:  13460.5  13965.7
B 17.321 .. 17.337 T 17.337 TT 17.337 M:  13079.5  12443.6
B 17.337 .. 17.382 T 17.382 TT 17.382 M:  13216.1  15647.0
B 17.382 .. 17.389 T 17.389 TT 17.389 M:  11705.6  10443.2
B 17.389 .. 17.410 T 17.410 TT 17.410 M:  11156.8  12168.9
B 17.410 .. 17.462 T 17.462 TT 17.462 M:  13065.1  13345.1
B 17.462 .. 17.518 T 17.518 TT 17.518 M:  13448.9  13214.5
B 17.518 .. 17.552 T 17.552 TT 17.552 M:  13858.1  13568.6
B 17.552 .. 17.612 T 17.612 TT 17.612 M:  14615.4  16057.0
B 17.612 .. 17.621 T 17.621 TT 17.621 M:   9287.2  14529.5
new alloc for instr 1:
B 17.621 .. 17.635 T 17.635 TT 17.635 M:  13610.0  13209.5
B 17.635 .. 17.676 T 17.676 TT 17.676 M:  14678.5  16097.2
B 17.676 .. 17.688 T 17.688 TT 17.688 M:  12815.7  13814.2
B 17.688 .. 17.701 T 17.701 TT 17.701 M:  13646.9  14035.2
B 17.701 .. 17.739 T 17.739 TT 17.739 M:  15614.5  17714.8
B 17.739 .. 17.764 T 17.764 TT 17.764 M:  13729.1  13667.2
B 17.764 .. 17.796 T 17.796 TT 17.796 M:  14428.2  15022.8
B 17.796 .. 17.798 T 17.798 TT 17.798 M:   8786.7  11450.3
B 17.798 .. 17.815 T 17.815 TT 17.815 M:  14358.3  14208.6
B 17.815 .. 17.852 T 17.852 TT 17.852 M:  14234.5  16226.8
B 17.852 .. 17.859 T 17.859 TT 17.859 M:   9429.8  12935.7
new alloc for instr 1:
B 17.859 .. 17.900 T 17.900 TT 17.900 M:  14602.9  19362.2
new alloc for instr 1:
B 17.900 .. 17.934 T 17.934 TT 17.934 M:  12597.2  17702.9
new alloc for instr 1:
B 17.934 .. 17.941 T 17.941 TT 17.941 M:  12238.0  11500.9
B 17.941 .. 17.983 T 17.983 TT 17.983 M:  14594.6  14892.5
B 17.983 .. 18.040 T 18.040 TT 18.040 M:  13993.5  15629.5
B 18.040 .. 18.081 T 18.081 TT 18.081 M:  13823.0  15121.5
B 18.081 .. 18.125 T 18.125 TT 18.125 M:  15135.1  14497.3
B 18.125 .. 18.155 T 18.155 TT 18.155 M:  15618.1  16063.9
B 18.155 .. 18.160 T 18.160 TT 18.160 M:  11121.7  11444.8
B 18.160 .. 18.169 T 18.169 TT 18.169 M:  12158.9  14434.5
B 18.169 .. 18.198 T 18.198 TT 18.198 M:  15699.7  15466.6
B 18.198 .. 18.258 T 18.258 TT 18.258 M:  13918.6  14293.0
B 18.258 .. 18.326 T 18.326 TT 18.326 M:  19645.9  16084.8
new alloc for instr 1:
B 18.326 .. 18.352 T 18.352 TT 18.352 M:  14951.5  13886.1
new alloc for instr 1:
B 18.352 .. 18.364 T 18.364 TT 18.364 M:  12072.8  13951.9
B 18.364 .. 18.380 T 18.380 TT 18.380 M:  12890.9  14215.5
B 18.380 .. 18.385 T 18.385 TT 18.385 M:  11909.4  12853.3
B 18.385 .. 18.390 T 18.390 TT 18.390 M:  12365.5  12503.8
B 18.390 .. 18.427 T 18.427 TT 18.427 M:  13311.5  19018.7
B 18.427 .. 18.479 T 18.479 TT 18.479 M:  13967.5  15093.2
B 18.479 .. 18.550 T 18.550 TT 18.550 M:  14396.4  16455.9
B 18.550 .. 18.642 T 18.642 TT 18.642 M:  15969.0  13757.0
B 18.642 .. 18.663 T 18.663 TT 18.663 M:  15214.2  13225.5
new alloc for instr 1:
B 18.663 .. 18.701 T 18.701 TT 18.701 M:  14530.8  16238.8
new alloc for instr 1:
B 18.701 .. 18.736 T 18.736 TT 18.736 M:  14047.3  16983.5
new alloc for instr 1:
B 18.736 .. 18.738 T 18.738 TT 18.738 M:  14344.9  11488.2
B 18.738 .. 18.747 T 18.747 TT 18.747 M:  11879.8  15470.1
B 18.747 .. 18.759 T 18.759 TT 18.759 M:  13687.7  16418.1
B 18.759 .. 18.798 T 18.798 TT 18.798 M:  13453.9  15907.9
B 18.798 .. 18.825 T 18.825 TT 18.825 M:  13394.0  14902.4
B 18.825 .. 18.841 T 18.841 TT 18.841 M:  12385.5  12535.0
B 18.841 .. 18.850 T 18.850 TT 18.850 M:  14207.6  14516.5
new alloc for instr 1:
B 18.850 .. 18.861 T 18.861 TT 18.861 M:  13211.0  12540.0
new alloc for instr 1:
B 18.861 .. 18.917 T 18.917 TT 18.917 M:  19153.6  23541.0
B 18.917 .. 18.938 T 18.938 TT 18.938 M:  17848.7  14935.0
B 18.938 .. 18.949 T 18.949 TT 18.949 M:  15612.7  17571.8
B 18.949 .. 18.969 T 18.969 TT 18.969 M:  18897.3  15488.9
B 18.969 .. 18.972 T 18.972 TT 18.972 M:  14618.3  12863.3
B 18.972 .. 19.003 T 19.003 TT 19.003 M:  14800.8  16281.5
B 19.003 .. 19.048 T 19.048 TT 19.048 M:  16387.6  20803.9
B 19.048 .. 19.145 T 19.145 TT 19.145 M:  17664.2  16153.1
B 19.145 .. 19.234 T 19.234 TT 19.234 M:  15288.5  14757.6
new alloc for instr 1:
B 19.234 .. 19.238 T 19.238 TT 19.238 M:  10913.4  10687.8
B 19.238 .. 19.262 T 19.262 TT 19.262 M:  12074.4  13276.6
B 19.262 .. 19.285 T 19.285 TT 19.285 M:  14649.4  13884.4
B 19.285 .. 19.325 T 19.325 TT 19.325 M:  14047.7  16761.3
B 19.325 .. 19.354 T 19.354 TT 19.354 M:  14788.8  16126.2
B 19.354 .. 19.359 T 19.359 TT 19.359 M:  11742.6  14200.6
B 19.359 .. 19.448 T 19.448 TT 19.448 M:  16248.8  16247.8
new alloc for instr 1:
B 19.448 .. 19.467 T 19.467 TT 19.467 M:  13496.1  16294.1
B 19.467 .. 19.481 T 19.481 TT 19.481 M:  13592.9  15072.8
B 19.481 .. 19.515 T 19.515 TT 19.515 M:  15578.9  13352.1
B 19.515 .. 19.548 T 19.548 TT 19.548 M:  12922.5  13530.8
B 19.548 .. 19.563 T 19.563 TT 19.563 M:  14445.8  14325.0
B 19.563 .. 19.571 T 19.571 TT 19.571 M:  10674.1  12909.9
B 19.571 .. 19.591 T 19.591 TT 19.591 M:  14710.8  15926.1
B 19.591 .. 19.603 T 19.603 TT 19.603 M:  11444.2   9731.4
B 19.603 .. 19.633 T 19.633 TT 19.633 M:  14337.4  14342.8
B 19.633 .. 19.702 T 19.702 TT 19.702 M:  13188.1  19124.5
B 19.702 .. 19.706 T 19.706 TT 19.706 M:  14066.7  16117.1
B 19.706 .. 19.708 T 19.708 TT 19.708 M:  12042.5   9813.8
B 19.708 .. 19.779 T 19.779 TT 19.779 M:  16322.6  16539.1
B 19.779 .. 19.792 T 19.792 TT 19.792 M:  13997.6  16221.9
B 19.792 .. 19.811 T 19.811 TT 19.811 M:  13929.3  11805.8
B 19.811 .. 19.827 T 19.827 TT 19.827 M:  16609.4  16677.1
B 19.827 .. 19.897 T 19.897 TT 19.897 M:  14463.8  15314.0
B 19.897 .. 19.950 T 19.950 TT 19.950 M:  14348.5  15162.1
B 19.950 .. 19.997 T 19.997 TT 19.997 M:  15154.9  16790.6
B 19.997 .. 20.072 T 20.072 TT 20.072 M:  17535.6  17839.1
B 20.072 .. 20.075 T 20.075 TT 20.075 M:  12789.1  15980.3
B 20.075 .. 20.080 T 20.080 TT 20.080 M:  14623.4  10712.3
B 20.080 .. 20.092 T 20.092 TT 20.092 M:  13812.2  16987.8
B 20.092 .. 20.174 T 20.174 TT 20.174 M:  16187.2  17064.5
B 20.174 .. 20.212 T 20.212 TT 20.212 M:  14880.2  16295.7
B 20.212 .. 20.251 T 20.251 TT 20.251 M:  14476.3  18233.0
B 20.251 .. 20.287 T 20.287 TT 20.287 M:  14022.6  14942.9
B 20.287 .. 20.369 T 20.369 TT 20.369 M:  17057.7  18258.1
B 20.369 .. 20.381 T 20.381 TT 20.381 M:  13663.5  11891.4
B 20.381 .. 20.445 T 20.445 TT 20.445 M:  14773.7  14991.8
B 20.445 .. 20.448 T 20.448 TT 20.448 M:   9587.6  10154.1
B 20.448 .. 20.450 T 20.450 TT 20.450 M:  13083.5  10416.3
B 20.450 .. 20.499 T 20.499 TT 20.499 M:  19935.8  16965.2
B 20.499 .. 20.507 T 20.507 TT 20.507 M:  12898.2  11627.4
B 20.507 .. 20.530 T 20.530 TT 20.530 M:  13700.5  13329.4
B 20.530 .. 20.542 T 20.542 TT 20.542 M:  13571.6  14023.8
B 20.542 .. 20.549 T 20.549 TT 20.549 M:  13960.7  12877.0
B 20.549 .. 20.627 T 20.627 TT 20.627 M:  14585.7  14462.0
B 20.627 .. 20.637 T 20.637 TT 20.637 M:  13371.3  14978.3
B 20.637 .. 20.657 T 20.657 TT 20.657 M:  13527.9  13571.1
B 20.657 .. 20.695 T 20.695 TT 20.695 M:  14797.2  18097.5
B 20.695 .. 20.719 T 20.719 TT 20.719 M:  12149.7  12748.2
B 20.719 .. 20.721 T 20.721 TT 20.721 M:  10244.4  14232.2
B 20.721 .. 20.775 T 20.775 TT 20.775 M:  16348.1  14795.8
B 20.775 .. 20.808 T 20.808 TT 20.808 M:  13367.9  14801.1
B 20.808 .. 20.829 T 20.829 TT 20.829 M:  11407.0  17013.9
B 20.829 .. 20.920 T 20.920 TT 20.920 M:  16410.8  15866.0
new alloc for instr 1:
B 20.920 .. 20.932 T 20.932 TT 20.932 M:  15676.4  18469.6
B 20.932 .. 20.976 T 20.976 TT 20.976 M:  14809.2  14276.3
B 20.976 .. 20.981 T 20.981 TT 20.981 M:  12934.8  11000.6
B 20.981 .. 21.003 T 21.003 TT 21.003 M:  14524.7  13197.4
B 21.003 .. 21.008 T 21.008 TT 21.008 M:  11596.2  13044.1
B 21.008 .. 21.060 T 21.060 TT 21.060 M:  16503.3  15835.9
B 21.060 .. 21.090 T 21.090 TT 21.090 M:  13577.7  12517.1
new alloc for instr 1:
B 21.090 .. 21.106 T 21.106 TT 21.106 M:  15691.2  13406.7
B 21.106 .. 21.139 T 21.139 TT 21.139 M:  19088.6  16649.5
B 21.139 .. 21.166 T 21.166 TT 21.166 M:  13645.6  14011.1
B 21.166 .. 21.170 T 21.170 TT 21.170 M:  13925.6  11223.1
B 21.170 .. 21.180 T 21.180 TT 21.180 M:  12316.9  11463.7
B 21.180 .. 21.196 T 21.196 TT 21.196 M:  11402.6  13774.7
B 21.196 .. 21.196 T 21.196 TT 21.196 M:   9550.1   8823.3
B 21.196 .. 21.245 T 21.245 TT 21.245 M:  14056.3  13445.6
B 21.245 .. 21.274 T 21.274 TT 21.274 M:  14536.6  14492.2
B 21.274 .. 21.291 T 21.291 TT 21.291 M:  14864.0  14520.1
B 21.291 .. 21.309 T 21.309 TT 21.309 M:  16579.1  13494.6
B 21.309 .. 21.337 T 21.337 TT 21.337 M:  16092.6  16638.5
B 21.337 .. 21.360 T 21.360 TT 21.360 M:  16924.3  13162.3
B 21.360 .. 21.361 T 21.361 TT 21.361 M:   8935.0  11792.9
B 21.361 .. 21.408 T 21.408 TT 21.408 M:  18509.2  15283.2
new alloc for instr 1:
B 21.408 .. 21.438 T 21.438 TT 21.438 M:  16717.8  13116.4
new alloc for instr 1:
B 21.438 .. 21.480 T 21.480 TT 21.480 M:  14649.5  16094.5
new alloc for instr 1:
B 21.480 .. 21.501 T 21.501 TT 21.501 M:  12857.7  13930.6
B 21.501 .. 21.532 T 21.532 TT 21.532 M:  15624.1  13165.8
B 21.532 .. 21.544 T 21.544 TT 21.544 M:  11146.0  12669.8
B 21.544 .. 21.615 T 21.615 TT 21.615 M:  15297.4  15409.3
B 21.615 .. 21.658 T 21.658 TT 21.658 M:  13509.3  13166.2
new alloc for instr 1:
B 21.658 .. 21.688 T 21.688 TT 21.688 M:  14280.4  14781.6
new alloc for instr 1:
B 21.688 .. 21.730 T 21.730 TT 21.730 M:  15792.5  16295.5
new alloc for instr 1:
B 21.730 .. 21.806 T 21.806 TT 21.806 M:  15502.2  15217.3
new alloc for instr 1:
B 21.806 .. 21.825 T 21.825 TT 21.825 M:  13793.4  13769.3
B 21.825 .. 21.838 T 21.838 TT 21.838 M:  15477.2  12573.7
B 21.838 .. 21.870 T 21.870 TT 21.870 M:  17627.3  16294.1
new alloc for instr 1:
B 21.870 .. 21.900 T 21.900 TT 21.900 M:  14732.4  14091.5
B 21.900 .. 21.942 T 21.942 TT 21.942 M:  15353.0  14532.7
B 21.942 .. 21.956 T 21.956 TT 21.956 M:  13839.3  15301.6
new alloc for instr 1:
B 21.956 .. 21.962 T 21.962 TT 21.962 M:  11107.4  11617.8
B 21.962 .. 21.972 T 21.972 TT 21.972 M:  12381.5  14876.3
B 21.972 .. 21.988 T 21.988 TT 21.988 M:  15163.4  14003.2
new alloc for instr 1:
B 21.988 .. 22.003 T 22.003 TT 22.003 M:  12895.8  15871.6
new alloc for instr 1:
B 22.003 .. 22.050 T 22.050 TT 22.050 M:  15259.6  15618.4
B 22.050 .. 22.068 T 22.068 TT 22.068 M:  13738.4  13732.4
B 22.068 .. 22.071 T 22.071 TT 22.071 M:  13736.3  15387.7
B 22.071 .. 22.096 T 22.096 TT 22.096 M:  14579.4  16104.2
B 22.096 .. 22.098 T 22.098 TT 22.098 M:  17180.5  15427.5
new alloc for instr 1:
B 22.098 .. 22.103 T 22.103 TT 22.103 M:  12164.0  14231.1
B 22.103 .. 22.134 T 22.134 TT 22.134 M:  13938.4  14885.7
B 22.134 .. 22.162 T 22.162 TT 22.162 M:  14378.6  15943.2
B 22.162 .. 22.174 T 22.174 TT 22.174 M:  12722.8  14508.3
B 22.174 .. 22.176 T 22.176 TT 22.176 M:  11637.0  11410.8
B 22.176 .. 22.200 T 22.200 TT 22.200 M:  14951.3  15312.2
B 22.200 .. 22.220 T 22.220 TT 22.220 M:  18011.4  14985.0
B 22.220 .. 22.241 T 22.241 TT 22.241 M:  14205.6  12686.7
B 22.241 .. 22.294 T 22.294 TT 22.294 M:  14453.2  16670.3
B 22.294 .. 22.359 T 22.359 TT 22.359 M:  18016.8  16112.6
B 22.359 .. 22.363 T 22.363 TT 22.363 M:  10683.4  12697.8
B 22.363 .. 22.379 T 22.379 TT 22.379 M:  15817.9  15929.5
B 22.379 .. 22.445 T 22.445 TT 22.445 M:  16633.2  16751.9
B 22.445 .. 22.463 T 22.463 TT 22.463 M:  15650.3  16829.1
B 22.463 .. 22.513 T 22.513 TT 22.513 M:  19737.2  18112.1
B 22.513 .. 22.520 T 22.520 TT 22.520 M:  13272.3  13187.0
B 22.520 .. 22.527 T 22.527 TT 22.527 M:  16396.8  15008.7
B 22.527 .. 22.588 T 22.588 TT 22.588 M:  16235.1  14988.4
B 22.588 .. 22.606 T 22.606 TT 22.606 M:  14039.3  14071.9
B 22.606 .. 22.609 T 22.609 TT 22.609 M:   9865.2  12104.5
B 22.609 .. 22.623 T 22.623 TT 22.623 M:  15339.1  13137.7
B 22.623 .. 22.634 T 22.634 TT 22.634 M:  11526.8  13622.0
B 22.634 .. 22.673 T 22.673 TT 22.673 M:  13538.0  16121.3
B 22.673 .. 22.726 T 22.726 TT 22.726 M:  15516.0  15241.6
B 22.726 .. 22.738 T 22.738 TT 22.738 M:  13138.4  12775.6
B 22.738 .. 22.777 T 22.777 TT 22.777 M:  14026.0  14330.9
B 22.777 .. 22.785 T 22.785 TT 22.785 M:  13019.5  12262.8
B 22.785 .. 22.789 T 22.789 TT 22.789 M:  10054.7  12407.7
B 22.789 .. 22.857 T 22.857 TT 22.857 M:  15214.0  14013.0
B 22.857 .. 22.910 T 22.910 TT 22.910 M:  17165.9  14677.7
B 22.910 .. 22.945 T 22.945 TT 22.945 M:  16613.9  17087.9
B 22.945 .. 22.971 T 22.971 TT 22.971 M:  16597.1  15835.2
B 22.971 .. 23.013 T 23.013 TT 23.013 M:  14107.0  14444.2
B 23.013 .. 23.037 T 23.037 TT 23.037 M:  13111.3  14304.2
B 23.037 .. 23.069 T 23.069 TT 23.069 M:  16010.8  18235.4
B 23.069 .. 23.093 T 23.093 TT 23.093 M:  14471.3  15437.5
B 23.093 .. 23.142 T 23.142 TT 23.142 M:  14019.9  16104.3
B 23.142 .. 23.227 T 23.227 TT 23.227 M:  17771.6  17137.5
B 23.227 .. 23.273 T 23.273 TT 23.273 M:  15996.3  15461.8
B 23.273 .. 23.294 T 23.294 TT 23.294 M:  13646.2  13358.3
B 23.294 .. 23.365 T 23.365 TT 23.365 M:  16305.9  16279.0
B 23.365 .. 23.383 T 23.383 TT 23.383 M:  12091.1  14677.9
B 23.383 .. 23.393 T 23.393 TT 23.393 M:  13374.7  13572.3
B 23.393 .. 23.417 T 23.417 TT 23.417 M:  14452.5  14748.1
B 23.417 .. 23.418 T 23.418 TT 23.418 M:  10435.3   9272.9
new alloc for instr 1:
B 23.418 .. 23.419 T 23.419 TT 23.419 M:   9059.7  13330.4
new alloc for instr 1:
B 23.419 .. 23.449 T 23.449 TT 23.449 M:  16579.3  15070.7
new alloc for instr 1:
B 23.449 .. 23.467 T 23.467 TT 23.467 M:  13070.2  12852.9
new alloc for instr 1:
B 23.467 .. 23.481 T 23.481 TT 23.481 M:  12252.1  12745.6
B 23.481 .. 23.516 T 23.516 TT 23.516 M:  16325.4  16156.9
B 23.516 .. 23.552 T 23.552 TT 23.552 M:  17317.5  14853.7
B 23.552 .. 23.566 T 23.566 TT 23.566 M:  18297.5  12951.8
B 23.566 .. 23.629 T 23.629 TT 23.629 M:  16314.5  14774.2
B 23.629 .. 23.723 T 23.723 TT 23.723 M:  15892.1  21156.5
B 23.723 .. 23.736 T 23.736 TT 23.736 M:  14890.1  14600.8
new alloc for instr 1:
B 23.736 .. 23.744 T 23.744 TT 23.744 M:  14867.9  16681.8
new alloc for instr 1:
B 23.744 .. 23.752 T 23.752 TT 23.752 M:  13956.2  12428.5
B 23.752 .. 23.753 T 23.753 TT 23.753 M:  13169.6   9740.6
B 23.753 .. 23.772 T 23.772 TT 23.772 M:  12754.1  14560.7
B 23.772 .. 23.806 T 23.806 TT 23.806 M:  19015.2  16360.3
B 23.806 .. 23.824 T 23.824 TT 23.824 M:  12565.1  19783.5
B 23.824 .. 23.922 T 23.922 TT 23.922 M:  18564.5  16365.7
B 23.922 .. 23.940 T 23.940 TT 23.940 M:  15194.9  14568.9
B 23.940 .. 23.957 T 23.957 TT 23.957 M:  15001.0  16223.0
B 23.957 .. 24.011 T 24.011 TT 24.011 M:  15668.1  16625.9
new alloc for instr 1:
B 24.011 .. 24.071 T 24.071 TT 24.071 M:  15144.1  14786.4
B 24.071 .. 24.091 T 24.091 TT 24.091 M:  15119.9  12365.6
B 24.091 .. 24.106 T 24.106 TT 24.106 M:  12572.2  13688.4
B 24.106 .. 24.113 T 24.113 TT 24.113 M:  11289.4  16165.6
B 24.113 .. 24.174 T 24.174 TT 24.174 M:  15502.4  15065.3
new alloc for instr 1:
B 24.174 .. 24.210 T 24.210 TT 24.210 M:  14000.7  13297.7
new alloc for instr 1:
B 24.210 .. 24.210 T 24.210 TT 24.210 M:   7799.9   9415.5
B 24.210 .. 24.216 T 24.216 TT 24.216 M:  11421.3  13971.6
B 24.216 .. 24.226 T 24.226 TT 24.226 M:  12716.4  13747.7
B 24.226 .. 24.239 T 24.239 TT 24.239 M:  11286.4  14462.9
B 24.239 .. 24.275 T 24.275 TT 24.275 M:  14296.3  15410.7
B 24.275 .. 24.283 T 24.283 TT 24.283 M:  11562.8  11169.5
B 24.283 .. 24.299 T 24.299 TT 24.299 M:  13831.8  14736.9
B 24.299 .. 24.308 T 24.308 TT 24.308 M:  17117.1  12735.2
B 24.308 .. 24.380 T 24.380 TT 24.380 M:  16337.2  14617.1
new alloc for instr 1:
B 24.380 .. 24.469 T 24.469 TT 24.469 M:  16507.2  16337.5
B 24.469 .. 24.471 T 24.471 TT 24.471 M:   8126.2   9621.6
B 24.471 .. 24.479 T 24.479 TT 24.479 M:  13968.0  12883.6
new alloc for instr 1:
B 24.479 .. 24.494 T 24.494 TT 24.494 M:  15859.4  13360.0
B 24.494 .. 24.522 T 24.522 TT 24.522 M:  15660.5  14563.4
B 24.522 .. 24.528 T 24.528 TT 24.528 M:  12291.3  13235.2
B 24.528 .. 24.534 T 24.534 TT 24.534 M:  12597.5  11705.8
B 24.534 .. 24.556 T 24.556 TT 24.556 M:  14889.0  15217.5
B 24.556 .. 24.580 T 24.580 TT 24.580 M:  15872.2  16368.7
B 24.580 .. 24.607 T 24.607 TT 24.607 M:  15743.3  14403.2
B 24.607 .. 24.616 T 24.616 TT 24.616 M:  15054.0  12795.7
B 24.616 .. 24.634 T 24.634 TT 24.634 M:  14550.2  17806.2
B 24.634 .. 24.690 T 24.690 TT 24.690 M:  17340.3  15757.8
B 24.690 .. 24.707 T 24.707 TT 24.707 M:  13396.2  12552.6
B 24.707 .. 24.762 T 24.762 TT 24.762 M:  16077.8  17976.3
B 24.762 .. 24.779 T 24.779 TT 24.779 M:  14077.6  15194.1
B 24.779 .. 24.834 T 24.834 TT 24.834 M:  19227.6  16288.0
B 24.834 .. 24.848 T 24.848 TT 24.848 M:  13695.0  14087.5
B 24.848 .. 24.874 T 24.874 TT 24.874 M:  13233.8  13800.2
B 24.874 .. 24.915 T 24.915 TT 24.915 M:  19322.5  15039.4
B 24.915 .. 24.985 T 24.985 TT 24.985 M:  16535.1  16204.9
B 24.985 .. 24.992 T 24.992 TT 24.992 M:  13502.1  13248.9
B 24.992 .. 25.026 T 25.026 TT 25.026 M:  19065.6  16851.9
B 25.026 .. 25.048 T 25.048 TT 25.048 M:  14909.7  14378.5
B 25.048 .. 25.071 T 25.071 TT 25.071 M:  13497.9  15132.7
B 25.071 .. 25.089 T 25.089 TT 25.089 M:  13398.0  18462.9
B 25.089 .. 25.098 T 25.098 TT 25.098 M:  14490.9  17397.7
B 25.098 .. 25.125 T 25.125 TT 25.125 M:  14902.1  12765.2
B 25.125 .. 25.132 T 25.132 TT 25.132 M:  12960.6  12013.8
B 25.132 .. 25.165 T 25.165 TT 25.165 M:  14962.4  13492.5
B 25.165 .. 25.207 T 25.207 TT 25.207 M:  19960.6  17499.8
B 25.207 .. 25.273 T 25.273 TT 25.273 M:  18121.0  14603.8
new alloc for instr 1:
B 25.273 .. 25.285 T 25.285 TT 25.285 M:  12982.6  17342.0
B 25.285 .. 25.305 T 25.305 TT 25.305 M:  14444.7  12140.3
B 25.305 .. 25.332 T 25.332 TT 25.332 M:  14722.9  13479.7
B 25.332 .. 25.355 T 25.355 TT 25.355 M:  19932.5  14917.7
B 25.355 .. 25.361 T 25.361 TT 25.361 M:  13764.1  12347.0
B 25.361 .. 25.365 T 25.365 TT 25.365 M:  13359.8  11264.3
B 25.365 .. 25.404 T 25.404 TT 25.404 M:  14957.9  16619.8
B 25.404 .. 25.480 T 25.480 TT 25.480 M:  17119.5  18740.4
B 25.480 .. 25.537 T 25.537 TT 25.537 M:  16105.3  16941.8
B 25.537 .. 25.576 T 25.576 TT 25.576 M:  15680.7  16484.9
B 25.576 .. 25.586 T 25.586 TT 25.586 M:  15663.8  13191.0
B 25.586 .. 25.607 T 25.607 TT 25.607 M:  14069.2  14487.7
B 25.607 .. 25.655 T 25.655 TT 25.655 M:  19577.5  17749.6
B 25.655 .. 25.672 T 25.672 TT 25.672 M:  13318.9  18549.4
B 25.672 .. 25.703 T 25.703 TT 25.703 M:  15355.3  16907.6
new alloc for instr 1:
B 25.703 .. 25.783 T 25.783 TT 25.783 M:  16225.4  14994.1
new alloc for instr 1:
B 25.783 .. 25.798 T 25.798 TT 25.798 M:  17175.9  14917.5
new alloc for instr 1:
B 25.798 .. 25.803 T 25.803 TT 25.803 M:  12193.2  11851.5
B 25.803 .. 25.818 T 25.818 TT 25.818 M:  12688.4  12393.9
B 25.818 .. 25.894 T 25.894 TT 25.894 M:  19629.8  17104.9
B 25.894 .. 25.896 T 25.896 TT 25.896 M:  12705.2  10000.7
B 25.896 .. 25.933 T 25.933 TT 25.933 M:  14469.0  16745.1
new alloc for instr 1:
B 25.933 .. 25.956 T 25.956 TT 25.956 M:  13993.0  15123.2
new alloc for instr 1:
B 25.956 .. 26.016 T 26.016 TT 26.016 M:  17824.1  16043.9
B 26.016 .. 26.020 T 26.020 TT 26.020 M:  13220.5  14534.5
B 26.020 .. 26.056 T 26.056 TT 26.056 M:  16237.9  16646.3
B 26.056 .. 26.103 T 26.103 TT 26.103 M:  17717.0  16932.0
B 26.103 .. 26.181 T 26.181 TT 26.181 M:  15765.8  16513.2
new alloc for instr 1:
B 26.181 .. 26.229 T 26.229 TT 26.229 M:  17680.4  14224.2
new alloc for instr 1:
B 26.229 .. 26.233 T 26.233 TT 26.233 M:  16548.6  13446.1
new alloc for instr 1:
B 26.233 .. 26.271 T 26.271 TT 26.271 M:  17116.2  14342.9
new alloc for instr 1:
B 26.271 .. 26.333 T 26.333 TT 26.333 M:  16168.3  14859.1
new alloc for instr 1:
B 26.333 .. 26.353 T 26.353 TT 26.353 M:  14550.1  12675.1
new alloc for instr 1:
B 26.353 .. 26.363 T 26.363 TT 26.363 M:  12977.1  13667.6
B 26.363 .. 26.384 T 26.384 TT 26.384 M:  13438.0  18866.3
B 26.384 .. 26.473 T 26.473 TT 26.473 M:  14598.3  16042.6
new alloc for instr 1:
B 26.473 .. 26.524 T 26.524 TT 26.524 M:  16080.8  17554.3
B 26.524 .. 26.567 T 26.567 TT 26.567 M:  14150.6  17976.0
B 26.567 .. 26.573 T 26.573 TT 26.573 M:  12104.2  15347.1
B 26.573 .. 26.657 T 26.657 TT 26.657 M:  15588.3  20697.8
B 26.657 .. 26.674 T 26.674 TT 26.674 M:  22055.1  21341.8
B 26.674 .. 26.703 T 26.703 TT 26.703 M:  15246.8  14190.1
B 26.703 .. 26.738 T 26.738 TT 26.738 M:  16301.9  14135.7
B 26.738 .. 26.783 T 26.783 TT 26.783 M:  18116.8  13909.4
B 26.783 .. 26.796 T 26.796 TT 26.796 M:  12503.2  13280.4
new alloc for instr 1:
B 26.796 .. 26.798 T 26.798 TT 26.798 M:   9989.0  10210.1
B 26.798 .. 26.823 T 26.823 TT 26.823 M:  15165.3  12835.5
B 26.823 .. 26.872 T 26.872 TT 26.872 M:  16091.3  17684.4
new alloc for instr 1:
B 26.872 .. 26.898 T 26.898 TT 26.898 M:  13761.3  14293.4
B 26.898 .. 26.944 T 26.944 TT 26.944 M:  15028.1  17200.3
B 26.944 .. 26.953 T 26.953 TT 26.953 M:  11739.9  13617.5
B 26.953 .. 26.975 T 26.975 TT 26.975 M:  18071.0  18423.6
B 26.975 .. 26.998 T 26.998 TT 26.998 M:  17551.2  19986.0
B 26.998 .. 27.003 T 27.003 TT 27.003 M:  11502.8  10291.9
B 27.003 .. 27.088 T 27.088 TT 27.088 M:  16474.1  15964.4
B 27.088 .. 27.107 T 27.107 TT 27.107 M:  17224.9  15491.9
B 27.107 .. 27.168 T 27.168 TT 27.168 M:  14817.9  18021.1
new alloc for instr 1:
B 27.168 .. 27.184 T 27.184 TT 27.184 M:  19860.1  18422.0
new alloc for instr 1:
B 27.184 .. 27.245 T 27.245 TT 27.245 M:  15524.2  16400.2
new alloc for instr 1:
B 27.245 .. 27.270 T 27.270 TT 27.270 M:  17456.9  18877.7
B 27.270 .. 27.282 T 27.282 TT 27.282 M:  15480.6  16062.4
B 27.282 .. 27.352 T 27.352 TT 27.352 M:  17743.4  17872.0
B 27.352 .. 27.362 T 27.362 TT 27.362 M:  12604.5  15502.5
B 27.362 .. 27.380 T 27.380 TT 27.380 M:  16760.9  18060.7
B 27.380 .. 27.426 T 27.426 TT 27.426 M:  15792.8  17952.4
B 27.426 .. 27.443 T 27.443 TT 27.443 M:  12468.1  17725.2
B 27.443 .. 27.453 T 27.453 TT 27.453 M:  12888.2  13330.1
B 27.453 .. 27.455 T 27.455 TT 27.455 M:   9968.7  10332.2
B 27.455 .. 27.552 T 27.552 TT 27.552 M:  15239.1  20334.5
B 27.552 .. 27.567 T 27.567 TT 27.567 M:  17598.0  19110.0
B 27.567 .. 27.631 T 27.631 TT 27.631 M:  15191.0  19961.9
B 27.631 .. 27.634 T 27.634 TT 27.634 M:  12200.8  17094.0
B 27.634 .. 27.634 T 27.634 TT 27.634 M:  12358.2  16761.1
B 27.634 .. 27.664 T 27.664 TT 27.664 M:  14678.5  15645.0
B 27.664 .. 27.686 T 27.686 TT 27.686 M:  16477.8  14130.5
B 27.686 .. 27.688 T 27.688 TT 27.688 M:  17030.5  14082.8
new alloc for instr 1:
B 27.688 .. 27.728 T 27.728 TT 27.728 M:  16783.3  15984.9
B 27.728 .. 27.743 T 27.743 TT 27.743 M:  16197.2  15740.0
B 27.743 .. 27.765 T 27.765 TT 27.765 M:  17658.3  14537.0
B 27.765 .. 27.791 T 27.791 TT 27.791 M:  15792.9  15252.3
B 27.791 .. 27.820 T 27.820 TT 27.820 M:  14513.4  18878.4
new alloc for instr 1:
B 27.820 .. 27.841 T 27.841 TT 27.841 M:  14216.9  19630.9
B 27.841 .. 27.864 T 27.864 TT 27.864 M:  15456.7  16375.3
B 27.864 .. 27.871 T 27.871 TT 27.871 M:  13099.0  11860.2
B 27.871 .. 27.873 T 27.873 TT 27.873 M:  13792.0  10526.8
B 27.873 .. 27.926 T 27.926 TT 27.926 M:  16209.5  16856.6
B 27.926 .. 27.992 T 27.992 TT 27.992 M:  16503.1  16152.2
B 27.992 .. 28.031 T 28.031 TT 28.031 M:  13236.9  15849.5
new alloc for instr 1:
B 28.031 .. 28.046 T 28.046 TT 28.046 M:  13138.8  15483.3
new alloc for instr 1:
B 28.046 .. 28.056 T 28.056 TT 28.056 M:  13576.9  12876.6
B 28.056 .. 28.114 T 28.114 TT 28.114 M:  19660.1  15226.9
B 28.114 .. 28.120 T 28.120 TT 28.120 M:  12597.1  13711.0
B 28.120 .. 28.143 T 28.143 TT 28.143 M:  13590.2  15092.8
B 28.143 .. 28.157 T 28.157 TT 28.157 M:  15620.5  20084.8
B 28.157 .. 28.178 T 28.178 TT 28.178 M:  14591.8  15959.5
B 28.178 .. 28.196 T 28.196 TT 28.196 M:  15928.2  17452.8
B 28.196 .. 28.230 T 28.230 TT 28.230 M:  12841.1  16626.5
B 28.230 .. 28.303 T 28.303 TT 28.303 M:  17750.6  19695.2
new alloc for instr 1:
B 28.303 .. 28.330 T 28.330 TT 28.330 M:  15042.5  14814.6
B 28.330 .. 28.341 T 28.341 TT 28.341 M:  14701.3  15416.8
B 28.341 .. 28.348 T 28.348 TT 28.348 M:  15088.6  15830.2
B 28.348 .. 28.442 T 28.442 TT 28.442 M:  17023.9  16764.8
B 28.442 .. 28.467 T 28.467 TT 28.467 M:  13697.4  15738.2
new alloc for instr 1:
B 28.467 .. 28.490 T 28.490 TT 28.490 M:  19031.2  16629.3
B 28.490 .. 28.499 T 28.499 TT 28.499 M:  13719.8  13121.2
B 28.499 .. 28.502 T 28.502 TT 28.502 M:  13900.2  12820.5
new alloc for instr 1:
B 28.502 .. 28.525 T 28.525 TT 28.525 M:  13680.9  15157.1
new alloc for instr 1:
B 28.525 .. 28.534 T 28.534 TT 28.534 M:  12886.8  12808.2
new alloc for instr 1:
B 28.534 .. 28.582 T 28.582 TT 28.582 M:  16658.9  15344.9
B 28.582 .. 28.586 T 28.586 TT 28.586 M:  15868.1  14497.3
B 28.586 .. 28.614 T 28.614 TT 28.614 M:  13486.2  15280.8
B 28.614 .. 28.626 T 28.626 TT 28.626 M:  17093.3  19200.4
B 28.626 .. 28.631 T 28.631 TT 28.631 M:  11266.7  12435.0
B 28.631 .. 28.674 T 28.674 TT 28.674 M:  16049.7  15268.1
B 28.674 .. 28.700 T 28.700 TT 28.700 M:  13347.5  14690.1
B 28.700 .. 28.734 T 28.734 TT 28.734 M:  17025.4  14316.9
B 28.734 .. 28.794 T 28.794 TT 28.794 M:  16194.1  14432.6
B 28.794 .. 28.794 T 28.794 TT 28.794 M:   5858.0   7082.0
B 28.794 .. 28.817 T 28.817 TT 28.817 M:  15700.2  16322.3
B 28.817 .. 28.898 T 28.898 TT 28.898 M:  14463.7  17219.7
B 28.898 .. 28.903 T 28.903 TT 28.903 M:  12059.2  13664.4
B 28.903 .. 28.955 T 28.955 TT 28.955 M:  15789.9  15927.5
B 28.955 .. 28.965 T 28.965 TT 28.965 M:  14029.0  14935.5
B 28.965 .. 28.987 T 28.987 TT 28.987 M:  13077.2  17210.7
B 28.987 .. 28.989 T 28.989 TT 28.989 M:  10578.1  11320.5
B 28.989 .. 29.004 T 29.004 TT 29.004 M:  14646.5  14656.2
B 29.004 .. 29.012 T 29.012 TT 29.012 M:  12172.7  11809.5
B 29.012 .. 29.046 T 29.046 TT 29.046 M:  15211.7  17395.2
B 29.046 .. 29.071 T 29.071 TT 29.071 M:  17798.9  18051.6
B 29.071 .. 29.073 T 29.073 TT 29.073 M:   9214.8  12977.2
B 29.073 .. 29.078 T 29.078 TT 29.078 M:  12089.5  11477.4
new alloc for instr 1:
B 29.078 .. 29.111 T 29.111 TT 29.111 M:  14285.8  17022.9
B 29.111 .. 29.125 T 29.125 TT 29.125 M:  15191.6  18533.1
B 29.125 .. 29.127 T 29.127 TT 29.127 M:   8057.4  11058.2
B 29.127 .. 29.130 T 29.130 TT 29.130 M:  12458.1  13668.1
B 29.130 .. 29.162 T 29.162 TT 29.162 M:  18917.7  15344.0
B 29.162 .. 29.180 T 29.180 TT 29.180 M:  15360.9  14316.5
B 29.180 .. 29.241 T 29.241 TT 29.241 M:  19648.7  17161.5
B 29.241 .. 29.249 T 29.249 TT 29.249 M:  11647.8  11750.1
B 29.249 .. 29.294 T 29.294 TT 29.294 M:  17912.4  15545.7
B 29.294 .. 29.295 T 29.295 TT 29.295 M:   7228.1  10315.6
B 29.295 .. 29.295 T 29.295 TT 29.295 M:   7681.4  10955.2
B 29.295 .. 29.337 T 29.337 TT 29.337 M:  15219.2  16266.6
B 29.337 .. 29.362 T 29.362 TT 29.362 M:  15937.0  15657.8
B 29.362 .. 29.391 T 29.391 TT 29.391 M:  15307.5  16298.3
B 29.391 .. 29.410 T 29.410 TT 29.410 M:  14060.8  16225.5
B 29.410 .. 29.456 T 29.456 TT 29.456 M:  15480.8  16270.9
B 29.456 .. 29.491 T 29.491 TT 29.491 M:  15146.6  16219.3
B 29.491 .. 29.519 T 29.519 TT 29.519 M:  16872.5  14295.1
B 29.519 .. 29.527 T 29.527 TT 29.527 M:  12204.8  13271.2
B 29.527 .. 29.543 T 29.543 TT 29.543 M:  18007.2  15229.5
B 29.543 .. 29.576 T 29.576 TT 29.576 M:  16067.8  17109.3
B 29.576 .. 29.617 T 29.617 TT 29.617 M:  14604.4  17046.3
B 29.617 .. 29.617 T 29.617 TT 29.617 M:   7898.3  11392.0
B 29.617 .. 29.640 T 29.640 TT 29.640 M:  14021.8  16156.0
B 29.640 .. 29.674 T 29.674 TT 29.674 M:  15547.0  17760.0
B 29.674 .. 29.707 T 29.707 TT 29.707 M:  12024.3  15613.3
B 29.707 .. 29.719 T 29.719 TT 29.719 M:  13157.2  15259.8
B 29.719 .. 29.732 T 29.732 TT 29.732 M:  15228.1  13900.2
B 29.732 .. 29.741 T 29.741 TT 29.741 M:  15131.0  17895.6
B 29.741 .. 29.775 T 29.775 TT 29.775 M:  16192.3  19912.5
B 29.775 .. 29.831 T 29.831 TT 29.831 M:  15933.5  17601.4
B 29.831 .. 29.872 T 29.872 TT 29.872 M:  16190.7  16322.6
B 29.872 .. 29.883 T 29.883 TT 29.883 M:  11486.0  15612.4
B 29.883 .. 29.886 T 29.886 TT 29.886 M:  13041.1  13464.6
B 29.886 .. 29.937 T 29.937 TT 29.937 M:  14342.9  19864.6
B 29.937 .. 29.953 T 29.953 TT 29.953 M:  13765.7  12623.9
B 29.953 .. 30.086 T 30.086 TT 30.086 M:  16220.7  17043.2
B 30.086 .. 30.116 T 30.116 TT 30.116 M:  15008.9  14555.9
B 30.116 .. 30.138 T 30.138 TT 30.138 M:  13558.9  16545.2
B 30.138 .. 30.218 T 30.218 TT 30.218 M:  18976.2  18090.7
B 30.218 .. 30.245 T 30.245 TT 30.245 M:  12714.6  14647.1
B 30.245 .. 30.305 T 30.305 TT 30.305 M:  18868.4  19307.4
B 30.305 .. 30.313 T 30.313 TT 30.313 M:  10419.3  13024.3
B 30.313 .. 30.400 T 30.400 TT 30.400 M:  20607.5  18217.8
B 30.400 .. 30.424 T 30.424 TT 30.424 M:  14081.4  15533.0
B 30.424 .. 30.425 T 30.425 TT 30.425 M:  11725.4  11665.0
B 30.425 .. 30.475 T 30.475 TT 30.475 M:  16583.6  16581.9
B 30.475 .. 30.584 T 30.584 TT 30.584 M:  15660.4  17048.5
B 30.584 .. 30.616 T 30.616 TT 30.616 M:  13951.5  15524.4
B 30.616 .. 30.735 T 30.735 TT 30.735 M:  18100.1  19929.8
B 30.735 .. 30.736 T 30.736 TT 30.736 M:   9523.7   8266.2
B 30.736 .. 30.755 T 30.755 TT 30.755 M:  14950.8  11962.8
B 30.755 .. 30.889 T 30.889 TT 30.889 M:  16725.5  16758.2
B 30.889 .. 30.898 T 30.898 TT 30.898 M:  11414.3  14857.1
B 30.898 .. 31.055 T 31.055 TT 31.055 M:  17639.3  16075.1
B 31.055 .. 31.096 T 31.096 TT 31.096 M:  15499.0  17126.7
B 31.096 .. 31.112 T 31.112 TT 31.112 M:  11822.8  12751.6
B 31.112 .. 31.137 T 31.137 TT 31.137 M:  13325.5  15383.9
B 31.137 .. 31.154 T 31.154 TT 31.154 M:  13602.6  11410.8
B 31.154 .. 31.203 T 31.203 TT 31.203 M:  16963.9  17344.8
B 31.203 .. 31.220 T 31.220 TT 31.220 M:  11941.8  15401.8
B 31.220 .. 31.230 T 31.230 TT 31.230 M:  15227.5  16028.1
B 31.230 .. 31.254 T 31.254 TT 31.254 M:  16119.5  15043.0
B 31.254 .. 31.304 T 31.304 TT 31.304 M:  16937.6  15139.9
B 31.304 .. 31.313 T 31.313 TT 31.313 M:  14005.3  15461.7
B 31.313 .. 31.325 T 31.325 TT 31.325 M:  13983.3  14572.1
B 31.325 .. 31.420 T 31.420 TT 31.420 M:  14382.3  14442.5
B 31.420 .. 31.518 T 31.518 TT 31.518 M:  20903.9  18417.3
B 31.518 .. 31.526 T 31.526 TT 31.526 M:  12164.2  12537.4
B 31.526 .. 31.528 T 31.528 TT 31.528 M:  11497.5  13624.4
B 31.528 .. 31.654 T 31.654 TT 31.654 M:  14736.1  14795.5
B 31.654 .. 31.679 T 31.679 TT 31.679 M:  13090.0  13480.5
B 31.679 .. 31.784 T 31.784 TT 31.784 M:  15572.1  15828.6
B 31.784 .. 31.787 T 31.787 TT 31.787 M:  12476.4  14349.3
B 31.787 .. 31.794 T 31.794 TT 31.794 M:  10817.6  13135.1
B 31.794 .. 31.818 T 31.818 TT 31.818 M:  11941.3  13574.9
B 31.818 .. 31.843 T 31.843 TT 31.843 M:  12611.5  13118.1
B 31.843 .. 31.857 T 31.857 TT 31.857 M:  12358.5  13569.3
B 31.857 .. 31.903 T 31.903 TT 31.903 M:  13917.3  15029.2
B 31.903 .. 31.910 T 31.910 TT 31.910 M:  11580.9  15731.9
B 31.910 .. 31.925 T 31.925 TT 31.925 M:  13021.6  14791.1
B 31.925 .. 32.035 T 32.035 TT 32.035 M:  14613.6  15385.9
B 32.035 .. 32.119 T 32.119 TT 32.119 M:  13714.5  14843.6
B 32.119 .. 32.247 T 32.247 TT 32.247 M:  14910.9  16615.1
B 32.247 .. 32.485 T 32.485 TT 32.485 M:  15495.8  16218.3
B 32.485 .. 32.561 T 32.561 TT 32.561 M:  15486.9  13845.5
B 32.561 .. 32.606 T 32.606 TT 32.606 M:  14212.8  14798.3
B 32.606 .. 32.606 T 32.606 TT 32.606 M:   6758.5   5828.2
B 32.606 .. 32.720 T 32.720 TT 32.720 M:  13151.2  15654.6
B 32.720 .. 32.803 T 32.803 TT 32.803 M:  14037.2  15596.4
B 32.803 .. 32.875 T 32.875 TT 32.875 M:  15943.3  17724.8
B 32.875 .. 32.901 T 32.901 TT 32.901 M:  14077.0  16897.6
B 32.901 .. 33.194 T 33.194 TT 33.194 M:  15952.6  16729.5
B 33.194 .. 33.304 T 33.304 TT 33.304 M:  13162.1  15862.1
B 33.304 .. 33.322 T 33.322 TT 33.322 M:  15023.8  12407.0
B 33.322 .. 33.393 T 33.393 TT 33.393 M:  17611.3  16924.7
B 33.393 .. 33.456 T 33.456 TT 33.456 M:  11730.0  15241.7
B 33.456 .. 33.479 T 33.479 TT 33.479 M:  10655.5  12857.5
B 33.479 .. 33.583 T 33.583 TT 33.583 M:  12789.0  15508.0
B 33.583 .. 33.596 T 33.596 TT 33.596 M:  12474.2  12812.0
B 33.596 .. 33.617 T 33.617 TT 33.617 M:  13375.8  12147.0
B 33.617 .. 33.676 T 33.676 TT 33.676 M:  12414.5  13806.3
B 33.676 .. 33.696 T 33.696 TT 33.696 M:  11816.7  12726.3
B 33.696 .. 33.853 T 33.853 TT 33.853 M:  12464.5  16856.7
B 33.853 .. 33.901 T 33.901 TT 33.901 M:  13766.5  13796.3
B 33.901 .. 33.917 T 33.917 TT 33.917 M:  14181.7  14616.6
B 33.917 .. 33.941 T 33.941 TT 33.941 M:  13490.8  17050.9
B 33.941 .. 33.957 T 33.957 TT 33.957 M:  11525.8  12369.0
B 33.957 .. 33.979 T 33.979 TT 33.979 M:  12638.8  13305.9
B 33.979 .. 34.069 T 34.069 TT 34.069 M:  16605.1  18163.7
B 34.069 .. 34.110 T 34.110 TT 34.110 M:  11471.9  12993.1
B 34.110 .. 34.366 T 34.366 TT 34.366 M:  14573.2  14217.0
B 34.366 .. 34.447 T 34.447 TT 34.447 M:  12075.9  14810.0
B 34.447 .. 34.594 T 34.594 TT 34.594 M:  12682.0  15862.0
B 34.594 .. 34.606 T 34.606 TT 34.606 M:  10698.1  14199.4
B 34.606 .. 34.732 T 34.732 TT 34.732 M:  12027.9  15029.5
B 34.732 .. 34.869 T 34.869 TT 34.869 M:  15398.8  14080.6
B 34.869 .. 34.940 T 34.940 TT 34.940 M:  11906.8  14652.9
B 34.940 .. 34.951 T 34.951 TT 34.951 M:  10844.0  13840.2
B 34.951 .. 34.965 T 34.965 TT 34.965 M:  12853.6  13628.5
B 34.965 .. 35.087 T 35.087 TT 35.087 M:  12687.0  14014.5
B 35.087 .. 35.098 T 35.098 TT 35.098 M:  12695.8  12163.1
B 35.098 .. 35.107 T 35.107 TT 35.107 M:  11230.8  10502.7
B 35.107 .. 35.130 T 35.130 TT 35.130 M:  12261.1  11548.3
B 35.130 .. 35.152 T 35.152 TT 35.152 M:  11107.9  11683.1
B 35.152 .. 35.175 T 35.175 TT 35.175 M:  11461.3  13692.3
B 35.175 .. 35.326 T 35.326 TT 35.326 M:  14181.2  16586.7
B 35.326 .. 35.326 T 35.326 TT 35.326 M:   5625.0   6796.3
B 35.326 .. 35.369 T 35.369 TT 35.369 M:  15276.8  12873.3
B 35.369 .. 35.442 T 35.442 TT 35.442 M:  11634.1  14170.0
B 35.442 .. 35.446 T 35.446 TT 35.446 M:   9347.7  11896.7
B 35.446 .. 35.479 T 35.479 TT 35.479 M:  13558.7  13691.8
B 35.479 .. 35.619 T 35.619 TT 35.619 M:  12958.7  16068.0
B 35.619 .. 35.717 T 35.717 TT 35.717 M:  12575.1  15759.6
B 35.717 .. 35.745 T 35.745 TT 35.745 M:  11158.6  11075.1
B 35.745 .. 35.953 T 35.953 TT 35.953 M:  15604.4  14555.5
B 35.953 .. 36.123 T 36.123 TT 36.123 M:  14628.7  14252.2
B 36.123 .. 36.150 T 36.150 TT 36.150 M:  13284.8  11316.3
B 36.150 .. 36.160 T 36.160 TT 36.160 M:  10628.3   8960.8
B 36.160 .. 36.238 T 36.238 TT 36.238 M:  12101.9  14275.2
B 36.238 .. 36.270 T 36.270 TT 36.270 M:   9805.0  11447.6
B 36.270 .. 36.321 T 36.321 TT 36.321 M:  10172.6  12492.3
B 36.321 .. 36.347 T 36.347 TT 36.347 M:  11234.0  12834.5
B 36.347 .. 36.392 T 36.392 TT 36.392 M:  12533.6  13390.1
B 36.392 .. 36.562 T 36.562 TT 36.562 M:  12956.0  15866.3
B 36.562 .. 36.591 T 36.591 TT 36.591 M:  10729.4  11445.6
B 36.591 .. 36.608 T 36.608 TT 36.608 M:  11123.0  12010.6
B 36.608 .. 36.629 T 36.629 TT 36.629 M:  10943.5  13964.6
B 36.629 .. 36.652 T 36.652 TT 36.652 M:  12951.6  12839.2
B 36.652 .. 36.707 T 36.707 TT 36.707 M:  11201.7  12544.1
B 36.707 .. 36.753 T 36.753 TT 36.753 M:  11932.1  14565.2
B 36.753 .. 36.795 T 36.795 TT 36.795 M:  12555.2  12684.7
B 36.795 .. 37.088 T 37.088 TT 37.088 M:  15073.9  19012.1
B 37.088 .. 37.253 T 37.253 TT 37.253 M:  13352.3  14125.6
B 37.253 .. 37.387 T 37.387 TT 37.387 M:  13705.9  13827.8
B 37.387 .. 37.484 T 37.484 TT 37.484 M:  12781.2  12773.1
B 37.484 .. 37.556 T 37.556 TT 37.556 M:  12353.7  13755.9
B 37.556 .. 37.571 T 37.571 TT 37.571 M:  13475.2  13272.3
B 37.571 .. 37.591 T 37.591 TT 37.591 M:  11733.5  12870.8
B 37.591 .. 37.641 T 37.641 TT 37.641 M:  12156.4  14008.9
B 37.641 .. 37.650 T 37.650 TT 37.650 M:   7757.6   9227.8
B 37.650 .. 37.689 T 37.689 TT 37.689 M:  10981.7  10484.3
B 37.689 .. 37.726 T 37.726 TT 37.726 M:  12226.0  10325.0
B 37.726 .. 37.763 T 37.763 TT 37.763 M:  12779.3  11793.4
B 37.763 .. 37.795 T 37.795 TT 37.795 M:  12377.8  13780.4
B 37.795 .. 37.879 T 37.879 TT 37.879 M:  13199.5  11377.7
B 37.879 .. 37.884 T 37.884 TT 37.884 M:  12317.2  10556.3
B 37.884 .. 37.893 T 37.893 TT 37.893 M:  12777.1  10720.2
B 37.893 .. 37.912 T 37.912 TT 37.912 M:  13949.9  10137.5
B 37.912 .. 37.920 T 37.920 TT 37.920 M:  10901.9   8341.3
B 37.920 .. 37.973 T 37.973 TT 37.973 M:  12843.3  11918.6
B 37.973 .. 38.111 T 38.111 TT 38.111 M:  14391.4  11606.6
B 38.111 .. 38.122 T 38.122 TT 38.122 M:  11720.4  12068.9
B 38.122 .. 38.135 T 38.135 TT 38.135 M:  10868.3  13003.4
B 38.135 .. 38.140 T 38.140 TT 38.140 M:   9196.0  10222.4
B 38.140 .. 38.154 T 38.154 TT 38.154 M:   9982.9  11479.2
B 38.154 .. 38.200 T 38.200 TT 38.200 M:  12572.4  11749.3
B 38.200 .. 38.310 T 38.310 TT 38.310 M:  11369.8  11667.6
B 38.310 .. 38.381 T 38.381 TT 38.381 M:  11008.8  12118.3
B 38.381 .. 38.539 T 38.539 TT 38.539 M:  12776.1  12899.4
B 38.539 .. 38.581 T 38.581 TT 38.581 M:  12507.2  12429.0
B 38.581 .. 38.677 T 38.677 TT 38.677 M:  12518.9  14367.8
B 38.677 .. 38.725 T 38.725 TT 38.725 M:  12460.3  11360.1
B 38.725 .. 38.748 T 38.748 TT 38.748 M:  11474.0   9703.6
B 38.748 .. 38.868 T 38.868 TT 38.868 M:  11723.0  12643.0
B 38.868 .. 38.908 T 38.908 TT 38.908 M:  12479.2  12078.0
B 38.908 .. 38.976 T 38.976 TT 38.976 M:  12505.8  13146.6
B 38.976 .. 38.980 T 38.980 TT 38.980 M:  10386.8  10474.9
B 38.980 .. 39.000 T 39.000 TT 39.000 M:   9945.8  13725.3
B 39.000 .. 39.039 T 39.039 TT 39.039 M:   9852.4  13710.9
B 39.039 .. 39.039 T 39.039 TT 39.039 M:   7616.8   5296.4
B 39.039 .. 39.489 T 39.489 TT 39.489 M:  12814.4  14480.4
B 39.489 .. 39.704 T 39.704 TT 39.704 M:  11262.6  12307.9
B 39.704 .. 39.709 T 39.709 TT 39.709 M:   8792.0   8499.3
B 39.709 .. 39.771 T 39.771 TT 39.771 M:  11883.6  10509.8
B 39.771 .. 39.837 T 39.837 TT 39.837 M:  10891.3  11093.7
B 39.837 .. 39.862 T 39.862 TT 39.862 M:  10185.9   9896.6
B 39.862 .. 39.881 T 39.881 TT 39.881 M:   9931.7   9756.6
B 39.881 .. 39.907 T 39.907 TT 39.907 M:  10636.8  11982.2
B 39.907 .. 39.982 T 39.982 TT 39.982 M:  10056.4  10266.0
B 39.982 .. 40.253 T 40.253 TT 40.253 M:  11926.8  12520.9
B 40.253 .. 40.318 T 40.318 TT 40.318 M:   9786.8   9901.0
B 40.318 .. 40.318 T 40.318 TT 40.318 M:   7150.6   5384.9
B 40.318 .. 40.426 T 40.426 TT 40.426 M:  11206.3  10304.1
B 40.426 .. 40.434 T 40.434 TT 40.434 M:  10053.0   9050.4
B 40.434 .. 40.434 T 40.434 TT 40.434 M:   6214.3   5249.1
B 40.434 .. 40.484 T 40.484 TT 40.484 M:  11221.7  12050.3
B 40.484 .. 40.603 T 40.603 TT 40.603 M:  11993.4  12927.6
B 40.603 .. 40.658 T 40.658 TT 40.658 M:  11666.6  10856.5
B 40.658 .. 40.659 T 40.659 TT 40.659 M:   6096.1   5936.3
B 40.659 .. 40.723 T 40.723 TT 40.723 M:   9750.2   9206.7
B 40.723 .. 40.747 T 40.747 TT 40.747 M:  12812.5  16001.3
B 40.747 .. 40.751 T 40.751 TT 40.751 M:   6417.3   6466.3
B 40.751 .. 40.760 T 40.760 TT 40.760 M:   8390.7  10036.4
B 40.760 .. 40.849 T 40.849 TT 40.849 M:   9991.3   9231.7
B 40.849 .. 40.888 T 40.888 TT 40.888 M:  10007.1  12623.3
B 40.888 .. 40.897 T 40.897 TT 40.897 M:   9688.1  10272.2
B 40.897 .. 40.938 T 40.938 TT 40.938 M:  12194.2  10170.7
B 40.938 .. 41.034 T 41.034 TT 41.034 M:  10177.3  11539.2
B 41.034 .. 41.146 T 41.146 TT 41.146 M:   9938.3  10980.8
B 41.146 .. 41.344 T 41.344 TT 41.344 M:  10940.9  11910.5
B 41.344 .. 41.392 T 41.392 TT 41.392 M:  11483.2  10740.0
B 41.392 .. 41.449 T 41.449 TT 41.449 M:  10658.8  10590.1
B 41.449 .. 41.657 T 41.657 TT 41.657 M:  11095.8  11262.4
B 41.657 .. 41.750 T 41.750 TT 41.750 M:  12200.8  10341.8
B 41.750 .. 41.781 T 41.781 TT 41.781 M:  11638.6  11992.3
B 41.781 .. 41.890 T 41.890 TT 41.890 M:  11423.2  10454.3
B 41.890 .. 41.955 T 41.955 TT 41.955 M:  10521.5  12287.5
B 41.955 .. 42.002 T 42.002 TT 42.002 M:  10372.5  10665.9
B 42.002 .. 42.074 T 42.074 TT 42.074 M:   9697.7  10753.4
B 42.074 .. 42.114 T 42.114 TT 42.114 M:   8725.8   9374.4
B 42.114 .. 42.217 T 42.217 TT 42.217 M:   9572.6  10391.4
B 42.217 .. 42.285 T 42.285 TT 42.285 M:   9341.9   9805.4
B 42.285 .. 42.328 T 42.328 TT 42.328 M:   7769.7   8191.6
B 42.328 .. 42.631 T 42.631 TT 42.631 M:  10462.8  12156.2
B 42.631 .. 42.800 T 42.800 TT 42.800 M:   9592.6  10515.7
B 42.800 .. 42.838 T 42.838 TT 42.838 M:   9155.8  11747.4
B 42.838 .. 42.974 T 42.974 TT 42.974 M:  10374.7   9213.5
B 42.974 .. 42.991 T 42.991 TT 42.991 M:   8384.1   9994.4
B 42.991 .. 43.018 T 43.018 TT 43.018 M:   8488.0  10899.6
B 43.018 .. 43.034 T 43.034 TT 43.034 M:   8771.1   9292.9
B 43.034 .. 43.039 T 43.039 TT 43.039 M:   5504.4   7812.3
B 43.039 .. 43.215 T 43.215 TT 43.215 M:   9345.2  10131.0
B 43.215 .. 43.244 T 43.244 TT 43.244 M:   8340.2   9379.5
B 43.244 .. 43.323 T 43.323 TT 43.323 M:   8474.1   9774.9
B 43.323 .. 43.360 T 43.360 TT 43.360 M:   8604.5  10359.5
B 43.360 .. 43.516 T 43.516 TT 43.516 M:   9964.8   8245.6
B 43.516 .. 43.533 T 43.533 TT 43.533 M:   8165.5   8365.5
B 43.533 .. 43.795 T 43.795 TT 43.795 M:  10420.5  11369.0
B 43.795 .. 44.043 T 44.043 TT 44.043 M:  10673.9   9639.1
B 44.043 .. 44.087 T 44.087 TT 44.087 M:   9709.5  10993.0
B 44.087 .. 44.712 T 44.712 TT 44.712 M:  10697.2  10673.0
B 44.712 .. 44.734 T 44.734 TT 44.734 M:   9047.8   7968.5
B 44.734 .. 44.749 T 44.749 TT 44.749 M:   9547.1   7763.8
B 44.749 .. 44.778 T 44.778 TT 44.778 M:   7853.3   7530.7
B 44.778 .. 44.827 T 44.827 TT 44.827 M:   7922.8   7280.2
B 44.827 .. 44.932 T 44.932 TT 44.932 M:  10315.0   9128.1
B 44.932 .. 45.108 T 45.108 TT 45.108 M:   8843.7   9924.1
B 45.108 .. 45.126 T 45.126 TT 45.126 M:   6195.0   6588.2
B 45.126 .. 45.127 T 45.127 TT 45.127 M:   4795.3   5761.3
B 45.127 .. 45.316 T 45.316 TT 45.316 M:   8108.9   8604.6
B 45.316 .. 45.350 T 45.350 TT 45.350 M:   6721.9   7539.5
B 45.350 .. 45.369 T 45.369 TT 45.369 M:   5681.4   6396.9
B 45.369 .. 45.387 T 45.387 TT 45.387 M:   6773.6   6709.5
B 45.387 .. 45.702 T 45.702 TT 45.702 M:   9133.2   9649.6
B 45.702 .. 45.762 T 45.762 TT 45.762 M:   8119.5   8195.7
B 45.762 .. 45.839 T 45.839 TT 45.839 M:   6351.3   7526.4
B 45.839 .. 45.919 T 45.919 TT 45.919 M:   7220.2   8947.0
B 45.919 .. 45.949 T 45.949 TT 45.949 M:   6950.7   8162.4
B 45.949 .. 46.017 T 46.017 TT 46.017 M:   7629.1  10670.5
B 46.017 .. 46.059 T 46.059 TT 46.059 M:   7528.4   7430.0
B 46.059 .. 46.063 T 46.063 TT 46.063 M:   5553.9   7352.4
B 46.063 .. 46.070 T 46.070 TT 46.070 M:   6768.4   7289.8
B 46.070 .. 46.097 T 46.097 TT 46.097 M:   8297.3   9380.7
B 46.097 .. 46.341 T 46.341 TT 46.341 M:   8440.3   9912.5
B 46.341 .. 46.464 T 46.464 TT 46.464 M:   7273.1   7224.3
B 46.464 .. 46.527 T 46.527 TT 46.527 M:   7010.5   7611.0
B 46.527 .. 46.555 T 46.555 TT 46.555 M:   7580.7   8808.8
B 46.555 .. 46.681 T 46.681 TT 46.681 M:   7556.0   7025.8
B 46.681 .. 46.691 T 46.691 TT 46.691 M:   5575.0   6318.8
B 46.691 .. 46.898 T 46.898 TT 46.898 M:   6703.4   7855.8
B 46.898 .. 46.984 T 46.984 TT 46.984 M:   7471.6   7589.3
B 46.984 .. 47.020 T 47.020 TT 47.020 M:   6538.4   7301.3
B 47.020 .. 47.169 T 47.169 TT 47.169 M:   6784.7   7231.9
B 47.169 .. 47.198 T 47.198 TT 47.198 M:   6460.9   7149.5
B 47.198 .. 47.355 T 47.355 TT 47.355 M:   6499.1   7624.5
B 47.355 .. 47.473 T 47.473 TT 47.473 M:   6685.1   7330.3
B 47.473 .. 47.479 T 47.479 TT 47.479 M:   5038.4   6851.9
B 47.479 .. 47.540 T 47.540 TT 47.540 M:   6173.7   8520.6
B 47.540 .. 47.631 T 47.631 TT 47.631 M:   6667.4   7118.1
B 47.631 .. 47.698 T 47.698 TT 47.698 M:   7078.0   7354.4
B 47.698 .. 47.739 T 47.739 TT 47.739 M:   7297.7   7746.2
B 47.739 .. 47.751 T 47.751 TT 47.751 M:   6481.8   5965.4
B 47.751 .. 47.795 T 47.795 TT 47.795 M:   5706.1   6319.6
B 47.795 .. 48.015 T 48.015 TT 48.015 M:   6072.2   7947.8
B 48.015 .. 48.256 T 48.256 TT 48.256 M:   5843.4   7206.1
B 48.256 .. 48.370 T 48.370 TT 48.370 M:   6021.5   7183.7
B 48.370 .. 48.405 T 48.405 TT 48.405 M:   6122.2   5549.0
B 48.405 .. 48.478 T 48.478 TT 48.478 M:   7208.8   5638.1
B 48.478 .. 48.516 T 48.516 TT 48.516 M:   6186.0   6498.1
B 48.516 .. 48.589 T 48.589 TT 48.589 M:   7086.8   6884.4
B 48.589 .. 48.793 T 48.793 TT 48.793 M:   6373.8   8048.5
B 48.793 .. 49.106 T 49.106 TT 49.106 M:   6175.5   5588.7
B 49.106 .. 49.237 T 49.237 TT 49.237 M:   4740.2   4601.5
B 49.237 .. 49.326 T 49.326 TT 49.326 M:   4820.9   6201.6
B 49.326 .. 49.555 T 49.555 TT 49.555 M:   6492.1   6389.2
B 49.555 .. 49.710 T 49.710 TT 49.710 M:   6887.5   6554.2
B 49.710 .. 49.897 T 49.897 TT 49.897 M:   5894.8   4731.8
B 49.897 .. 50.156 T 50.156 TT 50.156 M:   5600.4   4889.2
B 50.156 .. 50.308 T 50.308 TT 50.308 M:   4963.5   4842.4
B 50.308 .. 50.375 T 50.375 TT 50.375 M:   4181.3   4485.0
B 50.375 .. 50.476 T 50.476 TT 50.476 M:   4778.4   4757.4
B 50.476 .. 50.628 T 50.628 TT 50.628 M:   4660.4   4853.8
B 50.628 .. 50.762 T 50.762 TT 50.762 M:   4483.6   5059.0
B 50.762 .. 50.917 T 50.917 TT 50.917 M:   4116.9   4573.3
B 50.917 .. 50.995 T 50.995 TT 50.995 M:   3815.2   4072.8
B 50.995 .. 51.000 T 51.000 TT 51.000 M:   3176.3   3489.2
B 51.000 .. 51.144 T 51.144 TT 51.144 M:   4363.5   4213.9
B 51.144 .. 51.163 T 51.163 TT 51.163 M:   3904.2   3744.1
B 51.163 .. 51.172 T 51.172 TT 51.172 M:   3810.7   3711.6
B 51.172 .. 51.544 T 51.544 TT 51.544 M:   4059.0   4415.2
B 51.544 .. 51.779 T 51.779 TT 51.779 M:   3203.1   3902.0
B 51.779 .. 51.787 T 51.787 TT 51.787 M:   3044.0   3290.1
B 51.787 .. 51.965 T 51.965 TT 51.965 M:   3770.0   3716.7
B 51.965 .. 52.189 T 52.189 TT 52.189 M:   2749.0   3971.2
B 52.189 .. 52.439 T 52.439 TT 52.439 M:   2864.3   3298.1
B 52.439 .. 52.584 T 52.584 TT 52.584 M:   3032.0   2910.6
B 52.584 .. 52.619 T 52.619 TT 52.619 M:   2579.8   2683.9
B 52.619 .. 52.667 T 52.667 TT 52.667 M:   2725.5   2922.9
B 52.667 .. 52.945 T 52.945 TT 52.945 M:   2586.9   3036.0
B 52.945 .. 53.119 T 53.119 TT 53.119 M:   2164.1   2781.7
B 53.119 .. 53.148 T 53.148 TT 53.148 M:   1221.2   1906.2
B 53.148 .. 53.149 T 53.149 TT 53.149 M:    816.6    937.6
B 53.149 .. 53.160 T 53.160 TT 53.160 M:   1067.3   1825.0
B 53.160 .. 53.240 T 53.240 TT 53.240 M:   1437.7   1941.6
B 53.240 .. 53.490 T 53.490 TT 53.490 M:   1972.2   2433.0
B 53.490 .. 53.532 T 53.532 TT 53.532 M:   1596.2   2443.9
B 53.532 .. 54.130 T 54.130 TT 54.130 M:   1728.7   2388.2
B 54.130 .. 54.315 T 54.315 TT 54.315 M:   1155.1   1860.2
B 54.315 .. 54.474 T 54.474 TT 54.474 M:   1053.3   1457.4
B 54.474 .. 55.124 T 55.124 TT 55.124 M:   1231.5   1779.9
B 55.124 .. 55.704 T 55.704 TT 55.704 M:    853.6   1323.4
B 55.704 .. 55.878 T 55.878 TT 55.878 M:    588.3    458.0
B 55.878 .. 55.933 T 55.933 TT 55.933 M:    457.4    114.3
B 55.933 .. 60.000 T 60.000 TT 60.000 M:    533.5    103.5
end of score.		   overall amps:  22055.1  23541.0
	   overall samples out of range:        0        0
0 errors in performance
peak CH 1: 22055.095703  (written: 0.673068) at 1176286
peak CH 2: 23540.978516  (written: 0.718414) at 834206
2584 4096-byte soundblks of shorts written to durations1.wav (WAV)
